[8.347s] [34mcolcon[0m [1;30mDEBUG[0m [32mCommand line arguments: ['/usr/bin/colcon', 'build', '--symlink-install'][0m
[8.349s] [34mcolcon[0m [1;30mDEBUG[0m [32mParsed command line arguments: Namespace(log_base=None, log_level=None, verb_name='build', build_base='build', install_base='install', merge_install=False, symlink_install=True, test_result_base=None, continue_on_error=False, executor='parallel', parallel_workers=8, event_handlers=None, ignore_user_meta=False, metas=['./colcon.meta'], base_paths=['.'], packages_ignore=None, packages_ignore_regex=None, paths=None, packages_up_to=None, packages_up_to_regex=None, packages_above=None, packages_above_and_dependencies=None, packages_above_depth=None, packages_select_by_dep=None, packages_skip_by_dep=None, packages_skip_up_to=None, packages_select_build_failed=False, packages_skip_build_finished=False, packages_select_test_failures=False, packages_skip_test_passed=False, packages_select=None, packages_skip=None, packages_select_regex=None, packages_skip_regex=None, packages_start=None, packages_end=None, cmake_args=None, cmake_target=None, cmake_target_skip_unavailable=False, cmake_clean_cache=False, cmake_clean_first=False, cmake_force_configure=False, ament_cmake_args=None, catkin_cmake_args=None, catkin_skip_building_tests=False, verb_parser=<colcon_defaults.argument_parser.defaults.DefaultArgumentsDecorator object at 0x7f89289f60>, verb_extension=<colcon_core.verb.build.BuildVerb object at 0x7f89447340>, main=<bound method BuildVerb.main of <colcon_core.verb.build.BuildVerb object at 0x7f89447340>>)[0m
[14.938s] [34mcolcon.colcon_core.package_discovery[0m [1;30mLevel 1[0m discover_packages(colcon_meta) check parameters
[14.939s] [34mcolcon.colcon_core.package_discovery[0m [1;30mLevel 1[0m discover_packages(recursive) check parameters
[14.939s] [34mcolcon.colcon_core.package_discovery[0m [1;30mLevel 1[0m discover_packages(ignore) check parameters
[14.939s] [34mcolcon.colcon_core.package_discovery[0m [1;30mLevel 1[0m discover_packages(path) check parameters
[14.939s] [34mcolcon.colcon_core.package_discovery[0m [1;30mLevel 1[0m discover_packages(colcon_meta) discover
[14.939s] [34mcolcon.colcon_core.package_discovery[0m [1;30mLevel 1[0m discover_packages(recursive) discover
[14.940s] [34mcolcon.colcon_core.package_discovery[0m [1;30mINFO[0m Crawling recursively for packages in '/home/orangepi/ros2_workspace/NUEDC_H'
[14.940s] [34mcolcon.colcon_core.package_identification[0m [1;30mLevel 1[0m _identify(.) by extensions ['ignore', 'ignore_ament_install']
[14.941s] [34mcolcon.colcon_core.package_identification[0m [1;30mLevel 1[0m _identify(.) by extension 'ignore'
[14.941s] [34mcolcon.colcon_core.package_identification[0m [1;30mLevel 1[0m _identify(.) by extension 'ignore_ament_install'
[14.941s] [34mcolcon.colcon_core.package_identification[0m [1;30mLevel 1[0m _identify(.) by extensions ['colcon_pkg']
[14.942s] [34mcolcon.colcon_core.package_identification[0m [1;30mLevel 1[0m _identify(.) by extension 'colcon_pkg'
[14.942s] [34mcolcon.colcon_core.package_identification[0m [1;30mLevel 1[0m _identify(.) by extensions ['colcon_meta']
[14.942s] [34mcolcon.colcon_core.package_identification[0m [1;30mLevel 1[0m _identify(.) by extension 'colcon_meta'
[14.942s] [34mcolcon.colcon_core.package_identification[0m [1;30mLevel 1[0m _identify(.) by extensions ['ros']
[14.943s] [34mcolcon.colcon_core.package_identification[0m [1;30mLevel 1[0m _identify(.) by extension 'ros'
[15.115s] [34mcolcon.colcon_core.package_identification[0m [1;30mLevel 1[0m _identify(.) by extensions ['cmake', 'python']
[15.116s] [34mcolcon.colcon_core.package_identification[0m [1;30mLevel 1[0m _identify(.) by extension 'cmake'
[15.116s] [34mcolcon.colcon_core.package_identification[0m [1;30mLevel 1[0m _identify(.) by extension 'python'
[15.117s] [34mcolcon.colcon_core.package_identification[0m [1;30mLevel 1[0m _identify(.) by extensions ['python_setup_py']
[15.117s] [34mcolcon.colcon_core.package_identification[0m [1;30mLevel 1[0m _identify(.) by extension 'python_setup_py'
[15.117s] [34mcolcon.colcon_core.package_identification[0m [1;30mLevel 1[0m _identify(NUECD_H_pre_work) by extensions ['ignore', 'ignore_ament_install']
[15.118s] [34mcolcon.colcon_core.package_identification[0m [1;30mLevel 1[0m _identify(NUECD_H_pre_work) by extension 'ignore'
[15.119s] [34mcolcon.colcon_core.package_identification[0m [1;30mLevel 1[0m _identify(NUECD_H_pre_work) by extension 'ignore_ament_install'
[15.119s] [34mcolcon.colcon_core.package_identification[0m [1;30mLevel 1[0m _identify(NUECD_H_pre_work) by extensions ['colcon_pkg']
[15.119s] [34mcolcon.colcon_core.package_identification[0m [1;30mLevel 1[0m _identify(NUECD_H_pre_work) by extension 'colcon_pkg'
[15.119s] [34mcolcon.colcon_core.package_identification[0m [1;30mLevel 1[0m _identify(NUECD_H_pre_work) by extensions ['colcon_meta']
[15.120s] [34mcolcon.colcon_core.package_identification[0m [1;30mLevel 1[0m _identify(NUECD_H_pre_work) by extension 'colcon_meta'
[15.120s] [34mcolcon.colcon_core.package_identification[0m [1;30mLevel 1[0m _identify(NUECD_H_pre_work) by extensions ['ros']
[15.120s] [34mcolcon.colcon_core.package_identification[0m [1;30mLevel 1[0m _identify(NUECD_H_pre_work) by extension 'ros'
[15.121s] [34mcolcon.colcon_core.package_identification[0m [1;30mLevel 1[0m _identify(NUECD_H_pre_work) by extensions ['cmake', 'python']
[15.121s] [34mcolcon.colcon_core.package_identification[0m [1;30mLevel 1[0m _identify(NUECD_H_pre_work) by extension 'cmake'
[15.121s] [34mcolcon.colcon_core.package_identification[0m [1;30mLevel 1[0m _identify(NUECD_H_pre_work) by extension 'python'
[15.121s] [34mcolcon.colcon_core.package_identification[0m [1;30mLevel 1[0m _identify(NUECD_H_pre_work) by extensions ['python_setup_py']
[15.121s] [34mcolcon.colcon_core.package_identification[0m [1;30mLevel 1[0m _identify(NUECD_H_pre_work) by extension 'python_setup_py'
[15.122s] [34mcolcon.colcon_core.package_identification[0m [1;30mLevel 1[0m _identify(automatic_aiming) by extensions ['ignore', 'ignore_ament_install']
[15.122s] [34mcolcon.colcon_core.package_identification[0m [1;30mLevel 1[0m _identify(automatic_aiming) by extension 'ignore'
[15.123s] [34mcolcon.colcon_core.package_identification[0m [1;30mLevel 1[0m _identify(automatic_aiming) by extension 'ignore_ament_install'
[15.123s] [34mcolcon.colcon_core.package_identification[0m [1;30mLevel 1[0m _identify(automatic_aiming) by extensions ['colcon_pkg']
[15.123s] [34mcolcon.colcon_core.package_identification[0m [1;30mLevel 1[0m _identify(automatic_aiming) by extension 'colcon_pkg'
[15.123s] [34mcolcon.colcon_core.package_identification[0m [1;30mLevel 1[0m _identify(automatic_aiming) by extensions ['colcon_meta']
[15.124s] [34mcolcon.colcon_core.package_identification[0m [1;30mLevel 1[0m _identify(automatic_aiming) by extension 'colcon_meta'
[15.124s] [34mcolcon.colcon_core.package_identification[0m [1;30mLevel 1[0m _identify(automatic_aiming) by extensions ['ros']
[15.124s] [34mcolcon.colcon_core.package_identification[0m [1;30mLevel 1[0m _identify(automatic_aiming) by extension 'ros'
[15.168s] [34mcolcon.colcon_core.package_identification[0m [1;30mDEBUG[0m [32mPackage 'automatic_aiming' with type 'ros.ament_python' and name 'automatic_aiming'[0m
[15.168s] [34mcolcon.colcon_core.package_identification[0m [1;30mLevel 1[0m _identify(build) by extensions ['ignore', 'ignore_ament_install']
[15.168s] [34mcolcon.colcon_core.package_identification[0m [1;30mLevel 1[0m _identify(build) by extension 'ignore'
[15.169s] [34mcolcon.colcon_core.package_identification[0m [1;30mLevel 1[0m _identify(build) ignored
[15.169s] [34mcolcon.colcon_core.package_identification[0m [1;30mLevel 1[0m _identify(ekf_plots) by extensions ['ignore', 'ignore_ament_install']
[15.169s] [34mcolcon.colcon_core.package_identification[0m [1;30mLevel 1[0m _identify(ekf_plots) by extension 'ignore'
[15.169s] [34mcolcon.colcon_core.package_identification[0m [1;30mLevel 1[0m _identify(ekf_plots) by extension 'ignore_ament_install'
[15.169s] [34mcolcon.colcon_core.package_identification[0m [1;30mLevel 1[0m _identify(ekf_plots) by extensions ['colcon_pkg']
[15.169s] [34mcolcon.colcon_core.package_identification[0m [1;30mLevel 1[0m _identify(ekf_plots) by extension 'colcon_pkg'
[15.169s] [34mcolcon.colcon_core.package_identification[0m [1;30mLevel 1[0m _identify(ekf_plots) by extensions ['colcon_meta']
[15.170s] [34mcolcon.colcon_core.package_identification[0m [1;30mLevel 1[0m _identify(ekf_plots) by extension 'colcon_meta'
[15.170s] [34mcolcon.colcon_core.package_identification[0m [1;30mLevel 1[0m _identify(ekf_plots) by extensions ['ros']
[15.170s] [34mcolcon.colcon_core.package_identification[0m [1;30mLevel 1[0m _identify(ekf_plots) by extension 'ros'
[15.170s] [34mcolcon.colcon_core.package_identification[0m [1;30mLevel 1[0m _identify(ekf_plots) by extensions ['cmake', 'python']
[15.170s] [34mcolcon.colcon_core.package_identification[0m [1;30mLevel 1[0m _identify(ekf_plots) by extension 'cmake'
[15.170s] [34mcolcon.colcon_core.package_identification[0m [1;30mLevel 1[0m _identify(ekf_plots) by extension 'python'
[15.170s] [34mcolcon.colcon_core.package_identification[0m [1;30mLevel 1[0m _identify(ekf_plots) by extensions ['python_setup_py']
[15.170s] [34mcolcon.colcon_core.package_identification[0m [1;30mLevel 1[0m _identify(ekf_plots) by extension 'python_setup_py'
[15.170s] [34mcolcon.colcon_core.package_identification[0m [1;30mLevel 1[0m _identify(install) by extensions ['ignore', 'ignore_ament_install']
[15.170s] [34mcolcon.colcon_core.package_identification[0m [1;30mLevel 1[0m _identify(install) by extension 'ignore'
[15.171s] [34mcolcon.colcon_core.package_identification[0m [1;30mLevel 1[0m _identify(install) ignored
[15.171s] [34mcolcon.colcon_core.package_identification[0m [1;30mLevel 1[0m _identify(log) by extensions ['ignore', 'ignore_ament_install']
[15.171s] [34mcolcon.colcon_core.package_identification[0m [1;30mLevel 1[0m _identify(log) by extension 'ignore'
[15.171s] [34mcolcon.colcon_core.package_identification[0m [1;30mLevel 1[0m _identify(log) ignored
[15.171s] [34mcolcon.colcon_core.package_identification[0m [1;30mLevel 1[0m _identify(logs) by extensions ['ignore', 'ignore_ament_install']
[15.172s] [34mcolcon.colcon_core.package_identification[0m [1;30mLevel 1[0m _identify(logs) by extension 'ignore'
[15.172s] [34mcolcon.colcon_core.package_identification[0m [1;30mLevel 1[0m _identify(logs) by extension 'ignore_ament_install'
[15.172s] [34mcolcon.colcon_core.package_identification[0m [1;30mLevel 1[0m _identify(logs) by extensions ['colcon_pkg']
[15.172s] [34mcolcon.colcon_core.package_identification[0m [1;30mLevel 1[0m _identify(logs) by extension 'colcon_pkg'
[15.172s] [34mcolcon.colcon_core.package_identification[0m [1;30mLevel 1[0m _identify(logs) by extensions ['colcon_meta']
[15.172s] [34mcolcon.colcon_core.package_identification[0m [1;30mLevel 1[0m _identify(logs) by extension 'colcon_meta'
[15.172s] [34mcolcon.colcon_core.package_identification[0m [1;30mLevel 1[0m _identify(logs) by extensions ['ros']
[15.172s] [34mcolcon.colcon_core.package_identification[0m [1;30mLevel 1[0m _identify(logs) by extension 'ros'
[15.173s] [34mcolcon.colcon_core.package_identification[0m [1;30mLevel 1[0m _identify(logs) by extensions ['cmake', 'python']
[15.173s] [34mcolcon.colcon_core.package_identification[0m [1;30mLevel 1[0m _identify(logs) by extension 'cmake'
[15.173s] [34mcolcon.colcon_core.package_identification[0m [1;30mLevel 1[0m _identify(logs) by extension 'python'
[15.173s] [34mcolcon.colcon_core.package_identification[0m [1;30mLevel 1[0m _identify(logs) by extensions ['python_setup_py']
[15.173s] [34mcolcon.colcon_core.package_identification[0m [1;30mLevel 1[0m _identify(logs) by extension 'python_setup_py'
[15.173s] [34mcolcon.colcon_core.package_discovery[0m [1;30mLevel 1[0m discover_packages(recursive) using defaults
[15.173s] [34mcolcon.colcon_core.package_discovery[0m [1;30mLevel 1[0m discover_packages(ignore) discover
[15.173s] [34mcolcon.colcon_core.package_discovery[0m [1;30mLevel 1[0m discover_packages(ignore) using defaults
[15.173s] [34mcolcon.colcon_core.package_discovery[0m [1;30mLevel 1[0m discover_packages(path) discover
[15.174s] [34mcolcon.colcon_core.package_discovery[0m [1;30mLevel 1[0m discover_packages(path) using defaults
[15.339s] [34mcolcon.colcon_core.verb[0m [1;30mLevel 5[0m set package 'automatic_aiming' build argument 'cmake_args' from command line to 'None'
[15.340s] [34mcolcon.colcon_core.verb[0m [1;30mLevel 5[0m set package 'automatic_aiming' build argument 'cmake_target' from command line to 'None'
[15.340s] [34mcolcon.colcon_core.verb[0m [1;30mLevel 5[0m set package 'automatic_aiming' build argument 'cmake_target_skip_unavailable' from command line to 'False'
[15.340s] [34mcolcon.colcon_core.verb[0m [1;30mLevel 5[0m set package 'automatic_aiming' build argument 'cmake_clean_cache' from command line to 'False'
[15.340s] [34mcolcon.colcon_core.verb[0m [1;30mLevel 5[0m set package 'automatic_aiming' build argument 'cmake_clean_first' from command line to 'False'
[15.340s] [34mcolcon.colcon_core.verb[0m [1;30mLevel 5[0m set package 'automatic_aiming' build argument 'cmake_force_configure' from command line to 'False'
[15.341s] [34mcolcon.colcon_core.verb[0m [1;30mLevel 5[0m set package 'automatic_aiming' build argument 'ament_cmake_args' from command line to 'None'
[15.341s] [34mcolcon.colcon_core.verb[0m [1;30mLevel 5[0m set package 'automatic_aiming' build argument 'catkin_cmake_args' from command line to 'None'
[15.341s] [34mcolcon.colcon_core.verb[0m [1;30mLevel 5[0m set package 'automatic_aiming' build argument 'catkin_skip_building_tests' from command line to 'False'
[15.341s] [34mcolcon.colcon_core.verb[0m [1;30mDEBUG[0m [32mBuilding package 'automatic_aiming' with the following arguments: {'ament_cmake_args': None, 'build_base': '/home/orangepi/ros2_workspace/NUEDC_H/build/automatic_aiming', 'catkin_cmake_args': None, 'catkin_skip_building_tests': False, 'cmake_args': None, 'cmake_clean_cache': False, 'cmake_clean_first': False, 'cmake_force_configure': False, 'cmake_target': None, 'cmake_target_skip_unavailable': False, 'install_base': '/home/orangepi/ros2_workspace/NUEDC_H/install/automatic_aiming', 'merge_install': False, 'path': '/home/orangepi/ros2_workspace/NUEDC_H/automatic_aiming', 'symlink_install': True, 'test_result_base': None}[0m
[15.342s] [34mcolcon.colcon_core.executor[0m [1;30mINFO[0m Executing jobs using 'parallel' executor
[15.352s] [34mcolcon.colcon_parallel_executor.executor.parallel[0m [1;30mDEBUG[0m [32mrun_until_complete[0m
[15.354s] [34mcolcon.colcon_ros.task.ament_python.build[0m [1;30mINFO[0m Building ROS package in '/home/orangepi/ros2_workspace/NUEDC_H/automatic_aiming' with build type 'ament_python'
[15.354s] [34mcolcon.colcon_core.shell[0m [1;30mLevel 1[0m create_environment_hook('automatic_aiming', 'ament_prefix_path')
[15.408s] [34mcolcon.colcon_core.plugin_system[0m [1;30mINFO[0m Skipping extension 'colcon_core.shell.bat': Not used on non-Windows systems
[15.409s] [34mcolcon.colcon_core.shell[0m [1;30mINFO[0m Creating environment hook '/home/orangepi/ros2_workspace/NUEDC_H/install/automatic_aiming/share/automatic_aiming/hook/ament_prefix_path.ps1'
[15.417s] [34mcolcon.colcon_core.shell[0m [1;30mINFO[0m Creating environment descriptor '/home/orangepi/ros2_workspace/NUEDC_H/install/automatic_aiming/share/automatic_aiming/hook/ament_prefix_path.dsv'
[15.429s] [34mcolcon.colcon_core.shell[0m [1;30mINFO[0m Creating environment hook '/home/orangepi/ros2_workspace/NUEDC_H/install/automatic_aiming/share/automatic_aiming/hook/ament_prefix_path.sh'
[15.441s] [34mcolcon.colcon_core.shell[0m [1;30mINFO[0m Skip shell extension 'powershell' for command environment: Not usable outside of PowerShell
[15.442s] [34mcolcon.colcon_core.shell[0m [1;30mDEBUG[0m [32mSkip shell extension 'dsv' for command environment[0m
[15.951s] [34mcolcon.colcon_core.task.python.build[0m [1;30mINFO[0m Building Python package in '/home/orangepi/ros2_workspace/NUEDC_H/automatic_aiming'
[15.951s] [34mcolcon.colcon_core.shell[0m [1;30mINFO[0m Skip shell extension 'powershell' for command environment: Not usable outside of PowerShell
[15.952s] [34mcolcon.colcon_core.shell[0m [1;30mDEBUG[0m [32mSkip shell extension 'dsv' for command environment[0m
[17.916s] [34mcolcon.colcon_core.event_handler.log_command[0m [1;30mDEBUG[0m [32mInvoking command in '/home/orangepi/ros2_workspace/NUEDC_H/build/automatic_aiming': PYTHONPATH=/home/orangepi/ros2_workspace/NUEDC_H/build/automatic_aiming/prefix_override:/usr/lib/python3/dist-packages/colcon_core/task/python/colcon_distutils_commands:/home/orangepi/ros2_workspace/NUEDC_H/install/automatic_aiming/lib/python3.10/site-packages:${PYTHONPATH} /usr/bin/python3 -W ignore:setup.py install is deprecated -W ignore:easy_install command is deprecated setup.py develop --editable --build-directory /home/orangepi/ros2_workspace/NUEDC_H/build/automatic_aiming/build --no-deps symlink_data[0m
[18.732s] [34mcolcon.colcon_core.shell[0m [1;30mLevel 1[0m create_environment_hook('automatic_aiming', 'pythonpath_develop')
[18.733s] [34mcolcon.colcon_core.shell[0m [1;30mINFO[0m Creating environment hook '/home/orangepi/ros2_workspace/NUEDC_H/build/automatic_aiming/share/automatic_aiming/hook/pythonpath_develop.ps1'
[18.736s] [34mcolcon.colcon_core.event_handler.log_command[0m [1;30mDEBUG[0m [32mInvoked command in '/home/orangepi/ros2_workspace/NUEDC_H/build/automatic_aiming' returned '0': PYTHONPATH=/home/orangepi/ros2_workspace/NUEDC_H/build/automatic_aiming/prefix_override:/usr/lib/python3/dist-packages/colcon_core/task/python/colcon_distutils_commands:/home/orangepi/ros2_workspace/NUEDC_H/install/automatic_aiming/lib/python3.10/site-packages:${PYTHONPATH} /usr/bin/python3 -W ignore:setup.py install is deprecated -W ignore:easy_install command is deprecated setup.py develop --editable --build-directory /home/orangepi/ros2_workspace/NUEDC_H/build/automatic_aiming/build --no-deps symlink_data[0m
[18.737s] [34mcolcon.colcon_core.shell[0m [1;30mINFO[0m Creating environment descriptor '/home/orangepi/ros2_workspace/NUEDC_H/build/automatic_aiming/share/automatic_aiming/hook/pythonpath_develop.dsv'
[18.738s] [34mcolcon.colcon_core.shell[0m [1;30mINFO[0m Creating environment hook '/home/orangepi/ros2_workspace/NUEDC_H/build/automatic_aiming/share/automatic_aiming/hook/pythonpath_develop.sh'
[18.845s] [34mcolcon.colcon_core.environment[0m [1;30mLevel 1[0m checking '/home/orangepi/ros2_workspace/NUEDC_H/install/automatic_aiming' for CMake module files
[18.848s] [34mcolcon.colcon_core.environment[0m [1;30mLevel 1[0m checking '/home/orangepi/ros2_workspace/NUEDC_H/install/automatic_aiming' for CMake config files
[18.850s] [34mcolcon.colcon_core.environment[0m [1;30mLevel 1[0m checking '/home/orangepi/ros2_workspace/NUEDC_H/install/automatic_aiming/lib'
[18.851s] [34mcolcon.colcon_core.environment[0m [1;30mLevel 1[0m checking '/home/orangepi/ros2_workspace/NUEDC_H/install/automatic_aiming/bin'
[18.852s] [34mcolcon.colcon_core.environment[0m [1;30mLevel 1[0m checking '/home/orangepi/ros2_workspace/NUEDC_H/install/automatic_aiming/lib/pkgconfig/automatic_aiming.pc'
[18.853s] [34mcolcon.colcon_core.environment[0m [1;30mLevel 1[0m checking '/home/orangepi/ros2_workspace/NUEDC_H/install/automatic_aiming/lib/python3.10/site-packages'
[18.853s] [34mcolcon.colcon_core.shell[0m [1;30mLevel 1[0m create_environment_hook('automatic_aiming', 'pythonpath')
[18.854s] [34mcolcon.colcon_core.shell[0m [1;30mINFO[0m Creating environment hook '/home/orangepi/ros2_workspace/NUEDC_H/install/automatic_aiming/share/automatic_aiming/hook/pythonpath.ps1'
[18.856s] [34mcolcon.colcon_core.shell[0m [1;30mINFO[0m Creating environment descriptor '/home/orangepi/ros2_workspace/NUEDC_H/install/automatic_aiming/share/automatic_aiming/hook/pythonpath.dsv'
[18.858s] [34mcolcon.colcon_core.shell[0m [1;30mINFO[0m Creating environment hook '/home/orangepi/ros2_workspace/NUEDC_H/install/automatic_aiming/share/automatic_aiming/hook/pythonpath.sh'
[18.860s] [34mcolcon.colcon_core.environment[0m [1;30mLevel 1[0m checking '/home/orangepi/ros2_workspace/NUEDC_H/install/automatic_aiming/bin'
[18.861s] [34mcolcon.colcon_core.environment[0m [1;30mLevel 1[0m create_environment_scripts_only(automatic_aiming)
[18.863s] [34mcolcon.colcon_core.shell[0m [1;30mINFO[0m Creating package script '/home/orangepi/ros2_workspace/NUEDC_H/install/automatic_aiming/share/automatic_aiming/package.ps1'
[18.871s] [34mcolcon.colcon_core.shell[0m [1;30mINFO[0m Creating package descriptor '/home/orangepi/ros2_workspace/NUEDC_H/install/automatic_aiming/share/automatic_aiming/package.dsv'
[18.898s] [34mcolcon.colcon_core.shell[0m [1;30mINFO[0m Creating package script '/home/orangepi/ros2_workspace/NUEDC_H/install/automatic_aiming/share/automatic_aiming/package.sh'
[18.939s] [34mcolcon.colcon_core.shell[0m [1;30mINFO[0m Creating package script '/home/orangepi/ros2_workspace/NUEDC_H/install/automatic_aiming/share/automatic_aiming/package.bash'
[18.946s] [34mcolcon.colcon_core.shell[0m [1;30mINFO[0m Creating package script '/home/orangepi/ros2_workspace/NUEDC_H/install/automatic_aiming/share/automatic_aiming/package.zsh'
[18.952s] [34mcolcon.colcon_core.environment[0m [1;30mLevel 1[0m create_file_with_runtime_dependencies(/home/orangepi/ros2_workspace/NUEDC_H/install/automatic_aiming/share/colcon-core/packages/automatic_aiming)
[18.954s] [34mcolcon.colcon_parallel_executor.executor.parallel[0m [1;30mDEBUG[0m [32mclosing loop[0m
[18.955s] [34mcolcon.colcon_parallel_executor.executor.parallel[0m [1;30mDEBUG[0m [32mloop closed[0m
[18.955s] [34mcolcon.colcon_parallel_executor.executor.parallel[0m [1;30mDEBUG[0m [32mrun_until_complete finished with '0'[0m
[18.956s] [34mcolcon.colcon_core.event_reactor[0m [1;30mDEBUG[0m [32mjoining thread[0m
[18.993s] [34mcolcon.colcon_core.plugin_system[0m [1;30mINFO[0m Skipping extension 'colcon_notification.desktop_notification.terminal_notifier': Not used on non-Darwin systems
[18.993s] [34mcolcon.colcon_core.plugin_system[0m [1;30mINFO[0m Skipping extension 'colcon_notification.desktop_notification.win32': Not used on non-Windows systems
[18.993s] [34mcolcon.colcon_notification.desktop_notification[0m [1;30mINFO[0m Sending desktop notification using 'notify2'
[19.050s] [34mcolcon.colcon_core.event_reactor[0m [1;30mDEBUG[0m [32mjoined thread[0m
[19.052s] [34mcolcon.colcon_core.shell[0m [1;30mINFO[0m Creating prefix script '/home/orangepi/ros2_workspace/NUEDC_H/install/local_setup.ps1'
[19.061s] [34mcolcon.colcon_core.shell[0m [1;30mINFO[0m Creating prefix util module '/home/orangepi/ros2_workspace/NUEDC_H/install/_local_setup_util_ps1.py'
[19.073s] [34mcolcon.colcon_core.shell[0m [1;30mINFO[0m Creating prefix chain script '/home/orangepi/ros2_workspace/NUEDC_H/install/setup.ps1'
[19.080s] [34mcolcon.colcon_core.shell[0m [1;30mINFO[0m Creating prefix script '/home/orangepi/ros2_workspace/NUEDC_H/install/local_setup.sh'
[19.086s] [34mcolcon.colcon_core.shell[0m [1;30mINFO[0m Creating prefix util module '/home/orangepi/ros2_workspace/NUEDC_H/install/_local_setup_util_sh.py'
[19.089s] [34mcolcon.colcon_core.shell[0m [1;30mINFO[0m Creating prefix chain script '/home/orangepi/ros2_workspace/NUEDC_H/install/setup.sh'
[19.114s] [34mcolcon.colcon_core.shell[0m [1;30mINFO[0m Creating prefix script '/home/orangepi/ros2_workspace/NUEDC_H/install/local_setup.bash'
[19.124s] [34mcolcon.colcon_core.shell[0m [1;30mINFO[0m Creating prefix chain script '/home/orangepi/ros2_workspace/NUEDC_H/install/setup.bash'
[19.133s] [34mcolcon.colcon_core.shell[0m [1;30mINFO[0m Creating prefix script '/home/orangepi/ros2_workspace/NUEDC_H/install/local_setup.zsh'
[19.165s] [34mcolcon.colcon_core.shell[0m [1;30mINFO[0m Creating prefix chain script '/home/orangepi/ros2_workspace/NUEDC_H/install/setup.zsh'
