[0.129s] DEBUG:colcon:Command line arguments: ['/usr/bin/colcon', 'build', '--symlink-install']
[0.129s] DEBUG:colcon:Parsed command line arguments: Namespace(log_base=None, log_level=None, verb_name='build', build_base='build', install_base='install', merge_install=False, symlink_install=True, test_result_base=None, continue_on_error=False, executor='parallel', parallel_workers=8, event_handlers=None, ignore_user_meta=False, metas=['./colcon.meta'], base_paths=['.'], packages_ignore=None, packages_ignore_regex=None, paths=None, packages_up_to=None, packages_up_to_regex=None, packages_above=None, packages_above_and_dependencies=None, packages_above_depth=None, packages_select_by_dep=None, packages_skip_by_dep=None, packages_skip_up_to=None, packages_select_build_failed=False, packages_skip_build_finished=False, packages_select_test_failures=False, packages_skip_test_passed=False, packages_select=None, packages_skip=None, packages_select_regex=None, packages_skip_regex=None, packages_start=None, packages_end=None, cmake_args=None, cmake_target=None, cmake_target_skip_unavailable=False, cmake_clean_cache=False, cmake_clean_first=False, cmake_force_configure=False, ament_cmake_args=None, catkin_cmake_args=None, catkin_skip_building_tests=False, verb_parser=<colcon_defaults.argument_parser.defaults.DefaultArgumentsDecorator object at 0x7f9b2740a0>, verb_extension=<colcon_core.verb.build.BuildVerb object at 0x7f9b23f730>, main=<bound method BuildVerb.main of <colcon_core.verb.build.BuildVerb object at 0x7f9b23f730>>)
[0.314s] Level 1:colcon.colcon_core.package_discovery:discover_packages(colcon_meta) check parameters
[0.315s] Level 1:colcon.colcon_core.package_discovery:discover_packages(recursive) check parameters
[0.315s] Level 1:colcon.colcon_core.package_discovery:discover_packages(ignore) check parameters
[0.315s] Level 1:colcon.colcon_core.package_discovery:discover_packages(path) check parameters
[0.315s] Level 1:colcon.colcon_core.package_discovery:discover_packages(colcon_meta) discover
[0.315s] Level 1:colcon.colcon_core.package_discovery:discover_packages(recursive) discover
[0.315s] INFO:colcon.colcon_core.package_discovery:Crawling recursively for packages in '/home/orangepi/ros2_workspace/NUEDC_H/automatic_aiming'
[0.315s] Level 1:colcon.colcon_core.package_identification:_identify(.) by extensions ['ignore', 'ignore_ament_install']
[0.315s] Level 1:colcon.colcon_core.package_identification:_identify(.) by extension 'ignore'
[0.315s] Level 1:colcon.colcon_core.package_identification:_identify(.) by extension 'ignore_ament_install'
[0.315s] Level 1:colcon.colcon_core.package_identification:_identify(.) by extensions ['colcon_pkg']
[0.315s] Level 1:colcon.colcon_core.package_identification:_identify(.) by extension 'colcon_pkg'
[0.315s] Level 1:colcon.colcon_core.package_identification:_identify(.) by extensions ['colcon_meta']
[0.315s] Level 1:colcon.colcon_core.package_identification:_identify(.) by extension 'colcon_meta'
[0.316s] Level 1:colcon.colcon_core.package_identification:_identify(.) by extensions ['ros']
[0.316s] Level 1:colcon.colcon_core.package_identification:_identify(.) by extension 'ros'
[0.335s] DEBUG:colcon.colcon_core.package_identification:Package '.' with type 'ros.ament_python' and name 'automatic_aiming'
[0.335s] Level 1:colcon.colcon_core.package_discovery:discover_packages(recursive) using defaults
[0.335s] Level 1:colcon.colcon_core.package_discovery:discover_packages(ignore) discover
[0.336s] Level 1:colcon.colcon_core.package_discovery:discover_packages(ignore) using defaults
[0.336s] Level 1:colcon.colcon_core.package_discovery:discover_packages(path) discover
[0.336s] Level 1:colcon.colcon_core.package_discovery:discover_packages(path) using defaults
[0.360s] Level 5:colcon.colcon_core.verb:set package 'automatic_aiming' build argument 'cmake_args' from command line to 'None'
[0.360s] Level 5:colcon.colcon_core.verb:set package 'automatic_aiming' build argument 'cmake_target' from command line to 'None'
[0.360s] Level 5:colcon.colcon_core.verb:set package 'automatic_aiming' build argument 'cmake_target_skip_unavailable' from command line to 'False'
[0.360s] Level 5:colcon.colcon_core.verb:set package 'automatic_aiming' build argument 'cmake_clean_cache' from command line to 'False'
[0.360s] Level 5:colcon.colcon_core.verb:set package 'automatic_aiming' build argument 'cmake_clean_first' from command line to 'False'
[0.360s] Level 5:colcon.colcon_core.verb:set package 'automatic_aiming' build argument 'cmake_force_configure' from command line to 'False'
[0.360s] Level 5:colcon.colcon_core.verb:set package 'automatic_aiming' build argument 'ament_cmake_args' from command line to 'None'
[0.360s] Level 5:colcon.colcon_core.verb:set package 'automatic_aiming' build argument 'catkin_cmake_args' from command line to 'None'
[0.360s] Level 5:colcon.colcon_core.verb:set package 'automatic_aiming' build argument 'catkin_skip_building_tests' from command line to 'False'
[0.360s] DEBUG:colcon.colcon_core.verb:Building package 'automatic_aiming' with the following arguments: {'ament_cmake_args': None, 'build_base': '/home/orangepi/ros2_workspace/NUEDC_H/automatic_aiming/build/automatic_aiming', 'catkin_cmake_args': None, 'catkin_skip_building_tests': False, 'cmake_args': None, 'cmake_clean_cache': False, 'cmake_clean_first': False, 'cmake_force_configure': False, 'cmake_target': None, 'cmake_target_skip_unavailable': False, 'install_base': '/home/orangepi/ros2_workspace/NUEDC_H/automatic_aiming/install/automatic_aiming', 'merge_install': False, 'path': '/home/orangepi/ros2_workspace/NUEDC_H/automatic_aiming', 'symlink_install': True, 'test_result_base': None}
[0.360s] INFO:colcon.colcon_core.executor:Executing jobs using 'parallel' executor
[0.362s] DEBUG:colcon.colcon_parallel_executor.executor.parallel:run_until_complete
[0.362s] INFO:colcon.colcon_ros.task.ament_python.build:Building ROS package in '/home/orangepi/ros2_workspace/NUEDC_H/automatic_aiming' with build type 'ament_python'
[0.362s] Level 1:colcon.colcon_core.shell:create_environment_hook('automatic_aiming', 'ament_prefix_path')
[0.365s] INFO:colcon.colcon_core.plugin_system:Skipping extension 'colcon_core.shell.bat': Not used on non-Windows systems
[0.365s] INFO:colcon.colcon_core.shell:Creating environment hook '/home/orangepi/ros2_workspace/NUEDC_H/automatic_aiming/install/automatic_aiming/share/automatic_aiming/hook/ament_prefix_path.ps1'
[0.366s] INFO:colcon.colcon_core.shell:Creating environment descriptor '/home/orangepi/ros2_workspace/NUEDC_H/automatic_aiming/install/automatic_aiming/share/automatic_aiming/hook/ament_prefix_path.dsv'
[0.372s] INFO:colcon.colcon_core.shell:Creating environment hook '/home/orangepi/ros2_workspace/NUEDC_H/automatic_aiming/install/automatic_aiming/share/automatic_aiming/hook/ament_prefix_path.sh'
[0.374s] INFO:colcon.colcon_core.shell:Skip shell extension 'powershell' for command environment: Not usable outside of PowerShell
[0.374s] DEBUG:colcon.colcon_core.shell:Skip shell extension 'dsv' for command environment
[0.724s] INFO:colcon.colcon_core.task.python.build:Building Python package in '/home/orangepi/ros2_workspace/NUEDC_H/automatic_aiming'
[0.725s] INFO:colcon.colcon_core.shell:Skip shell extension 'powershell' for command environment: Not usable outside of PowerShell
[0.725s] DEBUG:colcon.colcon_core.shell:Skip shell extension 'dsv' for command environment
[1.182s] DEBUG:colcon.colcon_core.event_handler.log_command:Invoking command in '/home/orangepi/ros2_workspace/NUEDC_H/automatic_aiming/build/automatic_aiming': PYTHONPATH=/home/orangepi/ros2_workspace/NUEDC_H/automatic_aiming/build/automatic_aiming/prefix_override:/usr/lib/python3/dist-packages/colcon_core/task/python/colcon_distutils_commands:/home/orangepi/ros2_workspace/NUEDC_H/automatic_aiming/install/automatic_aiming/lib/python3.10/site-packages:${PYTHONPATH} /usr/bin/python3 -W ignore:setup.py install is deprecated -W ignore:easy_install command is deprecated setup.py develop --editable --build-directory /home/orangepi/ros2_workspace/NUEDC_H/automatic_aiming/build/automatic_aiming/build --no-deps symlink_data
[1.754s] Level 1:colcon.colcon_core.shell:create_environment_hook('automatic_aiming', 'pythonpath_develop')
[1.755s] INFO:colcon.colcon_core.shell:Creating environment hook '/home/orangepi/ros2_workspace/NUEDC_H/automatic_aiming/build/automatic_aiming/share/automatic_aiming/hook/pythonpath_develop.ps1'
[1.756s] DEBUG:colcon.colcon_core.event_handler.log_command:Invoked command in '/home/orangepi/ros2_workspace/NUEDC_H/automatic_aiming/build/automatic_aiming' returned '0': PYTHONPATH=/home/orangepi/ros2_workspace/NUEDC_H/automatic_aiming/build/automatic_aiming/prefix_override:/usr/lib/python3/dist-packages/colcon_core/task/python/colcon_distutils_commands:/home/orangepi/ros2_workspace/NUEDC_H/automatic_aiming/install/automatic_aiming/lib/python3.10/site-packages:${PYTHONPATH} /usr/bin/python3 -W ignore:setup.py install is deprecated -W ignore:easy_install command is deprecated setup.py develop --editable --build-directory /home/orangepi/ros2_workspace/NUEDC_H/automatic_aiming/build/automatic_aiming/build --no-deps symlink_data
[1.758s] INFO:colcon.colcon_core.shell:Creating environment descriptor '/home/orangepi/ros2_workspace/NUEDC_H/automatic_aiming/build/automatic_aiming/share/automatic_aiming/hook/pythonpath_develop.dsv'
[1.765s] INFO:colcon.colcon_core.shell:Creating environment hook '/home/orangepi/ros2_workspace/NUEDC_H/automatic_aiming/build/automatic_aiming/share/automatic_aiming/hook/pythonpath_develop.sh'
[1.777s] Level 1:colcon.colcon_core.environment:checking '/home/orangepi/ros2_workspace/NUEDC_H/automatic_aiming/install/automatic_aiming' for CMake module files
[1.780s] Level 1:colcon.colcon_core.environment:checking '/home/orangepi/ros2_workspace/NUEDC_H/automatic_aiming/install/automatic_aiming' for CMake config files
[1.783s] Level 1:colcon.colcon_core.environment:checking '/home/orangepi/ros2_workspace/NUEDC_H/automatic_aiming/install/automatic_aiming/lib'
[1.783s] Level 1:colcon.colcon_core.environment:checking '/home/orangepi/ros2_workspace/NUEDC_H/automatic_aiming/install/automatic_aiming/bin'
[1.783s] Level 1:colcon.colcon_core.environment:checking '/home/orangepi/ros2_workspace/NUEDC_H/automatic_aiming/install/automatic_aiming/lib/pkgconfig/automatic_aiming.pc'
[1.785s] Level 1:colcon.colcon_core.environment:checking '/home/orangepi/ros2_workspace/NUEDC_H/automatic_aiming/install/automatic_aiming/lib/python3.10/site-packages'
[1.785s] Level 1:colcon.colcon_core.shell:create_environment_hook('automatic_aiming', 'pythonpath')
[1.786s] INFO:colcon.colcon_core.shell:Creating environment hook '/home/orangepi/ros2_workspace/NUEDC_H/automatic_aiming/install/automatic_aiming/share/automatic_aiming/hook/pythonpath.ps1'
[1.788s] INFO:colcon.colcon_core.shell:Creating environment descriptor '/home/orangepi/ros2_workspace/NUEDC_H/automatic_aiming/install/automatic_aiming/share/automatic_aiming/hook/pythonpath.dsv'
[1.795s] INFO:colcon.colcon_core.shell:Creating environment hook '/home/orangepi/ros2_workspace/NUEDC_H/automatic_aiming/install/automatic_aiming/share/automatic_aiming/hook/pythonpath.sh'
[1.797s] Level 1:colcon.colcon_core.environment:checking '/home/orangepi/ros2_workspace/NUEDC_H/automatic_aiming/install/automatic_aiming/bin'
[1.797s] Level 1:colcon.colcon_core.environment:create_environment_scripts_only(automatic_aiming)
[1.799s] INFO:colcon.colcon_core.shell:Creating package script '/home/orangepi/ros2_workspace/NUEDC_H/automatic_aiming/install/automatic_aiming/share/automatic_aiming/package.ps1'
[1.803s] INFO:colcon.colcon_core.shell:Creating package descriptor '/home/orangepi/ros2_workspace/NUEDC_H/automatic_aiming/install/automatic_aiming/share/automatic_aiming/package.dsv'
[1.807s] INFO:colcon.colcon_core.shell:Creating package script '/home/orangepi/ros2_workspace/NUEDC_H/automatic_aiming/install/automatic_aiming/share/automatic_aiming/package.sh'
[1.811s] INFO:colcon.colcon_core.shell:Creating package script '/home/orangepi/ros2_workspace/NUEDC_H/automatic_aiming/install/automatic_aiming/share/automatic_aiming/package.bash'
[1.814s] INFO:colcon.colcon_core.shell:Creating package script '/home/orangepi/ros2_workspace/NUEDC_H/automatic_aiming/install/automatic_aiming/share/automatic_aiming/package.zsh'
[1.818s] Level 1:colcon.colcon_core.environment:create_file_with_runtime_dependencies(/home/orangepi/ros2_workspace/NUEDC_H/automatic_aiming/install/automatic_aiming/share/colcon-core/packages/automatic_aiming)
[1.819s] DEBUG:colcon.colcon_parallel_executor.executor.parallel:closing loop
[1.821s] DEBUG:colcon.colcon_parallel_executor.executor.parallel:loop closed
[1.821s] DEBUG:colcon.colcon_parallel_executor.executor.parallel:run_until_complete finished with '0'
[1.822s] DEBUG:colcon.colcon_core.event_reactor:joining thread
[1.838s] INFO:colcon.colcon_core.plugin_system:Skipping extension 'colcon_notification.desktop_notification.terminal_notifier': Not used on non-Darwin systems
[1.838s] INFO:colcon.colcon_core.plugin_system:Skipping extension 'colcon_notification.desktop_notification.win32': Not used on non-Windows systems
[1.838s] INFO:colcon.colcon_notification.desktop_notification:Sending desktop notification using 'notify2'
[26.845s] DEBUG:colcon.colcon_notification.desktop_notification.notify2:Failed to initialize notify2: org.freedesktop.DBus.Error.NoReply: Did not receive a reply. Possible causes include: the remote application did not send a reply, the message bus security policy blocked the reply, the reply timeout expired, or the network connection was broken.
[26.846s] DEBUG:colcon.colcon_core.event_reactor:joined thread
[26.847s] INFO:colcon.colcon_core.shell:Creating prefix script '/home/orangepi/ros2_workspace/NUEDC_H/automatic_aiming/install/local_setup.ps1'
[26.852s] INFO:colcon.colcon_core.shell:Creating prefix util module '/home/orangepi/ros2_workspace/NUEDC_H/automatic_aiming/install/_local_setup_util_ps1.py'
[26.859s] INFO:colcon.colcon_core.shell:Creating prefix chain script '/home/orangepi/ros2_workspace/NUEDC_H/automatic_aiming/install/setup.ps1'
[26.862s] INFO:colcon.colcon_core.shell:Creating prefix script '/home/orangepi/ros2_workspace/NUEDC_H/automatic_aiming/install/local_setup.sh'
[26.863s] INFO:colcon.colcon_core.shell:Creating prefix util module '/home/orangepi/ros2_workspace/NUEDC_H/automatic_aiming/install/_local_setup_util_sh.py'
[26.864s] INFO:colcon.colcon_core.shell:Creating prefix chain script '/home/orangepi/ros2_workspace/NUEDC_H/automatic_aiming/install/setup.sh'
[26.867s] INFO:colcon.colcon_core.shell:Creating prefix script '/home/orangepi/ros2_workspace/NUEDC_H/automatic_aiming/install/local_setup.bash'
[26.868s] INFO:colcon.colcon_core.shell:Creating prefix chain script '/home/orangepi/ros2_workspace/NUEDC_H/automatic_aiming/install/setup.bash'
[26.870s] INFO:colcon.colcon_core.shell:Creating prefix script '/home/orangepi/ros2_workspace/NUEDC_H/automatic_aiming/install/local_setup.zsh'
[26.871s] INFO:colcon.colcon_core.shell:Creating prefix chain script '/home/orangepi/ros2_workspace/NUEDC_H/automatic_aiming/install/setup.zsh'
