[1.023s] Invoking command in '/home/orangepi/ros2_workspace/NUEDC_H/automatic_aiming/build/automatic_aiming': PYTHONPATH=/home/orangepi/ros2_workspace/NUEDC_H/automatic_aiming/build/automatic_aiming/prefix_override:/usr/lib/python3/dist-packages/colcon_core/task/python/colcon_distutils_commands:/home/orangepi/ros2_workspace/NUEDC_H/automatic_aiming/install/automatic_aiming/lib/python3.10/site-packages:${PYTHONPATH} /usr/bin/python3 -W ignore:setup.py install is deprecated -W ignore:easy_install command is deprecated setup.py develop --editable --build-directory /home/orangepi/ros2_workspace/NUEDC_H/automatic_aiming/build/automatic_aiming/build --no-deps symlink_data
[1.360s] running develop
[1.525s] running egg_info
[1.525s] writing automatic_aiming.egg-info/PKG-INFO
[1.525s] writing dependency_links to automatic_aiming.egg-info/dependency_links.txt
[1.532s] writing entry points to automatic_aiming.egg-info/entry_points.txt
[1.533s] writing requirements to automatic_aiming.egg-info/requires.txt
[1.534s] writing top-level names to automatic_aiming.egg-info/top_level.txt
[1.537s] reading manifest file 'automatic_aiming.egg-info/SOURCES.txt'
[1.539s] writing manifest file 'automatic_aiming.egg-info/SOURCES.txt'
[1.541s] running build_ext
[1.541s] Creating /home/orangepi/ros2_workspace/NUEDC_H/automatic_aiming/install/automatic_aiming/lib/python3.10/site-packages/automatic-aiming.egg-link (link to .)
[1.542s] Installing camera_publisher script to /home/orangepi/ros2_workspace/NUEDC_H/automatic_aiming/install/automatic_aiming/lib/automatic_aiming
[1.542s] Installing circle_calc_perspective script to /home/orangepi/ros2_workspace/NUEDC_H/automatic_aiming/install/automatic_aiming/lib/automatic_aiming
[1.542s] Installing ekf_filter_node script to /home/orangepi/ros2_workspace/NUEDC_H/automatic_aiming/install/automatic_aiming/lib/automatic_aiming
[1.542s] Installing gimbal_controller script to /home/orangepi/ros2_workspace/NUEDC_H/automatic_aiming/install/automatic_aiming/lib/automatic_aiming
[1.542s] Installing laser_tuner script to /home/orangepi/ros2_workspace/NUEDC_H/automatic_aiming/install/automatic_aiming/lib/automatic_aiming
[1.542s] Installing main_controller script to /home/orangepi/ros2_workspace/NUEDC_H/automatic_aiming/install/automatic_aiming/lib/automatic_aiming
[1.543s] Installing target_detect script to /home/orangepi/ros2_workspace/NUEDC_H/automatic_aiming/install/automatic_aiming/lib/automatic_aiming
[1.543s] Installing test_node script to /home/orangepi/ros2_workspace/NUEDC_H/automatic_aiming/install/automatic_aiming/lib/automatic_aiming
[1.543s] Installing uart1_receiver script to /home/orangepi/ros2_workspace/NUEDC_H/automatic_aiming/install/automatic_aiming/lib/automatic_aiming
[1.543s] Installing uart1_sender script to /home/orangepi/ros2_workspace/NUEDC_H/automatic_aiming/install/automatic_aiming/lib/automatic_aiming
[1.543s] Installing uart3_receiver script to /home/orangepi/ros2_workspace/NUEDC_H/automatic_aiming/install/automatic_aiming/lib/automatic_aiming
[1.543s] Installing uart3_sender script to /home/orangepi/ros2_workspace/NUEDC_H/automatic_aiming/install/automatic_aiming/lib/automatic_aiming
[1.543s] Installing warp_data_publisher script to /home/orangepi/ros2_workspace/NUEDC_H/automatic_aiming/install/automatic_aiming/lib/automatic_aiming
[1.544s] 
[1.544s] Installed /home/orangepi/ros2_workspace/NUEDC_H/automatic_aiming/build/automatic_aiming
[1.544s] running symlink_data
[1.603s] Invoked command in '/home/orangepi/ros2_workspace/NUEDC_H/automatic_aiming/build/automatic_aiming' returned '0': PYTHONPATH=/home/orangepi/ros2_workspace/NUEDC_H/automatic_aiming/build/automatic_aiming/prefix_override:/usr/lib/python3/dist-packages/colcon_core/task/python/colcon_distutils_commands:/home/orangepi/ros2_workspace/NUEDC_H/automatic_aiming/install/automatic_aiming/lib/python3.10/site-packages:${PYTHONPATH} /usr/bin/python3 -W ignore:setup.py install is deprecated -W ignore:easy_install command is deprecated setup.py develop --editable --build-directory /home/orangepi/ros2_workspace/NUEDC_H/automatic_aiming/build/automatic_aiming/build --no-deps symlink_data
