[18:42:31] [INFO] === 自动瞄准系统启动脚本 ===
[18:42:31] [INFO] 工作空间: /home/orangepi/ros2_workspace/NUEDC_H/automatic_aiming/script
[18:42:31] [INFO] 日志目录: /home/orangepi/ros2_workspace/NUEDC_H/automatic_aiming/script/logs
[18:42:31] [INFO] 检查ROS2环境...
[18:42:31] [INFO] 加载ROS2环境...
[18:42:31] [INFO] 功能包未构建，正在构建...
[18:42:34] [INFO] 开始启动所有节点...
[18:42:34] [INFO] 启动节点: main_controller
[18:42:34] [INFO] 节点 main_controller 已启动，PID: 120894，日志文件: /home/orangepi/ros2_workspace/NUEDC_H/automatic_aiming/script/logs/main_controller_18-42-31.log
[18:42:34] [main_controller] Package 'automatic_aiming' not found
[18:42:35] [INFO] 启动节点: target_detect
[18:42:35] [INFO] 节点 target_detect 已启动，PID: 120905，日志文件: /home/orangepi/ros2_workspace/NUEDC_H/automatic_aiming/script/logs/target_detect_18-42-31.log
[18:42:35] [target_detect] Package 'automatic_aiming' not found
[18:42:37] [INFO] 启动节点: gimbal_controller
[18:42:37] [INFO] 节点 gimbal_controller 已启动，PID: 120953，日志文件: /home/orangepi/ros2_workspace/NUEDC_H/automatic_aiming/script/logs/gimbal_controller_18-42-31.log
[18:42:37] [gimbal_controller] Package 'automatic_aiming' not found
[18:42:38] [INFO] 启动节点: uart1_receiver
[18:42:38] [INFO] 节点 uart1_receiver 已启动，PID: 121033，日志文件: /home/orangepi/ros2_workspace/NUEDC_H/automatic_aiming/script/logs/uart1_receiver_18-42-31.log
[18:42:39] [uart1_receiver] Package 'automatic_aiming' not found
[18:42:40] [INFO] 启动节点: uart1_sender
[18:42:40] [INFO] 节点 uart1_sender 已启动，PID: 121077，日志文件: /home/orangepi/ros2_workspace/NUEDC_H/automatic_aiming/script/logs/uart1_sender_18-42-31.log
[18:42:40] [uart1_sender] Package 'automatic_aiming' not found
[18:42:41] [INFO] 启动节点: uart3_receiver
[18:42:41] [INFO] 节点 uart3_receiver 已启动，PID: 121103，日志文件: /home/orangepi/ros2_workspace/NUEDC_H/automatic_aiming/script/logs/uart3_receiver_18-42-31.log
[18:42:43] [INFO] 启动节点: uart3_sender
[18:42:43] [INFO] 节点 uart3_sender 已启动，PID: 121134，日志文件: /home/orangepi/ros2_workspace/NUEDC_H/automatic_aiming/script/logs/uart3_sender_18-42-31.log
[18:42:44] [INFO] 启动节点: circle_calc_perspective
[18:42:44] [INFO] 节点 circle_calc_perspective 已启动，PID: 121190，日志文件: /home/orangepi/ros2_workspace/NUEDC_H/automatic_aiming/script/logs/circle_calc_perspective_18-42-31.log
[18:42:46] [INFO] 所有节点启动完成
[18:42:48] [uart3_receiver] Package 'automatic_aiming' not found
[18:42:48] [circle_calc_perspective] Package 'automatic_aiming' not found
[18:42:48] [uart3_sender] Package 'automatic_aiming' not found
[18:42:50] [ERROR] 所有节点已意外退出
[18:42:50] [INFO] 收到退出信号，正在关闭所有节点...
[18:42:52] [INFO] 所有节点已关闭
[18:58:24] [INFO] 收到退出信号，正在关闭所有节点...
[18:58:26] [INFO] 所有节点已关闭
