[0.314s] DEBUG:colcon:Command line arguments: ['/usr/bin/colcon', 'build', '--symlink-install']
[0.314s] DEBUG:colcon:Parsed command line arguments: Namespace(log_base=None, log_level=None, verb_name='build', build_base='build', install_base='install', merge_install=False, symlink_install=True, test_result_base=None, continue_on_error=False, executor='parallel', parallel_workers=8, event_handlers=None, ignore_user_meta=False, metas=['./colcon.meta'], base_paths=['.'], packages_ignore=None, packages_ignore_regex=None, paths=None, packages_up_to=None, packages_up_to_regex=None, packages_above=None, packages_above_and_dependencies=None, packages_above_depth=None, packages_select_by_dep=None, packages_skip_by_dep=None, packages_skip_up_to=None, packages_select_build_failed=False, packages_skip_build_finished=False, packages_select_test_failures=False, packages_skip_test_passed=False, packages_select=None, packages_skip=None, packages_select_regex=None, packages_skip_regex=None, packages_start=None, packages_end=None, cmake_args=None, cmake_target=None, cmake_target_skip_unavailable=False, cmake_clean_cache=False, cmake_clean_first=False, cmake_force_configure=False, ament_cmake_args=None, catkin_cmake_args=None, catkin_skip_building_tests=False, verb_parser=<colcon_defaults.argument_parser.defaults.DefaultArgumentsDecorator object at 0x7f9f9640a0>, verb_extension=<colcon_core.verb.build.BuildVerb object at 0x7f9f92f730>, main=<bound method BuildVerb.main of <colcon_core.verb.build.BuildVerb object at 0x7f9f92f730>>)
[0.770s] Level 1:colcon.colcon_core.package_discovery:discover_packages(colcon_meta) check parameters
[0.771s] Level 1:colcon.colcon_core.package_discovery:discover_packages(recursive) check parameters
[0.771s] Level 1:colcon.colcon_core.package_discovery:discover_packages(ignore) check parameters
[0.771s] Level 1:colcon.colcon_core.package_discovery:discover_packages(path) check parameters
[0.771s] Level 1:colcon.colcon_core.package_discovery:discover_packages(colcon_meta) discover
[0.771s] Level 1:colcon.colcon_core.package_discovery:discover_packages(recursive) discover
[0.771s] INFO:colcon.colcon_core.package_discovery:Crawling recursively for packages in '/home/orangepi/ros2_workspace/NUEDC_H/automatic_aiming'
[0.771s] Level 1:colcon.colcon_core.package_identification:_identify(.) by extensions ['ignore', 'ignore_ament_install']
[0.771s] Level 1:colcon.colcon_core.package_identification:_identify(.) by extension 'ignore'
[0.771s] Level 1:colcon.colcon_core.package_identification:_identify(.) by extension 'ignore_ament_install'
[0.772s] Level 1:colcon.colcon_core.package_identification:_identify(.) by extensions ['colcon_pkg']
[0.772s] Level 1:colcon.colcon_core.package_identification:_identify(.) by extension 'colcon_pkg'
[0.772s] Level 1:colcon.colcon_core.package_identification:_identify(.) by extensions ['colcon_meta']
[0.772s] Level 1:colcon.colcon_core.package_identification:_identify(.) by extension 'colcon_meta'
[0.772s] Level 1:colcon.colcon_core.package_identification:_identify(.) by extensions ['ros']
[0.772s] Level 1:colcon.colcon_core.package_identification:_identify(.) by extension 'ros'
[0.816s] DEBUG:colcon.colcon_core.package_identification:Package '.' with type 'ros.ament_python' and name 'automatic_aiming'
[0.816s] Level 1:colcon.colcon_core.package_discovery:discover_packages(recursive) using defaults
[0.816s] Level 1:colcon.colcon_core.package_discovery:discover_packages(ignore) discover
[0.816s] Level 1:colcon.colcon_core.package_discovery:discover_packages(ignore) using defaults
[0.816s] Level 1:colcon.colcon_core.package_discovery:discover_packages(path) discover
[0.816s] Level 1:colcon.colcon_core.package_discovery:discover_packages(path) using defaults
[0.870s] Level 5:colcon.colcon_core.verb:set package 'automatic_aiming' build argument 'cmake_args' from command line to 'None'
[0.871s] Level 5:colcon.colcon_core.verb:set package 'automatic_aiming' build argument 'cmake_target' from command line to 'None'
[0.871s] Level 5:colcon.colcon_core.verb:set package 'automatic_aiming' build argument 'cmake_target_skip_unavailable' from command line to 'False'
[0.871s] Level 5:colcon.colcon_core.verb:set package 'automatic_aiming' build argument 'cmake_clean_cache' from command line to 'False'
[0.871s] Level 5:colcon.colcon_core.verb:set package 'automatic_aiming' build argument 'cmake_clean_first' from command line to 'False'
[0.871s] Level 5:colcon.colcon_core.verb:set package 'automatic_aiming' build argument 'cmake_force_configure' from command line to 'False'
[0.871s] Level 5:colcon.colcon_core.verb:set package 'automatic_aiming' build argument 'ament_cmake_args' from command line to 'None'
[0.871s] Level 5:colcon.colcon_core.verb:set package 'automatic_aiming' build argument 'catkin_cmake_args' from command line to 'None'
[0.871s] Level 5:colcon.colcon_core.verb:set package 'automatic_aiming' build argument 'catkin_skip_building_tests' from command line to 'False'
[0.871s] DEBUG:colcon.colcon_core.verb:Building package 'automatic_aiming' with the following arguments: {'ament_cmake_args': None, 'build_base': '/home/orangepi/ros2_workspace/NUEDC_H/automatic_aiming/build/automatic_aiming', 'catkin_cmake_args': None, 'catkin_skip_building_tests': False, 'cmake_args': None, 'cmake_clean_cache': False, 'cmake_clean_first': False, 'cmake_force_configure': False, 'cmake_target': None, 'cmake_target_skip_unavailable': False, 'install_base': '/home/orangepi/ros2_workspace/NUEDC_H/automatic_aiming/install/automatic_aiming', 'merge_install': False, 'path': '/home/orangepi/ros2_workspace/NUEDC_H/automatic_aiming', 'symlink_install': True, 'test_result_base': None}
[0.871s] INFO:colcon.colcon_core.executor:Executing jobs using 'parallel' executor
[0.873s] DEBUG:colcon.colcon_parallel_executor.executor.parallel:run_until_complete
[0.874s] INFO:colcon.colcon_ros.task.ament_python.build:Building ROS package in '/home/orangepi/ros2_workspace/NUEDC_H/automatic_aiming' with build type 'ament_python'
[0.874s] Level 1:colcon.colcon_core.shell:create_environment_hook('automatic_aiming', 'ament_prefix_path')
[0.882s] INFO:colcon.colcon_core.plugin_system:Skipping extension 'colcon_core.shell.bat': Not used on non-Windows systems
[0.882s] INFO:colcon.colcon_core.shell:Creating environment hook '/home/orangepi/ros2_workspace/NUEDC_H/automatic_aiming/install/automatic_aiming/share/automatic_aiming/hook/ament_prefix_path.ps1'
[0.885s] INFO:colcon.colcon_core.shell:Creating environment descriptor '/home/orangepi/ros2_workspace/NUEDC_H/automatic_aiming/install/automatic_aiming/share/automatic_aiming/hook/ament_prefix_path.dsv'
[0.887s] INFO:colcon.colcon_core.shell:Creating environment hook '/home/orangepi/ros2_workspace/NUEDC_H/automatic_aiming/install/automatic_aiming/share/automatic_aiming/hook/ament_prefix_path.sh'
[0.890s] INFO:colcon.colcon_core.shell:Skip shell extension 'powershell' for command environment: Not usable outside of PowerShell
[0.890s] DEBUG:colcon.colcon_core.shell:Skip shell extension 'dsv' for command environment
[1.329s] INFO:colcon.colcon_core.task.python.build:Building Python package in '/home/orangepi/ros2_workspace/NUEDC_H/automatic_aiming'
[1.330s] INFO:colcon.colcon_core.shell:Skip shell extension 'powershell' for command environment: Not usable outside of PowerShell
[1.330s] DEBUG:colcon.colcon_core.shell:Skip shell extension 'dsv' for command environment
[1.939s] DEBUG:colcon.colcon_core.event_handler.log_command:Invoking command in '/home/orangepi/ros2_workspace/NUEDC_H/automatic_aiming/build/automatic_aiming': PYTHONPATH=/home/orangepi/ros2_workspace/NUEDC_H/automatic_aiming/build/automatic_aiming/prefix_override:/usr/lib/python3/dist-packages/colcon_core/task/python/colcon_distutils_commands:/home/orangepi/ros2_workspace/NUEDC_H/automatic_aiming/install/automatic_aiming/lib/python3.10/site-packages:${PYTHONPATH} /usr/bin/python3 -W ignore:setup.py install is deprecated -W ignore:easy_install command is deprecated setup.py develop --editable --build-directory /home/orangepi/ros2_workspace/NUEDC_H/automatic_aiming/build/automatic_aiming/build --no-deps symlink_data
[2.551s] Level 1:colcon.colcon_core.shell:create_environment_hook('automatic_aiming', 'pythonpath_develop')
[2.552s] INFO:colcon.colcon_core.shell:Creating environment hook '/home/orangepi/ros2_workspace/NUEDC_H/automatic_aiming/build/automatic_aiming/share/automatic_aiming/hook/pythonpath_develop.ps1'
[2.555s] DEBUG:colcon.colcon_core.event_handler.log_command:Invoked command in '/home/orangepi/ros2_workspace/NUEDC_H/automatic_aiming/build/automatic_aiming' returned '0': PYTHONPATH=/home/orangepi/ros2_workspace/NUEDC_H/automatic_aiming/build/automatic_aiming/prefix_override:/usr/lib/python3/dist-packages/colcon_core/task/python/colcon_distutils_commands:/home/orangepi/ros2_workspace/NUEDC_H/automatic_aiming/install/automatic_aiming/lib/python3.10/site-packages:${PYTHONPATH} /usr/bin/python3 -W ignore:setup.py install is deprecated -W ignore:easy_install command is deprecated setup.py develop --editable --build-directory /home/orangepi/ros2_workspace/NUEDC_H/automatic_aiming/build/automatic_aiming/build --no-deps symlink_data
[2.556s] INFO:colcon.colcon_core.shell:Creating environment descriptor '/home/orangepi/ros2_workspace/NUEDC_H/automatic_aiming/build/automatic_aiming/share/automatic_aiming/hook/pythonpath_develop.dsv'
[2.562s] INFO:colcon.colcon_core.shell:Creating environment hook '/home/orangepi/ros2_workspace/NUEDC_H/automatic_aiming/build/automatic_aiming/share/automatic_aiming/hook/pythonpath_develop.sh'
[2.581s] Level 1:colcon.colcon_core.environment:checking '/home/orangepi/ros2_workspace/NUEDC_H/automatic_aiming/install/automatic_aiming' for CMake module files
[2.585s] Level 1:colcon.colcon_core.environment:checking '/home/orangepi/ros2_workspace/NUEDC_H/automatic_aiming/install/automatic_aiming' for CMake config files
[2.588s] Level 1:colcon.colcon_core.environment:checking '/home/orangepi/ros2_workspace/NUEDC_H/automatic_aiming/install/automatic_aiming/lib'
[2.589s] Level 1:colcon.colcon_core.environment:checking '/home/orangepi/ros2_workspace/NUEDC_H/automatic_aiming/install/automatic_aiming/bin'
[2.589s] Level 1:colcon.colcon_core.environment:checking '/home/orangepi/ros2_workspace/NUEDC_H/automatic_aiming/install/automatic_aiming/lib/pkgconfig/automatic_aiming.pc'
[2.592s] Level 1:colcon.colcon_core.environment:checking '/home/orangepi/ros2_workspace/NUEDC_H/automatic_aiming/install/automatic_aiming/lib/python3.10/site-packages'
[2.592s] Level 1:colcon.colcon_core.shell:create_environment_hook('automatic_aiming', 'pythonpath')
[2.593s] INFO:colcon.colcon_core.shell:Creating environment hook '/home/orangepi/ros2_workspace/NUEDC_H/automatic_aiming/install/automatic_aiming/share/automatic_aiming/hook/pythonpath.ps1'
[2.595s] INFO:colcon.colcon_core.shell:Creating environment descriptor '/home/orangepi/ros2_workspace/NUEDC_H/automatic_aiming/install/automatic_aiming/share/automatic_aiming/hook/pythonpath.dsv'
[2.602s] INFO:colcon.colcon_core.shell:Creating environment hook '/home/orangepi/ros2_workspace/NUEDC_H/automatic_aiming/install/automatic_aiming/share/automatic_aiming/hook/pythonpath.sh'
[2.605s] Level 1:colcon.colcon_core.environment:checking '/home/orangepi/ros2_workspace/NUEDC_H/automatic_aiming/install/automatic_aiming/bin'
[2.605s] Level 1:colcon.colcon_core.environment:create_environment_scripts_only(automatic_aiming)
[2.608s] INFO:colcon.colcon_core.shell:Creating package script '/home/orangepi/ros2_workspace/NUEDC_H/automatic_aiming/install/automatic_aiming/share/automatic_aiming/package.ps1'
[2.612s] INFO:colcon.colcon_core.shell:Creating package descriptor '/home/orangepi/ros2_workspace/NUEDC_H/automatic_aiming/install/automatic_aiming/share/automatic_aiming/package.dsv'
[2.616s] INFO:colcon.colcon_core.shell:Creating package script '/home/orangepi/ros2_workspace/NUEDC_H/automatic_aiming/install/automatic_aiming/share/automatic_aiming/package.sh'
[2.620s] INFO:colcon.colcon_core.shell:Creating package script '/home/orangepi/ros2_workspace/NUEDC_H/automatic_aiming/install/automatic_aiming/share/automatic_aiming/package.bash'
[2.625s] INFO:colcon.colcon_core.shell:Creating package script '/home/orangepi/ros2_workspace/NUEDC_H/automatic_aiming/install/automatic_aiming/share/automatic_aiming/package.zsh'
[2.628s] Level 1:colcon.colcon_core.environment:create_file_with_runtime_dependencies(/home/orangepi/ros2_workspace/NUEDC_H/automatic_aiming/install/automatic_aiming/share/colcon-core/packages/automatic_aiming)
[2.629s] DEBUG:colcon.colcon_parallel_executor.executor.parallel:closing loop
[2.630s] DEBUG:colcon.colcon_parallel_executor.executor.parallel:loop closed
[2.630s] DEBUG:colcon.colcon_parallel_executor.executor.parallel:run_until_complete finished with '0'
[2.631s] DEBUG:colcon.colcon_core.event_reactor:joining thread
[2.658s] INFO:colcon.colcon_core.plugin_system:Skipping extension 'colcon_notification.desktop_notification.terminal_notifier': Not used on non-Darwin systems
[2.658s] INFO:colcon.colcon_core.plugin_system:Skipping extension 'colcon_notification.desktop_notification.win32': Not used on non-Windows systems
[2.658s] INFO:colcon.colcon_notification.desktop_notification:Sending desktop notification using 'notify2'
[27.661s] DEBUG:colcon.colcon_notification.desktop_notification.notify2:Failed to initialize notify2: org.freedesktop.DBus.Error.NoReply: Did not receive a reply. Possible causes include: the remote application did not send a reply, the message bus security policy blocked the reply, the reply timeout expired, or the network connection was broken.
[27.662s] DEBUG:colcon.colcon_core.event_reactor:joined thread
[27.664s] INFO:colcon.colcon_core.shell:Creating prefix script '/home/orangepi/ros2_workspace/NUEDC_H/automatic_aiming/install/local_setup.ps1'
[27.675s] INFO:colcon.colcon_core.shell:Creating prefix util module '/home/orangepi/ros2_workspace/NUEDC_H/automatic_aiming/install/_local_setup_util_ps1.py'
[27.692s] INFO:colcon.colcon_core.shell:Creating prefix chain script '/home/orangepi/ros2_workspace/NUEDC_H/automatic_aiming/install/setup.ps1'
[27.702s] INFO:colcon.colcon_core.shell:Creating prefix script '/home/orangepi/ros2_workspace/NUEDC_H/automatic_aiming/install/local_setup.sh'
[27.705s] INFO:colcon.colcon_core.shell:Creating prefix util module '/home/orangepi/ros2_workspace/NUEDC_H/automatic_aiming/install/_local_setup_util_sh.py'
[27.708s] INFO:colcon.colcon_core.shell:Creating prefix chain script '/home/orangepi/ros2_workspace/NUEDC_H/automatic_aiming/install/setup.sh'
[27.714s] INFO:colcon.colcon_core.shell:Creating prefix script '/home/orangepi/ros2_workspace/NUEDC_H/automatic_aiming/install/local_setup.bash'
[27.717s] INFO:colcon.colcon_core.shell:Creating prefix chain script '/home/orangepi/ros2_workspace/NUEDC_H/automatic_aiming/install/setup.bash'
[27.723s] INFO:colcon.colcon_core.shell:Creating prefix script '/home/orangepi/ros2_workspace/NUEDC_H/automatic_aiming/install/local_setup.zsh'
[27.727s] INFO:colcon.colcon_core.shell:Creating prefix chain script '/home/orangepi/ros2_workspace/NUEDC_H/automatic_aiming/install/setup.zsh'
