[2025-08-01 07:43:58] [gimbal_controller] [INFO] [1754005438.936043459] [gimbal_controller]: 云台控制器节点已启动
[2025-08-01 07:43:58] [gimbal_controller] [INFO] [1754005438.936557951] [gimbal_controller]: 图像中心设置为: (320, 240)
[2025-08-01 07:43:58] [gimbal_controller] [INFO] [1754005438.936964819] [gimbal_controller]: 订阅话题: /target_data
[2025-08-01 07:43:58] [gimbal_controller] [INFO] [1754005438.937521602] [gimbal_controller]: 发布话题: /uart1_sender_topic
[2025-08-01 07:44:24] [gimbal_controller] [WARN] [1754005464.796964511] [gimbal_controller]: 目标数据格式不正确: c,371,336,35
[2025-08-01 07:44:24] [gimbal_controller] [WARN] [1754005464.797744707] [gimbal_controller]: 无法解析目标数据: c,371,336,35
[2025-08-01 07:44:32] [gimbal_controller] [WARN] [1754005472.378076851] [gimbal_controller]: 目标数据格式不正确: c,371,336,35
[2025-08-01 07:44:32] [gimbal_controller] [WARN] [1754005472.378573260] [gimbal_controller]: 无法解析目标数据: c,371,336,35
[2025-08-01 07:44:32] [gimbal_controller] [WARN] [1754005472.525751504] [gimbal_controller]: 目标数据格式不正确: c,371,336,35
[2025-08-01 07:44:32] [gimbal_controller] [WARN] [1754005472.526823653] [gimbal_controller]: 无法解析目标数据: c,371,336,35
[2025-08-01 07:44:32] [gimbal_controller] [WARN] [1754005472.590674615] [gimbal_controller]: 目标数据格式不正确: c,372,336,35
[2025-08-01 07:44:32] [gimbal_controller] [WARN] [1754005472.593566736] [gimbal_controller]: 无法解析目标数据: c,372,336,35
[2025-08-01 07:44:33] [gimbal_controller] [WARN] [1754005473.687348117] [gimbal_controller]: 目标数据格式不正确: c,371,336,35
[2025-08-01 07:44:33] [gimbal_controller] [WARN] [1754005473.689414251] [gimbal_controller]: 无法解析目标数据: c,371,336,35
[2025-08-01 07:44:33] [gimbal_controller] [WARN] [1754005473.851946172] [gimbal_controller]: 目标数据格式不正确: c,371,336,35
[2025-08-01 07:44:33] [gimbal_controller] [WARN] [1754005473.853992473] [gimbal_controller]: 无法解析目标数据: c,371,336,35
[2025-08-01 07:44:33] [gimbal_controller] [WARN] [1754005473.927880986] [gimbal_controller]: 目标数据格式不正确: c,371,335,35
[2025-08-01 07:44:33] [gimbal_controller] [WARN] [1754005473.930533362] [gimbal_controller]: 无法解析目标数据: c,371,335,35
[2025-08-01 07:44:34] [gimbal_controller] [WARN] [1754005474.215333248] [gimbal_controller]: 目标数据格式不正确: c,371,336,35
[2025-08-01 07:44:34] [gimbal_controller] [WARN] [1754005474.217699211] [gimbal_controller]: 无法解析目标数据: c,371,336,35
[2025-08-01 07:44:34] [gimbal_controller] [WARN] [1754005474.587039111] [gimbal_controller]: 目标数据格式不正确: c,371,336,35
[2025-08-01 07:44:34] [gimbal_controller] [WARN] [1754005474.589941441] [gimbal_controller]: 无法解析目标数据: c,371,336,35
[2025-08-01 07:44:35] [gimbal_controller] [WARN] [1754005475.407519634] [gimbal_controller]: 目标数据格式不正确: c,371,337,35
[2025-08-01 07:44:35] [gimbal_controller] [WARN] [1754005475.409638559] [gimbal_controller]: 无法解析目标数据: c,371,337,35
[2025-08-01 07:44:35] [gimbal_controller] [WARN] [1754005475.677161549] [gimbal_controller]: 目标数据格式不正确: c,371,336,35
[2025-08-01 07:44:35] [gimbal_controller] [WARN] [1754005475.677663791] [gimbal_controller]: 无法解析目标数据: c,371,336,35
[2025-08-01 07:44:41] [gimbal_controller] [WARN] [1754005481.603423019] [gimbal_controller]: 目标数据格式不正确: c,371,336,35
[2025-08-01 07:44:41] [gimbal_controller] [WARN] [1754005481.605450362] [gimbal_controller]: 无法解析目标数据: c,371,336,35
[2025-08-01 07:44:42] [gimbal_controller] [WARN] [1754005482.018047545] [gimbal_controller]: 目标数据格式不正确: c,371,336,35
[2025-08-01 07:44:42] [gimbal_controller] [WARN] [1754005482.022616724] [gimbal_controller]: 无法解析目标数据: c,371,336,35
[2025-08-01 07:44:42] [gimbal_controller] [WARN] [1754005482.051248026] [gimbal_controller]: 目标数据格式不正确: c,372,336,35
[2025-08-01 07:44:42] [gimbal_controller] [WARN] [1754005482.053287911] [gimbal_controller]: 无法解析目标数据: c,372,336,35
[2025-08-01 07:44:42] [gimbal_controller] [WARN] [1754005482.097672468] [gimbal_controller]: 目标数据格式不正确: c,372,336,35
[2025-08-01 07:44:42] [gimbal_controller] [WARN] [1754005482.099625146] [gimbal_controller]: 无法解析目标数据: c,372,336,35
[2025-08-01 07:44:42] [gimbal_controller] [WARN] [1754005482.516950755] [gimbal_controller]: 目标数据格式不正确: c,371,336,35
[2025-08-01 07:44:42] [gimbal_controller] [WARN] [1754005482.519488799] [gimbal_controller]: 无法解析目标数据: c,371,336,35
[2025-08-01 07:44:42] [gimbal_controller] [WARN] [1754005482.591017182] [gimbal_controller]: 目标数据格式不正确: c,372,336,35
[2025-08-01 07:44:42] [gimbal_controller] [WARN] [1754005482.593474727] [gimbal_controller]: 无法解析目标数据: c,372,336,35
[2025-08-01 07:44:43] [gimbal_controller] [WARN] [1754005483.837208308] [gimbal_controller]: 目标数据格式不正确: c,371,336,35
[2025-08-01 07:44:43] [gimbal_controller] [WARN] [1754005483.839741102] [gimbal_controller]: 无法解析目标数据: c,371,336,35
[2025-08-01 07:44:45] [gimbal_controller] [WARN] [1754005485.242629698] [gimbal_controller]: 目标数据格式不正确: c,371,336,35
[2025-08-01 07:44:45] [gimbal_controller] [WARN] [1754005485.244641583] [gimbal_controller]: 无法解析目标数据: c,371,336,35
[2025-08-01 07:44:46] [gimbal_controller] [WARN] [1754005486.118780351] [gimbal_controller]: 目标数据格式不正确: c,371,336,35
[2025-08-01 07:44:46] [gimbal_controller] [WARN] [1754005486.120015248] [gimbal_controller]: 无法解析目标数据: c,371,336,35
[2025-08-01 07:44:48] [gimbal_controller] [WARN] [1754005488.060065582] [gimbal_controller]: 目标数据格式不正确: c,372,336,35
[2025-08-01 07:44:48] [gimbal_controller] [WARN] [1754005488.060556450] [gimbal_controller]: 无法解析目标数据: c,372,336,35
[2025-08-01 07:44:49] [gimbal_controller] [WARN] [1754005489.616729569] [gimbal_controller]: 目标数据格式不正确: c,371,336,35
[2025-08-01 07:44:49] [gimbal_controller] [WARN] [1754005489.617234144] [gimbal_controller]: 无法解析目标数据: c,371,336,35
[2025-08-01 07:44:50] [gimbal_controller] [WARN] [1754005490.375959590] [gimbal_controller]: 目标数据格式不正确: c,371,336,35
[2025-08-01 07:44:50] [gimbal_controller] [WARN] [1754005490.376897575] [gimbal_controller]: 无法解析目标数据: c,371,336,35
[2025-08-01 07:44:51] [gimbal_controller] [WARN] [1754005491.594688394] [gimbal_controller]: 目标数据格式不正确: c,371,336,35
[2025-08-01 07:44:51] [gimbal_controller] [WARN] [1754005491.595191220] [gimbal_controller]: 无法解析目标数据: c,371,336,35
[2025-08-01 07:44:53] [gimbal_controller] [WARN] [1754005493.752858531] [gimbal_controller]: 目标数据格式不正确: c,371,336,35
[2025-08-01 07:44:53] [gimbal_controller] [WARN] [1754005493.753519146] [gimbal_controller]: 无法解析目标数据: c,371,336,35
[2025-08-01 07:44:53] [gimbal_controller] [WARN] [1754005493.825384398] [gimbal_controller]: 目标数据格式不正确: c,372,336,35
[2025-08-01 07:44:53] [gimbal_controller] [WARN] [1754005493.827488449] [gimbal_controller]: 无法解析目标数据: c,372,336,35
[2025-08-01 07:44:53] [gimbal_controller] [WARN] [1754005493.920274917] [gimbal_controller]: 目标数据格式不正确: c,371,336,35
[2025-08-01 07:44:53] [gimbal_controller] [WARN] [1754005493.922289427] [gimbal_controller]: 无法解析目标数据: c,371,336,35
[2025-08-01 07:44:55] [gimbal_controller] [WARN] [1754005495.286428711] [gimbal_controller]: 目标数据格式不正确: c,371,336,35
[2025-08-01 07:44:55] [gimbal_controller] [WARN] [1754005495.289744910] [gimbal_controller]: 无法解析目标数据: c,371,336,35
[2025-08-01 07:44:56] [gimbal_controller] [WARN] [1754005496.352329777] [gimbal_controller]: 目标数据格式不正确: c,371,336,35
[2025-08-01 07:44:56] [gimbal_controller] [WARN] [1754005496.354634491] [gimbal_controller]: 无法解析目标数据: c,371,336,35
[2025-08-01 07:44:56] [gimbal_controller] [WARN] [1754005496.755441816] [gimbal_controller]: 目标数据格式不正确: c,371,336,35
[2025-08-01 07:44:56] [gimbal_controller] [WARN] [1754005496.757463910] [gimbal_controller]: 无法解析目标数据: c,371,336,35
[2025-08-01 07:44:56] [gimbal_controller] [WARN] [1754005496.948500552] [gimbal_controller]: 目标数据格式不正确: c,371,336,35
[2025-08-01 07:44:56] [gimbal_controller] [WARN] [1754005496.949087668] [gimbal_controller]: 无法解析目标数据: c,371,336,35
[2025-08-01 07:44:57] [gimbal_controller] [WARN] [1754005497.393657727] [gimbal_controller]: 目标数据格式不正确: c,371,336,35
[2025-08-01 07:44:57] [gimbal_controller] [WARN] [1754005497.396479849] [gimbal_controller]: 无法解析目标数据: c,371,336,35
[2025-08-01 07:44:57] [gimbal_controller] [WARN] [1754005497.666970793] [gimbal_controller]: 目标数据格式不正确: c,371,336,35
[2025-08-01 07:44:57] [gimbal_controller] [WARN] [1754005497.669616460] [gimbal_controller]: 无法解析目标数据: c,371,336,35
[2025-08-01 07:44:57] [gimbal_controller] [WARN] [1754005497.755540993] [gimbal_controller]: 目标数据格式不正确: c,371,336,35
[2025-08-01 07:44:57] [gimbal_controller] [WARN] [1754005497.758112286] [gimbal_controller]: 无法解析目标数据: c,371,336,35
[2025-08-01 07:44:58] [gimbal_controller] [WARN] [1754005498.851394883] [gimbal_controller]: 目标数据格式不正确: c,371,336,35
[2025-08-01 07:44:58] [gimbal_controller] [WARN] [1754005498.853533933] [gimbal_controller]: 无法解析目标数据: c,371,336,35
[2025-08-01 07:44:58] [gimbal_controller] [WARN] [1754005498.891946125] [gimbal_controller]: 目标数据格式不正确: c,371,336,35
[2025-08-01 07:44:58] [gimbal_controller] [WARN] [1754005498.893903177] [gimbal_controller]: 无法解析目标数据: c,371,336,35
[2025-08-01 07:44:58] [gimbal_controller] [WARN] [1754005498.933557267] [gimbal_controller]: 目标数据格式不正确: c,371,336,35
[2025-08-01 07:44:58] [gimbal_controller] [WARN] [1754005498.934091592] [gimbal_controller]: 无法解析目标数据: c,371,336,35
[2025-08-01 07:44:58] [gimbal_controller] [WARN] [1754005498.958918746] [gimbal_controller]: 目标数据格式不正确: c,371,336,35
[2025-08-01 07:44:58] [gimbal_controller] [WARN] [1754005498.960912548] [gimbal_controller]: 无法解析目标数据: c,371,336,35
[2025-08-01 07:44:58] [gimbal_controller] [WARN] [1754005498.985946782] [gimbal_controller]: 目标数据格式不正确: c,371,336,35
[2025-08-01 07:44:58] [gimbal_controller] [WARN] [1754005498.987982584] [gimbal_controller]: 无法解析目标数据: c,371,336,35
[2025-08-01 07:44:59] [gimbal_controller] [WARN] [1754005499.332348040] [gimbal_controller]: 目标数据格式不正确: c,371,336,35
[2025-08-01 07:44:59] [gimbal_controller] [WARN] [1754005499.334324926] [gimbal_controller]: 无法解析目标数据: c,371,336,35
[2025-08-01 07:44:59] [gimbal_controller] [WARN] [1754005499.372987656] [gimbal_controller]: 目标数据格式不正确: c,372,336,35
[2025-08-01 07:44:59] [gimbal_controller] [WARN] [1754005499.374928375] [gimbal_controller]: 无法解析目标数据: c,372,336,35
[2025-08-01 07:44:59] [gimbal_controller] [WARN] [1754005499.415080623] [gimbal_controller]: 目标数据格式不正确: c,372,336,35
[2025-08-01 07:44:59] [gimbal_controller] [WARN] [1754005499.417114383] [gimbal_controller]: 无法解析目标数据: c,372,336,35
[2025-08-01 07:44:59] [gimbal_controller] [WARN] [1754005499.774871506] [gimbal_controller]: 目标数据格式不正确: c,371,336,35
[2025-08-01 07:44:59] [gimbal_controller] [WARN] [1754005499.776837600] [gimbal_controller]: 无法解析目标数据: c,371,336,35
[2025-08-01 07:44:59] [gimbal_controller] [WARN] [1754005499.974330475] [gimbal_controller]: 目标数据格式不正确: c,371,336,35
[2025-08-01 07:44:59] [gimbal_controller] [WARN] [1754005499.976520274] [gimbal_controller]: 无法解析目标数据: c,371,336,35
[2025-08-01 07:45:00] [gimbal_controller] [WARN] [1754005500.083662643] [gimbal_controller]: 目标数据格式不正确: c,371,336,35
[2025-08-01 07:45:00] [gimbal_controller] [WARN] [1754005500.085619987] [gimbal_controller]: 无法解析目标数据: c,371,336,35
[2025-08-01 07:45:00] [gimbal_controller] [WARN] [1754005500.320924522] [gimbal_controller]: 目标数据格式不正确: c,371,336,35
[2025-08-01 07:45:00] [gimbal_controller] [WARN] [1754005500.323011364] [gimbal_controller]: 无法解析目标数据: c,371,336,35
[2025-08-01 07:45:00] [gimbal_controller] [WARN] [1754005500.929852597] [gimbal_controller]: 目标数据格式不正确: c,371,336,35
[2025-08-01 07:45:00] [gimbal_controller] [WARN] [1754005500.932361766] [gimbal_controller]: 无法解析目标数据: c,371,336,35
[2025-08-01 07:45:00] [gimbal_controller] [WARN] [1754005500.987928357] [gimbal_controller]: 目标数据格式不正确: c,371,336,35
[2025-08-01 07:45:00] [gimbal_controller] [WARN] [1754005500.990242696] [gimbal_controller]: 无法解析目标数据: c,371,336,35
[2025-08-01 07:45:01] [gimbal_controller] [WARN] [1754005501.423072188] [gimbal_controller]: 目标数据格式不正确: c,371,336,35
[2025-08-01 07:45:01] [gimbal_controller] [WARN] [1754005501.423702762] [gimbal_controller]: 无法解析目标数据: c,371,336,35
[2025-08-01 07:45:01] [gimbal_controller] [WARN] [1754005501.638378326] [gimbal_controller]: 目标数据格式不正确: c,372,336,35
[2025-08-01 07:45:01] [gimbal_controller] [WARN] [1754005501.639024358] [gimbal_controller]: 无法解析目标数据: c,372,336,35
[2025-08-01 07:45:01] [gimbal_controller] [WARN] [1754005501.973741049] [gimbal_controller]: 目标数据格式不正确: c,371,336,35
[2025-08-01 07:45:01] [gimbal_controller] [WARN] [1754005501.976990164] [gimbal_controller]: 无法解析目标数据: c,371,336,35
[2025-08-01 07:45:02] [gimbal_controller] [WARN] [1754005502.315235675] [gimbal_controller]: 目标数据格式不正确: c,371,336,35
[2025-08-01 07:45:02] [gimbal_controller] [WARN] [1754005502.317481765] [gimbal_controller]: 无法解析目标数据: c,371,336,35
[2025-08-01 07:45:02] [gimbal_controller] [WARN] [1754005502.681384208] [gimbal_controller]: 目标数据格式不正确: c,371,336,35
[2025-08-01 07:45:02] [gimbal_controller] [WARN] [1754005502.683623881] [gimbal_controller]: 无法解析目标数据: c,371,336,35
[2025-08-01 07:45:03] [gimbal_controller] [WARN] [1754005503.129129592] [gimbal_controller]: 目标数据格式不正确: c,371,336,35
[2025-08-01 07:45:03] [gimbal_controller] [WARN] [1754005503.133353734] [gimbal_controller]: 无法解析目标数据: c,371,336,35
[2025-08-01 07:45:03] [gimbal_controller] [WARN] [1754005503.359516995] [gimbal_controller]: 目标数据格式不正确: c,371,336,35
[2025-08-01 07:45:03] [gimbal_controller] [WARN] [1754005503.360030320] [gimbal_controller]: 无法解析目标数据: c,371,336,35
[2025-08-01 07:45:04] [gimbal_controller] [WARN] [1754005504.001915923] [gimbal_controller]: 目标数据格式不正确: c,371,336,35
[2025-08-01 07:45:04] [gimbal_controller] [WARN] [1754005504.004193221] [gimbal_controller]: 无法解析目标数据: c,371,336,35
[2025-08-01 07:45:04] [gimbal_controller] [WARN] [1754005504.102397896] [gimbal_controller]: 目标数据格式不正确: c,371,336,35
[2025-08-01 07:45:04] [gimbal_controller] [WARN] [1754005504.107962809] [gimbal_controller]: 无法解析目标数据: c,371,336,35
[2025-08-01 07:45:04] [gimbal_controller] [WARN] [1754005504.134828098] [gimbal_controller]: 目标数据格式不正确: c,371,336,35
[2025-08-01 07:45:04] [gimbal_controller] [WARN] [1754005504.137025772] [gimbal_controller]: 无法解析目标数据: c,371,336,35
[2025-08-01 07:45:04] [gimbal_controller] [WARN] [1754005504.162765537] [gimbal_controller]: 目标数据格式不正确: c,371,336,35
[2025-08-01 07:45:04] [gimbal_controller] [WARN] [1754005504.163286737] [gimbal_controller]: 无法解析目标数据: c,371,336,35
[2025-08-01 07:45:04] [gimbal_controller] [WARN] [1754005504.397350249] [gimbal_controller]: 目标数据格式不正确: c,372,336,35
[2025-08-01 07:45:04] [gimbal_controller] [WARN] [1754005504.399368551] [gimbal_controller]: 无法解析目标数据: c,372,336,35
[2025-08-01 07:45:04] [gimbal_controller] [WARN] [1754005504.439611506] [gimbal_controller]: 目标数据格式不正确: c,372,336,35
[2025-08-01 07:45:04] [gimbal_controller] [WARN] [1754005504.441848554] [gimbal_controller]: 无法解析目标数据: c,372,336,35
[2025-08-01 07:45:04] [gimbal_controller] [WARN] [1754005504.489980094] [gimbal_controller]: 目标数据格式不正确: c,372,336,35
[2025-08-01 07:45:04] [gimbal_controller] [WARN] [1754005504.492167560] [gimbal_controller]: 无法解析目标数据: c,372,336,35
[2025-08-01 07:45:04] [gimbal_controller] [WARN] [1754005504.610880748] [gimbal_controller]: 目标数据格式不正确: c,372,336,35
[2025-08-01 07:45:04] [gimbal_controller] [WARN] [1754005504.611377449] [gimbal_controller]: 无法解析目标数据: c,372,336,35
[2025-08-01 07:45:04] [gimbal_controller] [WARN] [1754005504.913131946] [gimbal_controller]: 目标数据格式不正确: c,371,336,35
[2025-08-01 07:45:04] [gimbal_controller] [WARN] [1754005504.917165924] [gimbal_controller]: 无法解析目标数据: c,371,336,35
[2025-08-01 07:45:05] [gimbal_controller] [WARN] [1754005505.012242815] [gimbal_controller]: 目标数据格式不正确: c,372,336,35
[2025-08-01 07:45:05] [gimbal_controller] [WARN] [1754005505.014273075] [gimbal_controller]: 无法解析目标数据: c,372,336,35
[2025-08-01 07:45:05] [gimbal_controller] [WARN] [1754005505.061455838] [gimbal_controller]: 目标数据格式不正确: c,372,336,35
[2025-08-01 07:45:05] [gimbal_controller] [WARN] [1754005505.063700762] [gimbal_controller]: 无法解析目标数据: c,372,336,35
[2025-08-01 07:45:05] [gimbal_controller] [WARN] [1754005505.096986408] [gimbal_controller]: 目标数据格式不正确: c,372,336,35
[2025-08-01 07:45:05] [gimbal_controller] [WARN] [1754005505.099063334] [gimbal_controller]: 无法解析目标数据: c,372,336,35
[2025-08-01 07:45:05] [gimbal_controller] [WARN] [1754005505.228840433] [gimbal_controller]: 目标数据格式不正确: c,371,336,35
[2025-08-01 07:45:05] [gimbal_controller] [WARN] [1754005505.231064357] [gimbal_controller]: 无法解析目标数据: c,371,336,35
[2025-08-01 07:45:05] [gimbal_controller] [WARN] [1754005505.804754983] [gimbal_controller]: 目标数据格式不正确: c,372,336,35
[2025-08-01 07:45:05] [gimbal_controller] [WARN] [1754005505.807003114] [gimbal_controller]: 无法解析目标数据: c,372,336,35
[2025-08-01 07:45:05] [gimbal_controller] [WARN] [1754005505.976391136] [gimbal_controller]: 目标数据格式不正确: c,371,336,35
[2025-08-01 07:45:06] [gimbal_controller] [WARN] [1754005505.979017553] [gimbal_controller]: 无法解析目标数据: c,371,336,35
