[17:59:02] [INFO] === 自动瞄准系统启动脚本 ===
[17:59:02] [INFO] 工作空间: /home/orangepi/ros2_workspace/NUEDC_H
[17:59:02] [INFO] 日志目录: /home/orangepi/ros2_workspace/NUEDC_H/logs
[17:59:02] [INFO] 检查ROS2环境...
[17:59:02] [INFO] 加载ROS2环境...
[17:59:03] [INFO] 开始启动所有节点...
[17:59:03] [INFO] 启动节点: main_controller
[17:59:03] [INFO] 节点 main_controller 已启动，PID: 57607，日志文件: /home/orangepi/ros2_workspace/NUEDC_H/logs/main_controller_17-59-02.log
[17:59:04] [main_controller] [INFO] [1754128744.152207415] [main_controller]: 主控节点初始化完成
[17:59:04] [INFO] 启动节点: target_detect
[17:59:04] [INFO] 节点 target_detect 已启动，PID: 57658，日志文件: /home/orangepi/ros2_workspace/NUEDC_H/logs/target_detect_17-59-02.log
[17:59:06] [INFO] 启动节点: gimbal_controller
[17:59:06] [INFO] 节点 gimbal_controller 已启动，PID: 57685，日志文件: /home/orangepi/ros2_workspace/NUEDC_H/logs/gimbal_controller_17-59-02.log
[17:59:06] [gimbal_controller] [INFO] [1754128746.811551656] [gimbal_controller]: 云台控制器节点已启动
[17:59:06] [gimbal_controller] [INFO] [1754128746.812174938] [gimbal_controller]: 图像中心设置为: (480, 360)
[17:59:06] [gimbal_controller] [INFO] [1754128746.812640431] [gimbal_controller]: 激光模式: continuous (auto_off=瞄准后1秒关闭, continuous=持续开启)
[17:59:06] [target_detect] [INFO] [1754128746.820372690] [target_detection_service]: Camera resolution set to: 1280x1024
[17:59:06] [gimbal_controller] [INFO] [1754128746.813069466] [gimbal_controller]: 激光安全开关: GPIO5 (低电平:禁用激光, 高电平:允许激光)
[17:59:06] [target_detect] [INFO] [1754128746.821569964] [target_detection_service]: Target detection started
[17:59:06] [gimbal_controller] [INFO] [1754128746.813472835] [gimbal_controller]: 订阅话题: /target_data
[17:59:06] [gimbal_controller] [INFO] [1754128746.813879412] [gimbal_controller]: 发布话题: /uart1_sender_topic (30Hz)
[17:59:06] [target_detect] [INFO] [1754128746.822161164] [target_detection_service]: Target detection service started
[17:59:06] [gimbal_controller] [INFO] [1754128746.814284823] [gimbal_controller]: 控制频率: 30Hz
[17:59:07] [INFO] 启动节点: uart1_receiver
[17:59:07] [INFO] 节点 uart1_receiver 已启动，PID: 57765，日志文件: /home/orangepi/ros2_workspace/NUEDC_H/logs/uart1_receiver_17-59-02.log
[17:59:08] [uart1_receiver] [INFO] [1754128748.447441489] [uart1_receiver]: 创建uart1_receiver_topic发布方成功
[17:59:08] [uart1_receiver] [INFO] [1754128748.448445683] [uart1_receiver]: 串口 /dev/ttyS1 已打开
[17:59:08] [uart1_receiver] [INFO] [1754128748.449240754] [uart1_receiver]: uart1_receiver @ /dev/ttyS1 Buad: 115200 init success
[17:59:09] [INFO] 启动节点: uart1_sender
[17:59:09] [INFO] 节点 uart1_sender 已启动，PID: 57815，日志文件: /home/orangepi/ros2_workspace/NUEDC_H/logs/uart1_sender_17-59-02.log
[17:59:10] [uart1_sender] [INFO] [1754128750.001106177] [uart1_sender]: 创建uart1_sender_topic订阅方成功！
[17:59:10] [uart1_sender] [INFO] [1754128750.001941790] [uart1_sender]: uart1_sender @ /dev/ttyS1 Buad: 115200 init success
[17:59:10] [INFO] 启动节点: uart3_receiver
[17:59:10] [INFO] 节点 uart3_receiver 已启动，PID: 57837，日志文件: /home/orangepi/ros2_workspace/NUEDC_H/logs/uart3_receiver_17-59-02.log
[17:59:11] [uart3_receiver] [INFO] [1754128751.461126265] [uart3_receiver]: 创建uart3_receiver_topic发布方成功
[17:59:11] [uart3_receiver] [INFO] [1754128751.462026335] [uart3_receiver]: 串口 /dev/ttyS3 已打开
[17:59:11] [uart3_receiver] [INFO] [1754128751.462614327] [uart3_receiver]: uart3_receiver @ /dev/ttyS3 Buad: 115200 init success
[17:59:12] [INFO] 启动节点: uart3_sender
[17:59:12] [INFO] 节点 uart3_sender 已启动，PID: 57864，日志文件: /home/orangepi/ros2_workspace/NUEDC_H/logs/uart3_sender_17-59-02.log
[17:59:13] [uart3_sender] [INFO] [1754128753.058873378] [uart3_sender]: 创建uart3_sender_topic订阅方成功！
[17:59:13] [uart3_sender] [INFO] [1754128753.059485285] [uart3_sender]: uart3_sender @ /dev/ttyS3 Buad: 115200 init success
[17:59:14] [INFO] 启动节点: circle_calc_perspective
[17:59:14] [INFO] 节点 circle_calc_perspective 已启动，PID: 57967，日志文件: /home/orangepi/ros2_workspace/NUEDC_H/logs/circle_calc_perspective_17-59-02.log
[17:59:15] [INFO] 所有节点启动完成
[17:59:18] [circle_calc_perspective] [INFO] [1754128758.880685170] [circle_point_calculator]: 透视变换圆形采样点计算节点已启动
[17:59:18] [circle_calc_perspective] [INFO] [1754128758.881319244] [circle_point_calculator]: 采样点数量: 600
[17:59:18] [circle_calc_perspective] [INFO] [1754128758.881836069] [circle_point_calculator]: 发布频率: 30.0Hz
[17:59:18] [circle_calc_perspective] [INFO] [1754128758.882279688] [circle_point_calculator]: 订阅话题: /warp_data
[17:59:18] [circle_calc_perspective] [INFO] [1754128758.882690640] [circle_point_calculator]: 发布话题: /draw_circle_date
[18:35:31] [ERROR] 所有节点已意外退出
[18:35:31] [INFO] 收到退出信号，正在关闭所有节点...
[18:35:33] [INFO] 所有节点已关闭
[19:46:32] [INFO] 收到退出信号，正在关闭所有节点...
[19:46:34] [INFO] 所有节点已关闭
