[15:45:32] [INFO] === 自动瞄准系统启动脚本 ===
[15:45:32] [INFO] 工作空间: /home/orangepi/ros2_workspace/NUEDC_H
[15:45:32] [INFO] 日志目录: /home/orangepi/ros2_workspace/NUEDC_H/logs
[15:45:32] [INFO] 检查ROS2环境...
[15:45:32] [INFO] 加载ROS2环境...
[15:45:33] [INFO] 开始启动所有节点...
[15:45:33] [INFO] 启动节点: main_controller
[15:45:33] [INFO] 节点 main_controller 已启动，PID: 959100，日志文件: /home/orangepi/ros2_workspace/NUEDC_H/logs/main_controller_15-45-32.log
[15:45:33] [main_controller] [INFO] [1754120733.553259262] [main_controller]: 主控节点初始化完成
[15:45:34] [INFO] 启动节点: target_detect
[15:45:34] [INFO] 节点 target_detect 已启动，PID: 959151，日志文件: /home/orangepi/ros2_workspace/NUEDC_H/logs/target_detect_15-45-32.log
[15:45:35] [target_detect] [INFO] [1754120735.890537963] [target_detection_service]: Camera resolution set to: 1280x1024
[15:45:35] [target_detect] [INFO] [1754120735.892135978] [target_detection_service]: Target detection started
[15:45:35] [target_detect] [INFO] [1754120735.892551888] [target_detection_service]: Target detection service started
[15:45:36] [INFO] 启动节点: gimbal_controller
[15:45:36] [INFO] 节点 gimbal_controller 已启动，PID: 959193，日志文件: /home/orangepi/ros2_workspace/NUEDC_H/logs/gimbal_controller_15-45-32.log
[15:45:36] [gimbal_controller] [INFO] [1754120736.486825764] [gimbal_controller]: 云台控制器节点已启动
[15:45:36] [gimbal_controller] [INFO] [1754120736.487418421] [gimbal_controller]: 图像中心设置为: (480, 360)
[15:45:36] [gimbal_controller] [INFO] [1754120736.487854164] [gimbal_controller]: 激光模式: auto_off (auto_off=瞄准后1秒关闭, continuous=持续开启)
[15:45:36] [gimbal_controller] [INFO] [1754120736.488259574] [gimbal_controller]: 激光安全开关: GPIO5 (低电平:禁用激光, 高电平:允许激光)
[15:45:36] [gimbal_controller] [INFO] [1754120736.488650984] [gimbal_controller]: 订阅话题: /target_data
[15:45:36] [gimbal_controller] [INFO] [1754120736.489040353] [gimbal_controller]: 发布话题: /uart1_sender_topic (30Hz)
[15:45:36] [gimbal_controller] [INFO] [1754120736.489432638] [gimbal_controller]: 控制频率: 30Hz
[15:45:37] [gimbal_controller] [INFO] [1754120737.171806770] [gimbal_controller]: 激光安全开关已切换到高电平，允许激光开启
[15:45:37] [INFO] 启动节点: uart1_receiver
[15:45:37] [INFO] 节点 uart1_receiver 已启动，PID: 959271，日志文件: /home/orangepi/ros2_workspace/NUEDC_H/logs/uart1_receiver_15-45-32.log
[15:45:38] [uart1_receiver] [INFO] [1754120738.032396217] [uart1_receiver]: 创建uart1_receiver_topic发布方成功
[15:45:38] [uart1_receiver] [INFO] [1754120738.033239995] [uart1_receiver]: 串口 /dev/ttyS1 已打开
[15:45:38] [uart1_receiver] [INFO] [1754120738.033797361] [uart1_receiver]: uart1_receiver @ /dev/ttyS1 Buad: 115200 init success
[15:45:39] [INFO] 启动节点: uart1_sender
[15:45:39] [INFO] 节点 uart1_sender 已启动，PID: 959320，日志文件: /home/orangepi/ros2_workspace/NUEDC_H/logs/uart1_sender_15-45-32.log
[15:45:39] [uart1_sender] [INFO] [1754120739.601966650] [uart1_sender]: 创建uart1_sender_topic订阅方成功！
[15:45:39] [uart1_sender] [INFO] [1754120739.602494557] [uart1_sender]: uart1_sender @ /dev/ttyS1 Buad: 115200 init success
[15:45:40] [INFO] 启动节点: uart3_receiver
[15:45:40] [INFO] 节点 uart3_receiver 已启动，PID: 959341，日志文件: /home/orangepi/ros2_workspace/NUEDC_H/logs/uart3_receiver_15-45-32.log
[15:45:41] [uart3_receiver] [INFO] [1754120741.071943015] [uart3_receiver]: 创建uart3_receiver_topic发布方成功
[15:45:41] [uart3_receiver] [INFO] [1754120741.072956831] [uart3_receiver]: 串口 /dev/ttyS3 已打开
[15:45:41] [uart3_receiver] [INFO] [1754120741.073615404] [uart3_receiver]: uart3_receiver @ /dev/ttyS3 Buad: 115200 init success
[15:45:42] [INFO] 启动节点: uart3_sender
[15:45:42] [INFO] 节点 uart3_sender 已启动，PID: 959363，日志文件: /home/orangepi/ros2_workspace/NUEDC_H/logs/uart3_sender_15-45-32.log
[15:45:42] [uart3_sender] [INFO] [1754120742.709309664] [uart3_sender]: 创建uart3_sender_topic订阅方成功！
[15:45:42] [uart3_sender] [INFO] [1754120742.709924487] [uart3_sender]: uart3_sender @ /dev/ttyS3 Buad: 115200 init success
[15:45:43] [INFO] 启动节点: circle_calc_perspective
[15:45:43] [INFO] 节点 circle_calc_perspective 已启动，PID: 959456，日志文件: /home/orangepi/ros2_workspace/NUEDC_H/logs/circle_calc_perspective_15-45-32.log
[15:45:44] [circle_calc_perspective] [INFO] [1754120744.501750299] [circle_point_calculator]: 透视变换圆形采样点计算节点已启动
[15:45:44] [circle_calc_perspective] [INFO] [1754120744.502360456] [circle_point_calculator]: 采样点数量: 600
[15:45:44] [circle_calc_perspective] [INFO] [1754120744.505132410] [circle_point_calculator]: 发布频率: 30.0Hz
[15:45:44] [circle_calc_perspective] [INFO] [1754120744.505627360] [circle_point_calculator]: 订阅话题: /warp_data
[15:45:44] [circle_calc_perspective] [INFO] [1754120744.506067770] [circle_point_calculator]: 发布话题: /draw_circle_date
[15:45:45] [INFO] 所有节点启动完成
