[2025-08-01 00:05:06] [target_detect] [INFO] [1753977906.314011009] [target_detection_node]: 摄像头分辨率设置为: 1920x1080
[2025-08-01 00:05:06] [target_detect] [INFO] [1753977906.317316707] [target_detection_node]: 目标检测节点已启动
[2025-08-01 00:05:50] [target_detect] ============================================================
[2025-08-01 00:05:50] [target_detect] 性能统计 (最近100帧, 总帧数: 100)
[2025-08-01 00:05:50] [target_detect] ============================================================
[2025-08-01 00:05:50] [target_detect] preprocess          : 平均= 15.81ms, 最大= 29.47ms, 最小= 11.94ms
[2025-08-01 00:05:50] [target_detect] rectangle_detection : 平均=  1.16ms, 最大=  4.57ms, 最小=  0.44ms
[2025-08-01 00:05:50] [target_detect] circle_detection    : 平均=  3.19ms, 最大= 10.99ms, 最小=  1.77ms
[2025-08-01 00:05:50] [target_detect] laser_detection     : 平均=  1.23ms, 最大=  2.14ms, 最小=  1.01ms
[2025-08-01 00:05:50] [target_detect] rendering           : 平均=  0.80ms, 最大=  2.35ms, 最小=  0.49ms
[2025-08-01 00:05:50] [target_detect] total               : 平均= 25.98ms, 最大=220.79ms, 最小= 18.97ms
[2025-08-01 00:05:50] [target_detect] 当前FPS: 30.2
[2025-08-01 00:05:50] [target_detect] ============================================================
[2025-08-01 00:05:50] [target_detect] ============================================================
[2025-08-01 00:05:50] [target_detect] 性能统计 (最近100帧, 总帧数: 200)
[2025-08-01 00:05:50] [target_detect] ============================================================
[2025-08-01 00:05:50] [target_detect] preprocess          : 平均= 15.25ms, 最大= 28.67ms, 最小= 13.68ms
[2025-08-01 00:05:50] [target_detect] rectangle_detection : 平均=  1.11ms, 最大=  2.64ms, 最小=  0.44ms
[2025-08-01 00:05:50] [target_detect] circle_detection    : 平均=  3.48ms, 最大= 24.51ms, 最小=  1.78ms
[2025-08-01 00:05:50] [target_detect] laser_detection     : 平均=  1.22ms, 最大=  3.74ms, 最小=  0.99ms
[2025-08-01 00:05:50] [target_detect] rendering           : 平均=  0.80ms, 最大=  6.24ms, 最小=  0.48ms
[2025-08-01 00:05:50] [target_detect] total               : 平均= 23.98ms, 最大= 46.63ms, 最小= 19.84ms
[2025-08-01 00:05:50] [target_detect] 当前FPS: 30.5
[2025-08-01 00:05:50] [target_detect] ============================================================
[2025-08-01 00:05:50] [target_detect] ============================================================
[2025-08-01 00:05:50] [target_detect] 性能统计 (最近100帧, 总帧数: 300)
[2025-08-01 00:05:50] [target_detect] ============================================================
[2025-08-01 00:05:50] [target_detect] preprocess          : 平均= 15.62ms, 最大= 31.78ms, 最小= 13.80ms
[2025-08-01 00:05:50] [target_detect] rectangle_detection : 平均=  1.03ms, 最大= 10.30ms, 最小=  0.43ms
[2025-08-01 00:05:50] [target_detect] circle_detection    : 平均=  3.69ms, 最大= 10.19ms, 最小=  1.81ms
[2025-08-01 00:05:50] [target_detect] laser_detection     : 平均=  1.29ms, 最大=  7.82ms, 最小=  0.98ms
[2025-08-01 00:05:50] [target_detect] rendering           : 平均=  0.75ms, 最大=  2.04ms, 最小=  0.40ms
[2025-08-01 00:05:50] [target_detect] total               : 平均= 24.77ms, 最大= 49.37ms, 最小= 20.24ms
[2025-08-01 00:05:50] [target_detect] 当前FPS: 30.4
[2025-08-01 00:05:50] [target_detect] ============================================================
[2025-08-01 00:05:50] [target_detect] ============================================================
[2025-08-01 00:05:50] [target_detect] 性能统计 (最近100帧, 总帧数: 400)
[2025-08-01 00:05:50] [target_detect] ============================================================
[2025-08-01 00:05:50] [target_detect] preprocess          : 平均= 15.60ms, 最大= 30.90ms, 最小= 12.16ms
[2025-08-01 00:05:50] [target_detect] rectangle_detection : 平均=  1.04ms, 最大=  2.86ms, 最小=  0.44ms
[2025-08-01 00:05:50] [target_detect] circle_detection    : 平均=  4.04ms, 最大= 11.00ms, 最小=  1.85ms
[2025-08-01 00:05:50] [target_detect] laser_detection     : 平均=  1.20ms, 最大=  2.21ms, 最小=  1.00ms
[2025-08-01 00:05:50] [target_detect] rendering           : 平均=  0.77ms, 最大=  1.61ms, 最小=  0.40ms
[2025-08-01 00:05:50] [target_detect] total               : 平均= 24.93ms, 最大= 38.31ms, 最小= 19.36ms
[2025-08-01 00:05:50] [target_detect] 当前FPS: 30.5
[2025-08-01 00:05:50] [target_detect] ============================================================
[2025-08-01 00:05:50] [target_detect] ============================================================
[2025-08-01 00:05:50] [target_detect] 性能统计 (最近100帧, 总帧数: 500)
[2025-08-01 00:05:50] [target_detect] ============================================================
[2025-08-01 00:05:50] [target_detect] preprocess          : 平均= 16.66ms, 最大= 23.69ms, 最小= 12.15ms
[2025-08-01 00:05:50] [target_detect] rectangle_detection : 平均=  1.27ms, 最大=  9.07ms, 最小=  0.43ms
[2025-08-01 00:05:50] [target_detect] circle_detection    : 平均=  3.48ms, 最大= 11.71ms, 最小=  1.81ms
[2025-08-01 00:05:50] [target_detect] laser_detection     : 平均=  1.31ms, 最大=  4.34ms, 最小=  0.99ms
[2025-08-01 00:05:50] [target_detect] rendering           : 平均=  0.82ms, 最大=  3.38ms, 最小=  0.38ms
[2025-08-01 00:05:50] [target_detect] total               : 平均= 27.73ms, 最大= 53.71ms, 最小= 20.01ms
[2025-08-01 00:05:50] [target_detect] 当前FPS: 30.9
[2025-08-01 00:05:50] [target_detect] ============================================================
[2025-08-01 00:05:50] [target_detect] ============================================================
[2025-08-01 00:05:50] [target_detect] 性能统计 (最近100帧, 总帧数: 600)
[2025-08-01 00:05:50] [target_detect] ============================================================
[2025-08-01 00:05:50] [target_detect] preprocess          : 平均= 18.99ms, 最大= 72.69ms, 最小= 13.80ms
[2025-08-01 00:05:50] [target_detect] rectangle_detection : 平均=  1.60ms, 最大=  8.46ms, 最小=  0.45ms
[2025-08-01 00:05:50] [target_detect] circle_detection    : 平均=  3.75ms, 最大= 20.96ms, 最小=  1.86ms
[2025-08-01 00:05:50] [target_detect] laser_detection     : 平均=  1.36ms, 最大=  5.53ms, 最小=  1.02ms
[2025-08-01 00:05:50] [target_detect] rendering           : 平均=  0.82ms, 最大=  3.17ms, 最小=  0.47ms
[2025-08-01 00:05:50] [target_detect] total               : 平均= 33.34ms, 最大=102.28ms, 最小= 22.91ms
[2025-08-01 00:05:50] [target_detect] 当前FPS: 30.8
[2025-08-01 00:05:50] [target_detect] ============================================================
[2025-08-01 00:05:50] [target_detect] ============================================================
[2025-08-01 00:05:50] [target_detect] 性能统计 (最近100帧, 总帧数: 700)
[2025-08-01 00:05:50] [target_detect] ============================================================
[2025-08-01 00:05:50] [target_detect] preprocess          : 平均= 17.38ms, 最大= 23.75ms, 最小= 11.35ms
[2025-08-01 00:05:50] [target_detect] rectangle_detection : 平均=  1.42ms, 最大=  8.24ms, 最小=  0.27ms
[2025-08-01 00:05:50] [target_detect] circle_detection    : 平均=  3.17ms, 最大=  8.52ms, 最小=  1.49ms
[2025-08-01 00:05:50] [target_detect] laser_detection     : 平均=  1.41ms, 最大=  4.46ms, 最小=  0.99ms
[2025-08-01 00:05:50] [target_detect] rendering           : 平均=  0.79ms, 最大=  2.52ms, 最小=  0.38ms
[2025-08-01 00:05:50] [target_detect] total               : 平均= 28.46ms, 最大= 44.65ms, 最小= 21.22ms
[2025-08-01 00:05:50] [target_detect] 当前FPS: 30.7
[2025-08-01 00:05:50] [target_detect] ============================================================
[2025-08-01 00:05:50] [target_detect] ============================================================
[2025-08-01 00:05:50] [target_detect] 性能统计 (最近100帧, 总帧数: 800)
[2025-08-01 00:05:50] [target_detect] ============================================================
[2025-08-01 00:05:50] [target_detect] preprocess          : 平均= 17.14ms, 最大= 26.43ms, 最小= 11.69ms
[2025-08-01 00:05:50] [target_detect] rectangle_detection : 平均=  1.28ms, 最大=  4.19ms, 最小=  0.33ms
[2025-08-01 00:05:50] [target_detect] circle_detection    : 平均=  3.79ms, 最大= 12.18ms, 最小=  1.47ms
[2025-08-01 00:05:50] [target_detect] laser_detection     : 平均=  1.23ms, 最大=  4.05ms, 最小=  0.97ms
[2025-08-01 00:05:50] [target_detect] rendering           : 平均=  0.65ms, 最大=  1.62ms, 最小=  0.38ms
[2025-08-01 00:05:50] [target_detect] total               : 平均= 28.30ms, 最大= 52.39ms, 最小= 21.16ms
[2025-08-01 00:05:50] [target_detect] 当前FPS: 30.9
[2025-08-01 00:05:50] [target_detect] ============================================================
[2025-08-01 00:05:50] [target_detect] ============================================================
[2025-08-01 00:05:50] [target_detect] 性能统计 (最近100帧, 总帧数: 900)
[2025-08-01 00:05:50] [target_detect] ============================================================
[2025-08-01 00:05:50] [target_detect] preprocess          : 平均= 17.76ms, 最大= 26.12ms, 最小= 10.54ms
[2025-08-01 00:05:50] [target_detect] rectangle_detection : 平均=  1.43ms, 最大= 11.84ms, 最小=  0.32ms
[2025-08-01 00:05:50] [target_detect] circle_detection    : 平均=  3.15ms, 最大=  8.25ms, 最小=  1.47ms
[2025-08-01 00:05:50] [target_detect] laser_detection     : 平均=  1.33ms, 最大=  4.75ms, 最小=  0.99ms
[2025-08-01 00:05:50] [target_detect] rendering           : 平均=  0.71ms, 最大=  2.16ms, 最小=  0.39ms
[2025-08-01 00:05:50] [target_detect] total               : 平均= 29.16ms, 最大= 47.13ms, 最小= 19.52ms
[2025-08-01 00:05:50] [target_detect] 当前FPS: 31.2
[2025-08-01 00:05:50] [target_detect] ============================================================
[2025-08-01 00:05:50] [target_detect] ============================================================
[2025-08-01 00:05:50] [target_detect] 性能统计 (最近100帧, 总帧数: 1000)
[2025-08-01 00:05:50] [target_detect] ============================================================
[2025-08-01 00:05:50] [target_detect] preprocess          : 平均= 17.42ms, 最大= 24.96ms, 最小= 11.14ms
[2025-08-01 00:05:50] [target_detect] rectangle_detection : 平均=  1.16ms, 最大=  5.17ms, 最小=  0.31ms
[2025-08-01 00:05:50] [target_detect] circle_detection    : 平均=  3.02ms, 最大= 11.45ms, 最小=  1.47ms
[2025-08-01 00:05:50] [target_detect] laser_detection     : 平均=  1.33ms, 最大=  4.15ms, 最小=  0.98ms
[2025-08-01 00:05:50] [target_detect] rendering           : 平均=  0.71ms, 最大=  2.26ms, 最小=  0.38ms
[2025-08-01 00:05:50] [target_detect] total               : 平均= 27.98ms, 最大= 41.84ms, 最小= 19.72ms
[2025-08-01 00:05:50] [target_detect] 当前FPS: 31.0
[2025-08-01 00:05:50] [target_detect] ============================================================
[2025-08-01 00:05:50] [target_detect] ============================================================
[2025-08-01 00:05:50] [target_detect] 性能统计 (最近100帧, 总帧数: 1100)
[2025-08-01 00:05:50] [target_detect] ============================================================
[2025-08-01 00:05:50] [target_detect] preprocess          : 平均= 17.40ms, 最大= 27.32ms, 最小= 11.66ms
[2025-08-01 00:05:50] [target_detect] rectangle_detection : 平均=  1.42ms, 最大=  7.08ms, 最小=  0.33ms
[2025-08-01 00:05:50] [target_detect] circle_detection    : 平均=  3.46ms, 最大= 16.59ms, 最小=  1.52ms
[2025-08-01 00:05:50] [target_detect] laser_detection     : 平均=  1.42ms, 最大=  4.40ms, 最小=  0.97ms
[2025-08-01 00:05:50] [target_detect] rendering           : 平均=  0.67ms, 最大=  2.65ms, 最小=  0.40ms
[2025-08-01 00:05:50] [target_detect] total               : 平均= 28.07ms, 最大= 42.50ms, 最小= 18.91ms
[2025-08-01 00:05:50] [target_detect] 当前FPS: 29.9
[2025-08-01 00:05:50] [target_detect] ============================================================
[2025-08-01 00:05:50] [target_detect] ============================================================
[2025-08-01 00:05:50] [target_detect] 性能统计 (最近100帧, 总帧数: 1200)
[2025-08-01 00:05:50] [target_detect] ============================================================
[2025-08-01 00:05:50] [target_detect] preprocess          : 平均= 16.80ms, 最大= 24.00ms, 最小= 12.30ms
[2025-08-01 00:05:50] [target_detect] rectangle_detection : 平均=  1.10ms, 最大=  9.67ms, 最小=  0.34ms
[2025-08-01 00:05:50] [target_detect] circle_detection    : 平均=  2.99ms, 最大=  9.44ms, 最小=  1.50ms
[2025-08-01 00:05:50] [target_detect] laser_detection     : 平均=  1.37ms, 最大=  3.91ms, 最小=  0.98ms
[2025-08-01 00:05:50] [target_detect] rendering           : 平均=  0.64ms, 最大=  1.43ms, 最小=  0.37ms
[2025-08-01 00:05:50] [target_detect] total               : 平均= 26.91ms, 最大= 42.67ms, 最小= 20.81ms
[2025-08-01 00:05:50] [target_detect] 当前FPS: 30.7
[2025-08-01 00:05:50] [target_detect] ============================================================
[2025-08-01 00:05:50] [target_detect] ============================================================
[2025-08-01 00:06:30] [target_detect] 性能统计 (最近100帧, 总帧数: 1300)
[2025-08-01 00:06:30] [target_detect] ============================================================
[2025-08-01 00:06:30] [target_detect] preprocess          : 平均= 16.92ms, 最大= 23.47ms, 最小= 12.34ms
[2025-08-01 00:06:30] [target_detect] rectangle_detection : 平均=  1.15ms, 最大=  4.19ms, 最小=  0.27ms
[2025-08-01 00:06:30] [target_detect] circle_detection    : 平均=  2.69ms, 最大= 11.07ms, 最小=  1.40ms
[2025-08-01 00:06:30] [target_detect] laser_detection     : 平均=  1.38ms, 最大=  6.54ms, 最小=  0.97ms
[2025-08-01 00:06:30] [target_detect] rendering           : 平均=  0.84ms, 最大=  3.85ms, 最小=  0.39ms
[2025-08-01 00:06:30] [target_detect] total               : 平均= 27.09ms, 最大= 39.72ms, 最小= 21.09ms
[2025-08-01 00:06:30] [target_detect] 当前FPS: 30.5
[2025-08-01 00:06:30] [target_detect] ============================================================
[2025-08-01 00:06:30] [target_detect] ============================================================
[2025-08-01 00:06:30] [target_detect] 性能统计 (最近100帧, 总帧数: 1400)
[2025-08-01 00:06:30] [target_detect] ============================================================
[2025-08-01 00:06:30] [target_detect] preprocess          : 平均= 17.36ms, 最大= 26.49ms, 最小= 12.27ms
[2025-08-01 00:06:30] [target_detect] rectangle_detection : 平均=  1.52ms, 最大= 10.63ms, 最小=  0.47ms
[2025-08-01 00:06:30] [target_detect] circle_detection    : 平均=  3.21ms, 最大= 10.07ms, 最小=  1.44ms
[2025-08-01 00:06:30] [target_detect] laser_detection     : 平均=  1.26ms, 最大=  4.84ms, 最小=  0.96ms
[2025-08-01 00:06:30] [target_detect] rendering           : 平均=  0.84ms, 最大=  3.17ms, 最小=  0.39ms
[2025-08-01 00:06:30] [target_detect] total               : 平均= 28.30ms, 最大= 43.58ms, 最小= 21.10ms
[2025-08-01 00:06:30] [target_detect] 当前FPS: 31.1
[2025-08-01 00:06:30] [target_detect] ============================================================
[2025-08-01 00:06:30] [target_detect] ============================================================
[2025-08-01 00:06:30] [target_detect] 性能统计 (最近100帧, 总帧数: 1500)
[2025-08-01 00:06:30] [target_detect] ============================================================
[2025-08-01 00:06:30] [target_detect] preprocess          : 平均= 16.75ms, 最大= 24.26ms, 最小= 11.33ms
[2025-08-01 00:06:30] [target_detect] rectangle_detection : 平均=  1.17ms, 最大=  5.13ms, 最小=  0.46ms
[2025-08-01 00:06:30] [target_detect] circle_detection    : 平均=  2.81ms, 最大= 10.34ms, 最小=  1.78ms
[2025-08-01 00:06:30] [target_detect] laser_detection     : 平均=  1.18ms, 最大=  4.71ms, 最小=  0.97ms
[2025-08-01 00:06:30] [target_detect] rendering           : 平均=  0.79ms, 最大=  2.56ms, 最小=  0.67ms
[2025-08-01 00:06:30] [target_detect] total               : 平均= 26.98ms, 最大= 40.76ms, 最小= 18.88ms
[2025-08-01 00:06:30] [target_detect] 当前FPS: 30.7
[2025-08-01 00:06:30] [target_detect] ============================================================
[2025-08-01 00:06:30] [target_detect] ============================================================
[2025-08-01 00:06:30] [target_detect] 性能统计 (最近100帧, 总帧数: 1600)
[2025-08-01 00:06:30] [target_detect] ============================================================
[2025-08-01 00:06:30] [target_detect] preprocess          : 平均= 16.46ms, 最大= 22.19ms, 最小= 11.85ms
[2025-08-01 00:06:30] [target_detect] rectangle_detection : 平均=  1.13ms, 最大=  3.17ms, 最小=  0.46ms
[2025-08-01 00:06:30] [target_detect] circle_detection    : 平均=  3.21ms, 最大= 10.79ms, 最小=  1.77ms
[2025-08-01 00:06:30] [target_detect] laser_detection     : 平均=  1.21ms, 最大=  4.13ms, 最小=  0.97ms
[2025-08-01 00:06:30] [target_detect] rendering           : 平均=  0.81ms, 最大=  2.28ms, 最小=  0.67ms
[2025-08-01 00:06:30] [target_detect] total               : 平均= 28.12ms, 最大= 41.69ms, 最小= 21.55ms
[2025-08-01 00:06:30] [target_detect] 当前FPS: 30.8
[2025-08-01 00:06:30] [target_detect] ============================================================
[2025-08-01 00:06:30] [target_detect] ============================================================
[2025-08-01 00:06:30] [target_detect] 性能统计 (最近100帧, 总帧数: 1700)
[2025-08-01 00:06:30] [target_detect] ============================================================
[2025-08-01 00:06:30] [target_detect] preprocess          : 平均= 16.85ms, 最大= 25.07ms, 最小= 13.03ms
[2025-08-01 00:06:30] [target_detect] rectangle_detection : 平均=  1.17ms, 最大=  7.24ms, 最小=  0.47ms
[2025-08-01 00:06:30] [target_detect] circle_detection    : 平均=  3.39ms, 最大= 16.86ms, 最小=  1.79ms
[2025-08-01 00:06:30] [target_detect] laser_detection     : 平均=  1.33ms, 最大=  7.67ms, 最小=  0.98ms
[2025-08-01 00:06:30] [target_detect] rendering           : 平均=  0.83ms, 最大=  2.34ms, 最小=  0.69ms
[2025-08-01 00:06:30] [target_detect] total               : 平均= 28.76ms, 最大= 54.84ms, 最小= 21.23ms
[2025-08-01 00:06:30] [target_detect] 当前FPS: 33.1
[2025-08-01 00:06:30] [target_detect] ============================================================
[2025-08-01 00:06:30] [target_detect] ============================================================
[2025-08-01 00:06:30] [target_detect] 性能统计 (最近100帧, 总帧数: 1800)
[2025-08-01 00:06:30] [target_detect] ============================================================
[2025-08-01 00:06:30] [target_detect] preprocess          : 平均= 17.00ms, 最大= 24.43ms, 最小= 10.89ms
[2025-08-01 00:06:30] [target_detect] rectangle_detection : 平均=  1.21ms, 最大=  4.62ms, 最小=  0.46ms
[2025-08-01 00:06:30] [target_detect] circle_detection    : 平均=  3.17ms, 最大=  9.42ms, 最小=  1.78ms
[2025-08-01 00:06:30] [target_detect] laser_detection     : 平均=  1.23ms, 最大=  4.41ms, 最小=  0.98ms
[2025-08-01 00:06:30] [target_detect] rendering           : 平均=  0.84ms, 最大=  2.56ms, 最小=  0.65ms
[2025-08-01 00:06:30] [target_detect] total               : 平均= 27.59ms, 最大= 39.17ms, 最小= 19.34ms
[2025-08-01 00:06:30] [target_detect] 当前FPS: 30.5
[2025-08-01 00:06:30] [target_detect] ============================================================
[2025-08-01 00:06:30] [target_detect] ============================================================
[2025-08-01 00:06:30] [target_detect] 性能统计 (最近100帧, 总帧数: 1900)
[2025-08-01 00:06:30] [target_detect] ============================================================
[2025-08-01 00:06:30] [target_detect] preprocess          : 平均= 17.36ms, 最大= 24.62ms, 最小= 13.94ms
[2025-08-01 00:06:30] [target_detect] rectangle_detection : 平均=  1.21ms, 最大=  4.35ms, 最小=  0.46ms
[2025-08-01 00:06:30] [target_detect] circle_detection    : 平均=  3.51ms, 最大= 11.44ms, 最小=  1.77ms
[2025-08-01 00:06:30] [target_detect] laser_detection     : 平均=  1.25ms, 最大=  4.97ms, 最小=  0.96ms
[2025-08-01 00:06:30] [target_detect] rendering           : 平均=  0.86ms, 最大=  2.63ms, 最小=  0.67ms
[2025-08-01 00:06:30] [target_detect] total               : 平均= 28.84ms, 最大= 40.49ms, 最小= 22.38ms
[2025-08-01 00:06:30] [target_detect] 当前FPS: 29.7
[2025-08-01 00:06:30] [target_detect] ============================================================
[2025-08-01 00:06:30] [target_detect] ============================================================
[2025-08-01 00:06:30] [target_detect] 性能统计 (最近100帧, 总帧数: 2000)
[2025-08-01 00:06:30] [target_detect] ============================================================
[2025-08-01 00:06:30] [target_detect] preprocess          : 平均= 18.52ms, 最大= 32.80ms, 最小= 13.61ms
[2025-08-01 00:06:30] [target_detect] rectangle_detection : 平均=  1.25ms, 最大=  5.55ms, 最小=  0.46ms
[2025-08-01 00:06:30] [target_detect] circle_detection    : 平均=  3.54ms, 最大= 13.37ms, 最小=  1.76ms
[2025-08-01 00:06:30] [target_detect] laser_detection     : 平均=  1.43ms, 最大=  6.02ms, 最小=  0.97ms
[2025-08-01 00:06:30] [target_detect] rendering           : 平均=  0.90ms, 最大=  2.53ms, 最小=  0.67ms
[2025-08-01 00:06:30] [target_detect] total               : 平均= 31.38ms, 最大= 67.71ms, 最小= 22.09ms
[2025-08-01 00:06:30] [target_detect] 当前FPS: 31.2
[2025-08-01 00:06:30] [target_detect] ============================================================
[2025-08-01 00:06:30] [target_detect] ============================================================
[2025-08-01 00:06:30] [target_detect] 性能统计 (最近100帧, 总帧数: 2100)
[2025-08-01 00:06:30] [target_detect] ============================================================
[2025-08-01 00:06:30] [target_detect] preprocess          : 平均= 16.85ms, 最大= 24.36ms, 最小= 13.70ms
[2025-08-01 00:06:30] [target_detect] rectangle_detection : 平均=  1.23ms, 最大=  4.24ms, 最小=  0.46ms
[2025-08-01 00:06:30] [target_detect] circle_detection    : 平均=  3.10ms, 最大= 11.02ms, 最小=  1.79ms
[2025-08-01 00:06:30] [target_detect] laser_detection     : 平均=  1.14ms, 最大=  2.42ms, 最小=  0.98ms
[2025-08-01 00:06:30] [target_detect] rendering           : 平均=  0.80ms, 最大=  2.44ms, 最小=  0.67ms
[2025-08-01 00:06:30] [target_detect] total               : 平均= 27.11ms, 最大= 44.50ms, 最小= 20.93ms
[2025-08-01 00:06:30] [target_detect] 当前FPS: 30.3
[2025-08-01 00:06:30] [target_detect] ============================================================
[2025-08-01 00:06:30] [target_detect] ============================================================
[2025-08-01 00:06:30] [target_detect] 性能统计 (最近100帧, 总帧数: 2200)
[2025-08-01 00:06:30] [target_detect] ============================================================
[2025-08-01 00:06:30] [target_detect] preprocess          : 平均= 16.74ms, 最大= 23.05ms, 最小= 12.44ms
[2025-08-01 00:06:30] [target_detect] rectangle_detection : 平均=  1.41ms, 最大=  8.63ms, 最小=  0.48ms
[2025-08-01 00:06:30] [target_detect] circle_detection    : 平均=  3.47ms, 最大= 10.35ms, 最小=  1.74ms
[2025-08-01 00:06:30] [target_detect] laser_detection     : 平均=  1.17ms, 最大=  3.46ms, 最小=  0.98ms
[2025-08-01 00:06:30] [target_detect] rendering           : 平均=  0.81ms, 最大=  1.56ms, 最小=  0.68ms
[2025-08-01 00:06:30] [target_detect] total               : 平均= 27.44ms, 最大= 48.36ms, 最小= 20.63ms
[2025-08-01 00:06:30] [target_detect] 当前FPS: 30.3
[2025-08-01 00:06:30] [target_detect] ============================================================
[2025-08-01 00:06:30] [target_detect] ============================================================
[2025-08-01 00:06:30] [target_detect] 性能统计 (最近100帧, 总帧数: 2300)
[2025-08-01 00:06:30] [target_detect] ============================================================
[2025-08-01 00:06:30] [target_detect] preprocess          : 平均= 17.79ms, 最大= 27.78ms, 最小= 12.96ms
[2025-08-01 00:06:30] [target_detect] rectangle_detection : 平均=  1.30ms, 最大=  5.47ms, 最小=  0.47ms
[2025-08-01 00:06:30] [target_detect] circle_detection    : 平均=  3.68ms, 最大=  9.75ms, 最小=  1.89ms
[2025-08-01 00:06:30] [target_detect] laser_detection     : 平均=  1.27ms, 最大=  4.85ms, 最小=  0.98ms
[2025-08-01 00:06:30] [target_detect] rendering           : 平均=  0.93ms, 最大=  3.21ms, 最小=  0.68ms
[2025-08-01 00:06:30] [target_detect] total               : 平均= 29.75ms, 最大= 45.88ms, 最小= 21.93ms
[2025-08-01 00:06:30] [target_detect] 当前FPS: 30.6
[2025-08-01 00:06:30] [target_detect] ============================================================
[2025-08-01 00:06:30] [target_detect] ============================================================
[2025-08-01 00:06:30] [target_detect] 性能统计 (最近100帧, 总帧数: 2400)
[2025-08-01 00:06:30] [target_detect] ============================================================
[2025-08-01 00:06:30] [target_detect] preprocess          : 平均= 17.59ms, 最大= 26.56ms, 最小= 11.26ms
[2025-08-01 00:06:30] [target_detect] rectangle_detection : 平均=  1.35ms, 最大=  4.33ms, 最小=  0.46ms
[2025-08-01 00:06:30] [target_detect] circle_detection    : 平均=  3.54ms, 最大=  9.56ms, 最小=  1.83ms
[2025-08-01 00:06:30] [target_detect] laser_detection     : 平均=  1.33ms, 最大=  4.13ms, 最小=  0.98ms
[2025-08-01 00:06:30] [target_detect] rendering           : 平均=  0.87ms, 最大=  1.93ms, 最小=  0.68ms
[2025-08-01 00:06:30] [target_detect] total               : 平均= 29.55ms, 最大= 49.30ms, 最小= 22.59ms
[2025-08-01 00:06:30] [target_detect] 当前FPS: 30.7
[2025-08-01 00:06:30] [target_detect] ============================================================
[2025-08-01 00:06:30] [target_detect] ============================================================
[2025-08-01 00:06:30] [target_detect] 性能统计 (最近100帧, 总帧数: 2500)
[2025-08-01 00:07:09] [target_detect] ============================================================
[2025-08-01 00:07:09] [target_detect] preprocess          : 平均= 17.51ms, 最大= 25.16ms, 最小= 11.47ms
[2025-08-01 00:07:09] [target_detect] rectangle_detection : 平均=  1.48ms, 最大=  5.79ms, 最小=  0.47ms
[2025-08-01 00:07:09] [target_detect] circle_detection    : 平均=  3.44ms, 最大= 11.25ms, 最小=  1.83ms
[2025-08-01 00:07:09] [target_detect] laser_detection     : 平均=  1.36ms, 最大=  4.75ms, 最小=  1.01ms
[2025-08-01 00:07:09] [target_detect] rendering           : 平均=  0.95ms, 最大=  2.79ms, 最小=  0.69ms
[2025-08-01 00:07:09] [target_detect] total               : 平均= 29.31ms, 最大= 40.08ms, 最小= 21.05ms
[2025-08-01 00:07:09] [target_detect] 当前FPS: 29.7
[2025-08-01 00:07:09] [target_detect] ============================================================
[2025-08-01 00:07:09] [target_detect] ============================================================
[2025-08-01 00:07:09] [target_detect] 性能统计 (最近100帧, 总帧数: 2600)
[2025-08-01 00:07:09] [target_detect] ============================================================
[2025-08-01 00:07:09] [target_detect] preprocess          : 平均= 17.80ms, 最大= 28.09ms, 最小= 13.41ms
[2025-08-01 00:07:10] [target_detect] rectangle_detection : 平均=  1.28ms, 最大=  4.09ms, 最小=  0.48ms
[2025-08-01 00:07:10] [target_detect] circle_detection    : 平均=  3.36ms, 最大= 11.66ms, 最小=  1.76ms
[2025-08-01 00:07:10] [target_detect] laser_detection     : 平均=  1.23ms, 最大=  3.28ms, 最小=  0.98ms
[2025-08-01 00:07:10] [target_detect] rendering           : 平均=  0.92ms, 最大=  2.01ms, 最小=  0.68ms
[2025-08-01 00:07:10] [target_detect] total               : 平均= 29.38ms, 最大= 42.83ms, 最小= 21.74ms
[2025-08-01 00:07:10] [target_detect] 当前FPS: 30.2
[2025-08-01 00:07:10] [target_detect] ============================================================
[2025-08-01 00:07:10] [target_detect] ============================================================
[2025-08-01 00:07:10] [target_detect] 性能统计 (最近100帧, 总帧数: 2700)
[2025-08-01 00:07:10] [target_detect] ============================================================
[2025-08-01 00:07:10] [target_detect] preprocess          : 平均= 16.41ms, 最大= 23.37ms, 最小= 12.39ms
[2025-08-01 00:07:10] [target_detect] rectangle_detection : 平均=  1.30ms, 最大=  3.55ms, 最小=  0.46ms
[2025-08-01 00:07:10] [target_detect] circle_detection    : 平均=  3.05ms, 最大=  8.89ms, 最小=  1.79ms
[2025-08-01 00:07:10] [target_detect] laser_detection     : 平均=  1.28ms, 最大=  3.64ms, 最小=  0.99ms
[2025-08-01 00:07:10] [target_detect] rendering           : 平均=  0.86ms, 最大=  2.42ms, 最小=  0.66ms
[2025-08-01 00:07:10] [target_detect] total               : 平均= 27.33ms, 最大= 41.85ms, 最小= 20.47ms
[2025-08-01 00:07:10] [target_detect] 当前FPS: 30.6
[2025-08-01 00:07:10] [target_detect] ============================================================
[2025-08-01 00:07:10] [target_detect] ============================================================
[2025-08-01 00:07:10] [target_detect] 性能统计 (最近100帧, 总帧数: 2800)
[2025-08-01 00:07:10] [target_detect] ============================================================
[2025-08-01 00:07:10] [target_detect] preprocess          : 平均= 17.17ms, 最大= 25.36ms, 最小= 11.77ms
[2025-08-01 00:07:10] [target_detect] rectangle_detection : 平均=  1.31ms, 最大=  8.61ms, 最小=  0.46ms
[2025-08-01 00:07:10] [target_detect] circle_detection    : 平均=  3.24ms, 最大=  9.63ms, 最小=  1.79ms
[2025-08-01 00:07:10] [target_detect] laser_detection     : 平均=  1.27ms, 最大=  4.16ms, 最小=  0.99ms
[2025-08-01 00:07:10] [target_detect] rendering           : 平均=  0.90ms, 最大=  3.02ms, 最小=  0.67ms
[2025-08-01 00:07:10] [target_detect] total               : 平均= 28.46ms, 最大= 44.94ms, 最小= 20.50ms
[2025-08-01 00:07:10] [target_detect] 当前FPS: 30.4
[2025-08-01 00:07:10] [target_detect] ============================================================
[2025-08-01 00:07:10] [target_detect] ============================================================
[2025-08-01 00:07:10] [target_detect] 性能统计 (最近100帧, 总帧数: 2900)
[2025-08-01 00:07:10] [target_detect] ============================================================
[2025-08-01 00:07:10] [target_detect] preprocess          : 平均= 18.18ms, 最大= 26.31ms, 最小= 13.82ms
[2025-08-01 00:07:10] [target_detect] rectangle_detection : 平均=  1.21ms, 最大=  5.00ms, 最小=  0.47ms
[2025-08-01 00:07:10] [target_detect] circle_detection    : 平均=  3.16ms, 最大= 10.89ms, 最小=  1.82ms
[2025-08-01 00:07:10] [target_detect] laser_detection     : 平均=  1.27ms, 最大=  7.35ms, 最小=  1.00ms
[2025-08-01 00:07:10] [target_detect] rendering           : 平均=  0.99ms, 最大=  3.94ms, 最小=  0.62ms
[2025-08-01 00:07:10] [target_detect] total               : 平均= 29.48ms, 最大= 42.40ms, 最小= 22.04ms
[2025-08-01 00:07:10] [target_detect] 当前FPS: 30.8
[2025-08-01 00:07:10] [target_detect] ============================================================
[2025-08-01 00:07:10] [target_detect] ============================================================
[2025-08-01 00:07:10] [target_detect] 性能统计 (最近100帧, 总帧数: 3000)
[2025-08-01 00:07:10] [target_detect] ============================================================
[2025-08-01 00:07:10] [target_detect] preprocess          : 平均= 16.86ms, 最大= 23.12ms, 最小= 12.02ms
[2025-08-01 00:07:10] [target_detect] rectangle_detection : 平均=  1.30ms, 最大=  8.73ms, 最小=  0.26ms
[2025-08-01 00:07:10] [target_detect] circle_detection    : 平均=  2.76ms, 最大=  8.17ms, 最小=  1.61ms
[2025-08-01 00:07:10] [target_detect] laser_detection     : 平均=  1.27ms, 最大=  4.47ms, 最小=  0.97ms
[2025-08-01 00:07:10] [target_detect] rendering           : 平均=  0.72ms, 最大=  1.35ms, 最小=  0.39ms
[2025-08-01 00:07:10] [target_detect] total               : 平均= 27.11ms, 最大= 39.92ms, 最小= 19.37ms
[2025-08-01 00:07:10] [target_detect] 当前FPS: 30.3
[2025-08-01 00:07:10] [target_detect] ============================================================
[2025-08-01 00:07:10] [target_detect] ============================================================
[2025-08-01 00:07:10] [target_detect] 性能统计 (最近100帧, 总帧数: 3100)
[2025-08-01 00:07:10] [target_detect] ============================================================
[2025-08-01 00:07:10] [target_detect] preprocess          : 平均= 17.13ms, 最大= 29.34ms, 最小= 12.37ms
[2025-08-01 00:07:10] [target_detect] rectangle_detection : 平均=  1.37ms, 最大=  8.24ms, 最小=  0.30ms
[2025-08-01 00:07:10] [target_detect] circle_detection    : 平均=  3.13ms, 最大= 11.50ms, 最小=  1.62ms
[2025-08-01 00:07:10] [target_detect] laser_detection     : 平均=  1.21ms, 最大=  3.61ms, 最小=  0.99ms
[2025-08-01 00:07:10] [target_detect] rendering           : 平均=  0.79ms, 最大=  2.03ms, 最小=  0.39ms
[2025-08-01 00:07:10] [target_detect] total               : 平均= 27.94ms, 最大= 44.55ms, 最小= 22.02ms
[2025-08-01 00:07:10] [target_detect] 当前FPS: 30.8
[2025-08-01 00:07:10] [target_detect] ============================================================
[2025-08-01 00:07:10] [target_detect] ============================================================
[2025-08-01 00:07:10] [target_detect] 性能统计 (最近100帧, 总帧数: 3200)
[2025-08-01 00:07:10] [target_detect] ============================================================
[2025-08-01 00:07:10] [target_detect] preprocess          : 平均= 17.52ms, 最大= 28.35ms, 最小= 12.09ms
[2025-08-01 00:07:10] [target_detect] rectangle_detection : 平均=  1.30ms, 最大=  8.13ms, 最小=  0.48ms
[2025-08-01 00:07:10] [target_detect] circle_detection    : 平均=  3.07ms, 最大=  8.53ms, 最小=  1.77ms
[2025-08-01 00:07:10] [target_detect] laser_detection     : 平均=  1.27ms, 最大=  3.69ms, 最小=  0.99ms
[2025-08-01 00:07:10] [target_detect] rendering           : 平均=  0.95ms, 最大=  2.47ms, 最小=  0.68ms
[2025-08-01 00:07:10] [target_detect] total               : 平均= 29.26ms, 最大= 47.02ms, 最小= 20.26ms
[2025-08-01 00:07:10] [target_detect] 当前FPS: 29.4
[2025-08-01 00:07:10] [target_detect] ============================================================
[2025-08-01 00:07:10] [target_detect] ============================================================
[2025-08-01 00:07:10] [target_detect] 性能统计 (最近100帧, 总帧数: 3300)
[2025-08-01 00:07:10] [target_detect] ============================================================
[2025-08-01 00:07:10] [target_detect] preprocess          : 平均= 17.20ms, 最大= 24.04ms, 最小= 11.93ms
[2025-08-01 00:07:10] [target_detect] rectangle_detection : 平均=  1.25ms, 最大=  7.63ms, 最小=  0.47ms
[2025-08-01 00:07:10] [target_detect] circle_detection    : 平均=  2.76ms, 最大=  8.37ms, 最小=  1.76ms
[2025-08-01 00:07:10] [target_detect] laser_detection     : 平均=  1.28ms, 最大=  4.38ms, 最小=  0.99ms
[2025-08-01 00:07:10] [target_detect] rendering           : 平均=  0.98ms, 最大=  2.53ms, 最小=  0.69ms
[2025-08-01 00:07:10] [target_detect] total               : 平均= 27.76ms, 最大= 36.68ms, 最小= 20.59ms
[2025-08-01 00:07:10] [target_detect] 当前FPS: 30.4
[2025-08-01 00:07:10] [target_detect] ============================================================
[2025-08-01 00:07:10] [target_detect] ============================================================
[2025-08-01 00:07:10] [target_detect] 性能统计 (最近100帧, 总帧数: 3400)
[2025-08-01 00:07:10] [target_detect] ============================================================
[2025-08-01 00:07:10] [target_detect] preprocess          : 平均= 16.30ms, 最大= 24.44ms, 最小= 11.62ms
[2025-08-01 00:07:10] [target_detect] rectangle_detection : 平均=  1.41ms, 最大=  4.27ms, 最小=  0.48ms
[2025-08-01 00:07:10] [target_detect] circle_detection    : 平均=  4.18ms, 最大= 30.95ms, 最小=  1.79ms
[2025-08-01 00:07:10] [target_detect] laser_detection     : 平均=  1.31ms, 最大=  4.77ms, 最小=  0.99ms
[2025-08-01 00:07:10] [target_detect] rendering           : 平均=  0.87ms, 最大=  2.31ms, 最小=  0.67ms
[2025-08-01 00:07:10] [target_detect] total               : 平均= 28.34ms, 最大= 50.88ms, 最小= 19.07ms
[2025-08-01 00:07:10] [target_detect] 当前FPS: 31.2
[2025-08-01 00:07:10] [target_detect] ============================================================
[2025-08-01 00:07:10] [target_detect] ============================================================
[2025-08-01 00:07:10] [target_detect] 性能统计 (最近100帧, 总帧数: 3500)
[2025-08-01 00:07:10] [target_detect] ============================================================
[2025-08-01 00:07:10] [target_detect] preprocess          : 平均= 16.23ms, 最大= 26.73ms, 最小=  9.97ms
[2025-08-01 00:07:10] [target_detect] rectangle_detection : 平均=  1.31ms, 最大=  3.01ms, 最小=  0.48ms
[2025-08-01 00:07:10] [target_detect] circle_detection    : 平均=  4.35ms, 最大= 18.64ms, 最小=  1.73ms
[2025-08-01 00:07:10] [target_detect] laser_detection     : 平均=  1.25ms, 最大=  7.68ms, 最小=  0.99ms
[2025-08-01 00:07:10] [target_detect] rendering           : 平均=  0.84ms, 最大=  2.51ms, 最小=  0.60ms
[2025-08-01 00:07:10] [target_detect] total               : 平均= 30.11ms, 最大= 58.97ms, 最小= 19.17ms
[2025-08-01 00:07:10] [target_detect] 当前FPS: 31.8
[2025-08-01 00:07:10] [target_detect] ============================================================
[2025-08-01 00:07:10] [target_detect] ============================================================
[2025-08-01 00:07:10] [target_detect] 性能统计 (最近100帧, 总帧数: 3600)
[2025-08-01 00:07:10] [target_detect] ============================================================
[2025-08-01 00:07:10] [target_detect] preprocess          : 平均= 16.05ms, 最大= 24.46ms, 最小= 12.20ms
[2025-08-01 00:07:10] [target_detect] rectangle_detection : 平均=  1.22ms, 最大=  3.99ms, 最小=  0.47ms
[2025-08-01 00:07:10] [target_detect] circle_detection    : 平均=  2.98ms, 最大=  9.62ms, 最小=  1.80ms
[2025-08-01 00:07:10] [target_detect] laser_detection     : 平均=  1.18ms, 最大=  3.01ms, 最小=  0.99ms
[2025-08-01 00:07:10] [target_detect] rendering           : 平均=  0.90ms, 最大=  2.94ms, 最小=  0.67ms
[2025-08-01 00:07:10] [target_detect] total               : 平均= 29.77ms, 最大= 41.66ms, 最小= 21.16ms
[2025-08-01 00:07:10] [target_detect] 当前FPS: 33.2
[2025-08-01 00:07:10] [target_detect] ============================================================
[2025-08-01 00:07:10] [target_detect] ============================================================
[2025-08-01 00:07:10] [target_detect] 性能统计 (最近100帧, 总帧数: 3700)
[2025-08-01 00:07:10] [target_detect] ============================================================
[2025-08-01 00:07:49] [target_detect] preprocess          : 平均= 16.06ms, 最大= 28.28ms, 最小= 12.59ms
[2025-08-01 00:07:49] [target_detect] rectangle_detection : 平均=  1.42ms, 最大= 14.26ms, 最小=  0.47ms
[2025-08-01 00:07:49] [target_detect] circle_detection    : 平均=  4.06ms, 最大= 17.79ms, 最小=  1.77ms
[2025-08-01 00:07:49] [target_detect] laser_detection     : 平均=  1.22ms, 最大=  2.76ms, 最小=  0.99ms
[2025-08-01 00:07:49] [target_detect] rendering           : 平均=  0.97ms, 最大=  4.43ms, 最小=  0.68ms
[2025-08-01 00:07:49] [target_detect] total               : 平均= 29.56ms, 最大= 53.28ms, 最小= 20.64ms
[2025-08-01 00:07:49] [target_detect] 当前FPS: 29.8
[2025-08-01 00:07:49] [target_detect] ============================================================
[2025-08-01 00:07:49] [target_detect] ============================================================
[2025-08-01 00:07:49] [target_detect] 性能统计 (最近100帧, 总帧数: 3800)
[2025-08-01 00:07:49] [target_detect] ============================================================
[2025-08-01 00:07:49] [target_detect] preprocess          : 平均= 16.20ms, 最大= 26.09ms, 最小= 11.83ms
[2025-08-01 00:07:49] [target_detect] rectangle_detection : 平均=  1.30ms, 最大=  3.11ms, 最小=  0.48ms
[2025-08-01 00:07:49] [target_detect] circle_detection    : 平均=  2.78ms, 最大= 19.09ms, 最小=  1.77ms
[2025-08-01 00:07:49] [target_detect] laser_detection     : 平均=  1.15ms, 最大=  2.58ms, 最小=  0.99ms
[2025-08-01 00:07:49] [target_detect] rendering           : 平均=  0.88ms, 最大=  2.21ms, 最小=  0.67ms
[2025-08-01 00:07:49] [target_detect] total               : 平均= 29.33ms, 最大= 44.20ms, 最小= 20.84ms
[2025-08-01 00:07:49] [target_detect] 当前FPS: 31.3
[2025-08-01 00:07:49] [target_detect] ============================================================
[2025-08-01 00:07:49] [target_detect] ============================================================
[2025-08-01 00:07:49] [target_detect] 性能统计 (最近100帧, 总帧数: 3900)
[2025-08-01 00:07:49] [target_detect] ============================================================
[2025-08-01 00:07:49] [target_detect] preprocess          : 平均= 15.61ms, 最大= 22.08ms, 最小= 10.36ms
[2025-08-01 00:07:49] [target_detect] rectangle_detection : 平均=  1.21ms, 最大=  8.68ms, 最小=  0.48ms
[2025-08-01 00:07:49] [target_detect] circle_detection    : 平均=  3.12ms, 最大= 15.81ms, 最小=  1.78ms
[2025-08-01 00:07:49] [target_detect] laser_detection     : 平均=  1.19ms, 最大=  3.41ms, 最小=  0.98ms
[2025-08-01 00:07:49] [target_detect] rendering           : 平均=  0.93ms, 最大=  5.74ms, 最小=  0.67ms
[2025-08-01 00:07:49] [target_detect] total               : 平均= 28.61ms, 最大= 45.87ms, 最小= 20.80ms
[2025-08-01 00:07:49] [target_detect] 当前FPS: 29.2
[2025-08-01 00:07:49] [target_detect] ============================================================
[2025-08-01 00:07:49] [target_detect] ============================================================
[2025-08-01 00:07:49] [target_detect] 性能统计 (最近100帧, 总帧数: 4000)
[2025-08-01 00:07:50] [target_detect] ============================================================
[2025-08-01 00:07:50] [target_detect] preprocess          : 平均= 16.33ms, 最大= 24.73ms, 最小= 10.48ms
[2025-08-01 00:07:50] [target_detect] rectangle_detection : 平均=  1.27ms, 最大=  4.42ms, 最小=  0.48ms
[2025-08-01 00:07:50] [target_detect] circle_detection    : 平均=  3.73ms, 最大= 12.40ms, 最小=  1.76ms
[2025-08-01 00:07:50] [target_detect] laser_detection     : 平均=  1.33ms, 最大=  3.84ms, 最小=  0.97ms
[2025-08-01 00:07:50] [target_detect] rendering           : 平均=  0.90ms, 最大=  2.65ms, 最小=  0.68ms
[2025-08-01 00:07:50] [target_detect] total               : 平均= 31.51ms, 最大= 52.73ms, 最小= 19.31ms
[2025-08-01 00:07:50] [target_detect] 当前FPS: 31.7
[2025-08-01 00:07:50] [target_detect] ============================================================
[2025-08-01 00:07:50] [target_detect] ============================================================
[2025-08-01 00:07:50] [target_detect] 性能统计 (最近100帧, 总帧数: 4100)
[2025-08-01 00:07:50] [target_detect] ============================================================
[2025-08-01 00:07:50] [target_detect] preprocess          : 平均= 15.62ms, 最大= 22.81ms, 最小= 12.05ms
[2025-08-01 00:07:50] [target_detect] rectangle_detection : 平均=  1.25ms, 最大=  8.75ms, 最小=  0.47ms
[2025-08-01 00:07:50] [target_detect] circle_detection    : 平均=  3.15ms, 最大=  9.80ms, 最小=  1.79ms
[2025-08-01 00:07:50] [target_detect] laser_detection     : 平均=  1.20ms, 最大=  3.66ms, 最小=  0.98ms
[2025-08-01 00:07:50] [target_detect] rendering           : 平均=  0.84ms, 最大=  1.70ms, 最小=  0.68ms
[2025-08-01 00:07:50] [target_detect] total               : 平均= 28.90ms, 最大= 46.94ms, 最小= 20.03ms
[2025-08-01 00:07:50] [target_detect] 当前FPS: 30.7
[2025-08-01 00:07:50] [target_detect] ============================================================
[2025-08-01 00:07:50] [target_detect] ============================================================
[2025-08-01 00:07:50] [target_detect] 性能统计 (最近100帧, 总帧数: 4200)
[2025-08-01 00:07:50] [target_detect] ============================================================
[2025-08-01 00:07:50] [target_detect] preprocess          : 平均= 15.95ms, 最大= 28.51ms, 最小= 11.66ms
[2025-08-01 00:07:50] [target_detect] rectangle_detection : 平均=  1.06ms, 最大=  3.65ms, 最小=  0.46ms
[2025-08-01 00:07:50] [target_detect] circle_detection    : 平均=  2.91ms, 最大=  9.19ms, 最小=  1.77ms
[2025-08-01 00:07:50] [target_detect] laser_detection     : 平均=  1.15ms, 最大=  4.57ms, 最小=  0.97ms
[2025-08-01 00:07:50] [target_detect] rendering           : 平均=  0.80ms, 最大=  1.56ms, 最小=  0.68ms
[2025-08-01 00:07:50] [target_detect] total               : 平均= 29.30ms, 最大= 45.60ms, 最小= 19.40ms
[2025-08-01 00:07:50] [target_detect] 当前FPS: 31.2
[2025-08-01 00:07:50] [target_detect] ============================================================
[2025-08-01 00:07:50] [target_detect] ============================================================
[2025-08-01 00:07:50] [target_detect] 性能统计 (最近100帧, 总帧数: 4300)
[2025-08-01 00:07:50] [target_detect] ============================================================
[2025-08-01 00:07:50] [target_detect] preprocess          : 平均= 16.52ms, 最大= 24.43ms, 最小= 12.43ms
[2025-08-01 00:07:50] [target_detect] rectangle_detection : 平均=  1.37ms, 最大= 10.50ms, 最小=  0.47ms
[2025-08-01 00:07:50] [target_detect] circle_detection    : 平均=  3.03ms, 最大= 12.41ms, 最小=  1.74ms
[2025-08-01 00:07:50] [target_detect] laser_detection     : 平均=  1.16ms, 最大=  3.54ms, 最小=  0.97ms
[2025-08-01 00:07:50] [target_detect] rendering           : 平均=  0.85ms, 最大=  5.66ms, 最小=  0.67ms
[2025-08-01 00:07:50] [target_detect] total               : 平均= 32.04ms, 最大= 62.21ms, 最小= 21.23ms
[2025-08-01 00:07:50] [target_detect] 当前FPS: 30.2
[2025-08-01 00:07:50] [target_detect] ============================================================
[2025-08-01 00:07:50] [target_detect] ============================================================
[2025-08-01 00:07:50] [target_detect] 性能统计 (最近100帧, 总帧数: 4400)
[2025-08-01 00:07:50] [target_detect] ============================================================
[2025-08-01 00:07:50] [target_detect] preprocess          : 平均= 16.13ms, 最大= 28.90ms, 最小= 11.96ms
[2025-08-01 00:07:50] [target_detect] rectangle_detection : 平均=  0.99ms, 最大=  3.77ms, 最小=  0.47ms
[2025-08-01 00:07:50] [target_detect] circle_detection    : 平均=  3.55ms, 最大= 14.01ms, 最小=  1.82ms
[2025-08-01 00:07:50] [target_detect] laser_detection     : 平均=  1.20ms, 最大=  2.42ms, 最小=  0.99ms
[2025-08-01 00:07:50] [target_detect] rendering           : 平均=  0.87ms, 最大=  2.07ms, 最小=  0.68ms
[2025-08-01 00:07:50] [target_detect] total               : 平均= 29.83ms, 最大= 50.11ms, 最小= 21.55ms
[2025-08-01 00:07:50] [target_detect] 当前FPS: 33.0
[2025-08-01 00:07:50] [target_detect] ============================================================
[2025-08-01 00:07:50] [target_detect] ============================================================
[2025-08-01 00:07:50] [target_detect] 性能统计 (最近100帧, 总帧数: 4500)
[2025-08-01 00:07:50] [target_detect] ============================================================
[2025-08-01 00:07:50] [target_detect] preprocess          : 平均= 16.36ms, 最大= 25.60ms, 最小= 13.03ms
[2025-08-01 00:07:50] [target_detect] rectangle_detection : 平均=  1.00ms, 最大=  3.18ms, 最小=  0.47ms
[2025-08-01 00:07:50] [target_detect] circle_detection    : 平均=  3.37ms, 最大= 10.23ms, 最小=  1.76ms
[2025-08-01 00:07:50] [target_detect] laser_detection     : 平均=  1.14ms, 最大=  3.82ms, 最小=  0.97ms
[2025-08-01 00:07:50] [target_detect] rendering           : 平均=  0.74ms, 最大=  1.17ms, 最小=  0.67ms
[2025-08-01 00:07:50] [target_detect] total               : 平均= 30.58ms, 最大= 41.84ms, 最小= 21.17ms
[2025-08-01 00:07:50] [target_detect] 当前FPS: 30.3
[2025-08-01 00:07:50] [target_detect] ============================================================
[2025-08-01 00:07:50] [target_detect] ============================================================
[2025-08-01 00:07:50] [target_detect] 性能统计 (最近100帧, 总帧数: 4600)
[2025-08-01 00:07:50] [target_detect] ============================================================
[2025-08-01 00:07:50] [target_detect] preprocess          : 平均= 16.03ms, 最大= 28.15ms, 最小= 12.01ms
[2025-08-01 00:07:50] [target_detect] rectangle_detection : 平均=  1.35ms, 最大=  7.55ms, 最小=  0.35ms
[2025-08-01 00:07:50] [target_detect] circle_detection    : 平均=  2.90ms, 最大= 11.99ms, 最小=  1.51ms
[2025-08-01 00:07:50] [target_detect] laser_detection     : 平均=  1.22ms, 最大=  4.18ms, 最小=  0.97ms
[2025-08-01 00:07:50] [target_detect] rendering           : 平均=  0.75ms, 最大=  3.86ms, 最小=  0.39ms
[2025-08-01 00:07:50] [target_detect] total               : 平均= 30.29ms, 最大= 44.53ms, 最小= 20.88ms
[2025-08-01 00:07:50] [target_detect] 当前FPS: 29.9
[2025-08-01 00:07:50] [target_detect] ============================================================
[2025-08-01 00:07:50] [target_detect] ============================================================
[2025-08-01 00:07:50] [target_detect] 性能统计 (最近100帧, 总帧数: 4700)
[2025-08-01 00:07:50] [target_detect] ============================================================
[2025-08-01 00:07:50] [target_detect] preprocess          : 平均= 15.89ms, 最大= 24.71ms, 最小= 11.00ms
[2025-08-01 00:07:50] [target_detect] rectangle_detection : 平均=  1.09ms, 最大=  5.90ms, 最小=  0.24ms
[2025-08-01 00:07:50] [target_detect] circle_detection    : 平均=  3.17ms, 最大= 12.64ms, 最小=  1.40ms
[2025-08-01 00:07:50] [target_detect] laser_detection     : 平均=  1.30ms, 最大=  5.09ms, 最小=  0.97ms
[2025-08-01 00:07:50] [target_detect] rendering           : 平均=  0.74ms, 最大=  2.10ms, 最小=  0.39ms
[2025-08-01 00:07:50] [target_detect] total               : 平均= 28.00ms, 最大= 47.55ms, 最小= 19.20ms
[2025-08-01 00:07:50] [target_detect] 当前FPS: 27.8
[2025-08-01 00:07:50] [target_detect] ============================================================
[2025-08-01 00:07:50] [target_detect] ============================================================
[2025-08-01 00:07:50] [target_detect] 性能统计 (最近100帧, 总帧数: 4800)
[2025-08-01 00:07:50] [target_detect] ============================================================
[2025-08-01 00:07:50] [target_detect] preprocess          : 平均= 16.67ms, 最大= 36.77ms, 最小= 10.88ms
[2025-08-01 00:07:50] [target_detect] rectangle_detection : 平均=  1.03ms, 最大=  3.38ms, 最小=  0.32ms
[2025-08-01 00:07:50] [target_detect] circle_detection    : 平均=  3.01ms, 最大=  9.93ms, 最小=  1.33ms
[2025-08-01 00:07:50] [target_detect] laser_detection     : 平均=  1.22ms, 最大=  3.68ms, 最小=  0.98ms
[2025-08-01 00:07:50] [target_detect] rendering           : 平均=  0.64ms, 最大=  2.43ms, 最小=  0.38ms
[2025-08-01 00:07:50] [target_detect] total               : 平均= 30.32ms, 最大= 61.93ms, 最小= 18.38ms
[2025-08-01 00:07:50] [target_detect] 当前FPS: 30.9
[2025-08-01 00:07:50] [target_detect] ============================================================
[2025-08-01 00:07:50] [target_detect] ============================================================
[2025-08-01 00:07:50] [target_detect] 性能统计 (最近100帧, 总帧数: 4900)
[2025-08-01 00:07:50] [target_detect] ============================================================
[2025-08-01 00:07:50] [target_detect] preprocess          : 平均= 16.00ms, 最大= 22.70ms, 最小= 12.31ms
[2025-08-01 00:08:29] [target_detect] rectangle_detection : 平均=  1.05ms, 最大=  2.98ms, 最小=  0.22ms
[2025-08-01 00:08:29] [target_detect] circle_detection    : 平均=  2.60ms, 最大=  9.60ms, 最小=  1.42ms
[2025-08-01 00:08:29] [target_detect] laser_detection     : 平均=  1.17ms, 最大=  3.21ms, 最小=  0.98ms
[2025-08-01 00:08:29] [target_detect] rendering           : 平均=  0.84ms, 最大=  1.64ms, 最小=  0.40ms
[2025-08-01 00:08:29] [target_detect] total               : 平均= 29.15ms, 最大= 42.15ms, 最小= 20.90ms
[2025-08-01 00:08:29] [target_detect] 当前FPS: 30.5
[2025-08-01 00:08:29] [target_detect] ============================================================
[2025-08-01 00:08:29] [target_detect] ============================================================
[2025-08-01 00:08:29] [target_detect] 性能统计 (最近100帧, 总帧数: 5000)
[2025-08-01 00:08:29] [target_detect] ============================================================
[2025-08-01 00:08:29] [target_detect] preprocess          : 平均= 15.90ms, 最大= 21.66ms, 最小= 12.37ms
[2025-08-01 00:08:29] [target_detect] rectangle_detection : 平均=  1.46ms, 最大=  9.02ms, 最小=  0.36ms
[2025-08-01 00:08:29] [target_detect] circle_detection    : 平均=  3.26ms, 最大= 10.49ms, 最小=  1.41ms
[2025-08-01 00:08:29] [target_detect] laser_detection     : 平均=  1.24ms, 最大=  3.97ms, 最小=  0.97ms
[2025-08-01 00:08:29] [target_detect] rendering           : 平均=  0.84ms, 最大=  2.12ms, 最小=  0.41ms
[2025-08-01 00:08:29] [target_detect] total               : 平均= 28.58ms, 最大= 49.78ms, 最小= 21.22ms
[2025-08-01 00:08:29] [target_detect] 当前FPS: 30.7
[2025-08-01 00:08:29] [target_detect] ============================================================
[2025-08-01 00:08:29] [target_detect] ============================================================
[2025-08-01 00:08:29] [target_detect] 性能统计 (最近100帧, 总帧数: 5100)
[2025-08-01 00:08:29] [target_detect] ============================================================
[2025-08-01 00:08:29] [target_detect] preprocess          : 平均= 16.16ms, 最大= 27.99ms, 最小= 13.27ms
[2025-08-01 00:08:29] [target_detect] rectangle_detection : 平均=  1.14ms, 最大=  4.18ms, 最小=  0.31ms
[2025-08-01 00:08:29] [target_detect] circle_detection    : 平均=  3.42ms, 最大= 12.95ms, 最小=  1.49ms
[2025-08-01 00:08:29] [target_detect] laser_detection     : 平均=  1.24ms, 最大=  3.88ms, 最小=  0.98ms
[2025-08-01 00:08:29] [target_detect] rendering           : 平均=  0.78ms, 最大=  3.28ms, 最小=  0.39ms
[2025-08-01 00:08:29] [target_detect] total               : 平均= 29.46ms, 最大= 46.99ms, 最小= 20.44ms
[2025-08-01 00:08:29] [target_detect] 当前FPS: 30.8
[2025-08-01 00:08:29] [target_detect] ============================================================
[2025-08-01 00:08:29] [target_detect] ============================================================
[2025-08-01 00:08:29] [target_detect] 性能统计 (最近100帧, 总帧数: 5200)
[2025-08-01 00:08:29] [target_detect] ============================================================
[2025-08-01 00:08:29] [target_detect] preprocess          : 平均= 16.47ms, 最大= 23.60ms, 最小= 11.81ms
[2025-08-01 00:08:29] [target_detect] rectangle_detection : 平均=  1.51ms, 最大=  7.71ms, 最小=  0.49ms
[2025-08-01 00:08:29] [target_detect] circle_detection    : 平均=  3.75ms, 最大= 15.18ms, 最小=  1.84ms
[2025-08-01 00:08:29] [target_detect] laser_detection     : 平均=  1.19ms, 最大=  2.85ms, 最小=  0.99ms
[2025-08-01 00:08:29] [target_detect] rendering           : 平均=  0.83ms, 最大=  1.63ms, 最小=  0.66ms
[2025-08-01 00:08:29] [target_detect] total               : 平均= 32.32ms, 最大= 47.82ms, 最小= 20.24ms
[2025-08-01 00:08:29] [target_detect] 当前FPS: 28.2
[2025-08-01 00:08:29] [target_detect] ============================================================
[2025-08-01 00:08:29] [target_detect] ============================================================
[2025-08-01 00:08:29] [target_detect] 性能统计 (最近100帧, 总帧数: 5300)
[2025-08-01 00:08:29] [target_detect] ============================================================
[2025-08-01 00:08:29] [target_detect] preprocess          : 平均= 16.40ms, 最大= 22.16ms, 最小= 12.22ms
[2025-08-01 00:08:29] [target_detect] rectangle_detection : 平均=  1.39ms, 最大=  5.74ms, 最小=  0.40ms
[2025-08-01 00:08:29] [target_detect] circle_detection    : 平均=  3.22ms, 最大= 11.41ms, 最小=  1.73ms
[2025-08-01 00:08:29] [target_detect] laser_detection     : 平均=  1.17ms, 最大=  2.80ms, 最小=  0.99ms
[2025-08-01 00:08:29] [target_detect] rendering           : 平均=  0.82ms, 最大=  1.82ms, 最小=  0.60ms
[2025-08-01 00:08:29] [target_detect] total               : 平均= 29.89ms, 最大= 49.90ms, 最小= 20.69ms
[2025-08-01 00:08:29] [target_detect] 当前FPS: 31.9
[2025-08-01 00:08:29] [target_detect] ============================================================
[2025-08-01 00:08:30] [target_detect] ============================================================
[2025-08-01 00:08:30] [target_detect] 性能统计 (最近100帧, 总帧数: 5400)
[2025-08-01 00:08:30] [target_detect] ============================================================
[2025-08-01 00:08:30] [target_detect] preprocess          : 平均= 16.38ms, 最大= 30.66ms, 最小= 13.12ms
[2025-08-01 00:08:30] [target_detect] rectangle_detection : 平均=  1.26ms, 最大= 11.20ms, 最小=  0.49ms
[2025-08-01 00:08:30] [target_detect] circle_detection    : 平均=  3.17ms, 最大= 16.13ms, 最小=  1.79ms
[2025-08-01 00:08:30] [target_detect] laser_detection     : 平均=  1.17ms, 最大=  2.91ms, 最小=  0.98ms
[2025-08-01 00:08:30] [target_detect] rendering           : 平均=  0.79ms, 最大=  1.60ms, 最小=  0.66ms
[2025-08-01 00:08:30] [target_detect] total               : 平均= 29.70ms, 最大= 42.88ms, 最小= 21.72ms
[2025-08-01 00:08:30] [target_detect] 当前FPS: 31.1
[2025-08-01 00:08:30] [target_detect] ============================================================
[2025-08-01 00:08:30] [target_detect] ============================================================
[2025-08-01 00:08:30] [target_detect] 性能统计 (最近100帧, 总帧数: 5500)
[2025-08-01 00:08:30] [target_detect] ============================================================
[2025-08-01 00:08:30] [target_detect] preprocess          : 平均= 16.14ms, 最大= 27.88ms, 最小= 11.36ms
[2025-08-01 00:08:30] [target_detect] rectangle_detection : 平均=  1.28ms, 最大=  9.02ms, 最小=  0.49ms
[2025-08-01 00:08:30] [target_detect] circle_detection    : 平均=  3.12ms, 最大= 11.34ms, 最小=  1.76ms
[2025-08-01 00:08:30] [target_detect] laser_detection     : 平均=  1.22ms, 最大=  4.19ms, 最小=  1.00ms
[2025-08-01 00:08:30] [target_detect] rendering           : 平均=  0.89ms, 最大=  2.11ms, 最小=  0.67ms
[2025-08-01 00:08:30] [target_detect] total               : 平均= 30.05ms, 最大= 43.84ms, 最小= 19.86ms
[2025-08-01 00:08:30] [target_detect] 当前FPS: 30.2
[2025-08-01 00:08:30] [target_detect] ============================================================
[2025-08-01 00:08:30] [target_detect] ============================================================
[2025-08-01 00:08:30] [target_detect] 性能统计 (最近100帧, 总帧数: 5600)
[2025-08-01 00:08:30] [target_detect] ============================================================
[2025-08-01 00:08:30] [target_detect] preprocess          : 平均= 17.06ms, 最大= 24.77ms, 最小= 12.63ms
[2025-08-01 00:08:30] [target_detect] rectangle_detection : 平均=  1.35ms, 最大=  5.67ms, 最小=  0.50ms
[2025-08-01 00:08:30] [target_detect] circle_detection    : 平均=  3.95ms, 最大= 13.03ms, 最小=  1.84ms
[2025-08-01 00:08:30] [target_detect] laser_detection     : 平均=  1.35ms, 最大=  7.66ms, 最小=  1.01ms
[2025-08-01 00:08:30] [target_detect] rendering           : 平均=  0.99ms, 最大=  3.19ms, 最小=  0.68ms
[2025-08-01 00:08:30] [target_detect] total               : 平均= 30.28ms, 最大= 49.33ms, 最小= 22.39ms
[2025-08-01 00:08:30] [target_detect] 当前FPS: 30.2
[2025-08-01 00:08:30] [target_detect] ============================================================
[2025-08-01 00:08:30] [target_detect] ============================================================
[2025-08-01 00:08:30] [target_detect] 性能统计 (最近100帧, 总帧数: 5700)
[2025-08-01 00:08:30] [target_detect] ============================================================
[2025-08-01 00:08:30] [target_detect] preprocess          : 平均= 17.99ms, 最大= 26.38ms, 最小= 11.99ms
[2025-08-01 00:08:30] [target_detect] rectangle_detection : 平均=  1.66ms, 最大=  9.41ms, 最小=  0.50ms
[2025-08-01 00:08:30] [target_detect] circle_detection    : 平均=  4.21ms, 最大= 16.28ms, 最小=  1.90ms
[2025-08-01 00:08:30] [target_detect] laser_detection     : 平均=  1.35ms, 最大=  4.20ms, 最小=  0.99ms
[2025-08-01 00:08:30] [target_detect] rendering           : 平均=  0.90ms, 最大=  4.08ms, 最小=  0.67ms
[2025-08-01 00:08:30] [target_detect] total               : 平均= 30.18ms, 最大= 44.59ms, 最小= 23.03ms
[2025-08-01 00:08:30] [target_detect] 当前FPS: 30.1
[2025-08-01 00:08:30] [target_detect] ============================================================
[2025-08-01 00:08:30] [target_detect] ============================================================
[2025-08-01 00:08:30] [target_detect] 性能统计 (最近100帧, 总帧数: 5800)
[2025-08-01 00:08:30] [target_detect] ============================================================
[2025-08-01 00:08:30] [target_detect] preprocess          : 平均= 17.30ms, 最大= 22.43ms, 最小= 12.05ms
[2025-08-01 00:08:30] [target_detect] rectangle_detection : 平均=  1.52ms, 最大= 15.13ms, 最小=  0.51ms
[2025-08-01 00:08:30] [target_detect] circle_detection    : 平均=  3.46ms, 最大= 14.39ms, 最小=  1.80ms
[2025-08-01 00:08:30] [target_detect] laser_detection     : 平均=  1.39ms, 最大=  4.81ms, 最小=  1.00ms
[2025-08-01 00:08:30] [target_detect] rendering           : 平均=  0.88ms, 最大=  2.63ms, 最小=  0.67ms
[2025-08-01 00:08:30] [target_detect] total               : 平均= 28.72ms, 最大= 38.83ms, 最小= 21.06ms
[2025-08-01 00:08:30] [target_detect] 当前FPS: 30.4
[2025-08-01 00:08:30] [target_detect] ============================================================
[2025-08-01 00:08:30] [target_detect] ============================================================
[2025-08-01 00:08:30] [target_detect] 性能统计 (最近100帧, 总帧数: 5900)
[2025-08-01 00:08:30] [target_detect] ============================================================
[2025-08-01 00:08:30] [target_detect] preprocess          : 平均= 17.28ms, 最大= 24.29ms, 最小= 11.14ms
[2025-08-01 00:08:30] [target_detect] rectangle_detection : 平均=  1.52ms, 最大=  5.63ms, 最小=  0.51ms
[2025-08-01 00:08:30] [target_detect] circle_detection    : 平均=  3.61ms, 最大= 13.90ms, 最小=  1.87ms
[2025-08-01 00:08:30] [target_detect] laser_detection     : 平均=  1.32ms, 最大=  4.14ms, 最小=  0.98ms
[2025-08-01 00:08:30] [target_detect] rendering           : 平均=  0.86ms, 最大=  2.20ms, 最小=  0.67ms
[2025-08-01 00:08:30] [target_detect] total               : 平均= 28.98ms, 最大= 54.07ms, 最小= 21.49ms
[2025-08-01 00:08:30] [target_detect] 当前FPS: 31.0
[2025-08-01 00:08:30] [target_detect] ============================================================
[2025-08-01 00:08:30] [target_detect] ============================================================
[2025-08-01 00:08:30] [target_detect] 性能统计 (最近100帧, 总帧数: 6000)
[2025-08-01 00:08:30] [target_detect] ============================================================
[2025-08-01 00:08:30] [target_detect] preprocess          : 平均= 17.22ms, 最大= 25.01ms, 最小= 12.26ms
[2025-08-01 00:08:30] [target_detect] rectangle_detection : 平均=  1.51ms, 最大=  4.01ms, 最小=  0.49ms
[2025-08-01 00:08:30] [target_detect] circle_detection    : 平均=  3.57ms, 最大= 10.48ms, 最小=  1.88ms
[2025-08-01 00:08:30] [target_detect] laser_detection     : 平均=  1.27ms, 最大=  4.13ms, 最小=  0.99ms
[2025-08-01 00:08:30] [target_detect] rendering           : 平均=  0.85ms, 最大=  2.44ms, 最小=  0.67ms
[2025-08-01 00:08:30] [target_detect] total               : 平均= 28.52ms, 最大= 41.02ms, 最小= 22.64ms
[2025-08-01 00:08:30] [target_detect] 当前FPS: 31.2
[2025-08-01 00:08:30] [target_detect] ============================================================
[2025-08-01 00:08:30] [target_detect] ============================================================
[2025-08-01 00:08:30] [target_detect] 性能统计 (最近100帧, 总帧数: 6100)
[2025-08-01 00:08:30] [target_detect] ============================================================
[2025-08-01 00:08:30] [target_detect] preprocess          : 平均= 17.81ms, 最大= 30.97ms, 最小= 11.45ms
[2025-08-01 00:08:30] [target_detect] rectangle_detection : 平均=  1.34ms, 最大=  5.78ms, 最小=  0.50ms
[2025-08-01 00:09:09] [target_detect] circle_detection    : 平均=  3.83ms, 最大= 10.20ms, 最小=  1.82ms
[2025-08-01 00:09:09] [target_detect] laser_detection     : 平均=  1.38ms, 最大=  4.18ms, 最小=  0.99ms
[2025-08-01 00:09:09] [target_detect] rendering           : 平均=  0.90ms, 最大=  2.17ms, 最小=  0.68ms
[2025-08-01 00:09:09] [target_detect] total               : 平均= 30.13ms, 最大= 45.56ms, 最小= 22.86ms
[2025-08-01 00:09:09] [target_detect] 当前FPS: 30.7
[2025-08-01 00:09:09] [target_detect] ============================================================
[2025-08-01 00:09:09] [target_detect] ============================================================
[2025-08-01 00:09:09] [target_detect] 性能统计 (最近100帧, 总帧数: 6200)
[2025-08-01 00:09:09] [target_detect] ============================================================
[2025-08-01 00:09:09] [target_detect] preprocess          : 平均= 17.85ms, 最大= 30.57ms, 最小= 13.82ms
[2025-08-01 00:09:09] [target_detect] rectangle_detection : 平均=  1.52ms, 最大=  6.41ms, 最小=  0.50ms
[2025-08-01 00:09:09] [target_detect] circle_detection    : 平均=  3.56ms, 最大= 13.01ms, 最小=  1.79ms
[2025-08-01 00:09:09] [target_detect] laser_detection     : 平均=  1.38ms, 最大=  4.38ms, 最小=  0.99ms
[2025-08-01 00:09:09] [target_detect] rendering           : 平均=  0.86ms, 最大=  2.41ms, 最小=  0.66ms
[2025-08-01 00:09:09] [target_detect] total               : 平均= 29.24ms, 最大= 49.27ms, 最小= 21.96ms
[2025-08-01 00:09:09] [target_detect] 当前FPS: 30.5
[2025-08-01 00:09:09] [target_detect] ============================================================
[2025-08-01 00:09:09] [target_detect] ============================================================
[2025-08-01 00:09:09] [target_detect] 性能统计 (最近100帧, 总帧数: 6300)
[2025-08-01 00:09:09] [target_detect] ============================================================
[2025-08-01 00:09:09] [target_detect] preprocess          : 平均= 17.93ms, 最大= 24.61ms, 最小= 10.14ms
[2025-08-01 00:09:09] [target_detect] rectangle_detection : 平均=  1.60ms, 最大=  5.48ms, 最小=  0.49ms
[2025-08-01 00:09:09] [target_detect] circle_detection    : 平均=  3.89ms, 最大= 13.28ms, 最小=  1.87ms
[2025-08-01 00:09:09] [target_detect] laser_detection     : 平均=  1.36ms, 最大=  3.82ms, 最小=  1.00ms
[2025-08-01 00:09:09] [target_detect] rendering           : 平均=  0.95ms, 最大=  3.10ms, 最小=  0.68ms
[2025-08-01 00:09:09] [target_detect] total               : 平均= 29.78ms, 最大= 41.29ms, 最小= 22.45ms
[2025-08-01 00:09:09] [target_detect] 当前FPS: 30.8
[2025-08-01 00:09:09] [target_detect] ============================================================
[2025-08-01 00:09:09] [target_detect] ============================================================
[2025-08-01 00:09:09] [target_detect] 性能统计 (最近100帧, 总帧数: 6400)
[2025-08-01 00:09:09] [target_detect] ============================================================
[2025-08-01 00:09:09] [target_detect] preprocess          : 平均= 18.43ms, 最大= 29.49ms, 最小= 13.34ms
[2025-08-01 00:09:09] [target_detect] rectangle_detection : 平均=  1.74ms, 最大=  6.00ms, 最小=  0.49ms
[2025-08-01 00:09:09] [target_detect] circle_detection    : 平均=  4.15ms, 最大= 11.86ms, 最小=  1.83ms
[2025-08-01 00:09:09] [target_detect] laser_detection     : 平均=  1.48ms, 最大=  5.80ms, 最小=  1.01ms
[2025-08-01 00:09:09] [target_detect] rendering           : 平均=  1.05ms, 最大=  3.23ms, 最小=  0.68ms
[2025-08-01 00:09:09] [target_detect] total               : 平均= 30.87ms, 最大= 44.98ms, 最小= 23.64ms
[2025-08-01 00:09:09] [target_detect] 当前FPS: 31.1
[2025-08-01 00:09:09] [target_detect] ============================================================
[2025-08-01 00:09:09] [target_detect] ============================================================
[2025-08-01 00:09:09] [target_detect] 性能统计 (最近100帧, 总帧数: 6500)
[2025-08-01 00:09:09] [target_detect] ============================================================
[2025-08-01 00:09:09] [target_detect] preprocess          : 平均= 19.35ms, 最大= 27.74ms, 最小= 14.04ms
[2025-08-01 00:09:09] [target_detect] rectangle_detection : 平均=  1.57ms, 最大= 11.74ms, 最小=  0.49ms
[2025-08-01 00:09:09] [target_detect] circle_detection    : 平均=  4.41ms, 最大= 13.69ms, 最小=  1.83ms
[2025-08-01 00:09:09] [target_detect] laser_detection     : 平均=  1.42ms, 最大=  4.94ms, 最小=  1.00ms
[2025-08-01 00:09:09] [target_detect] rendering           : 平均=  1.03ms, 最大=  6.84ms, 最小=  0.67ms
[2025-08-01 00:09:09] [target_detect] total               : 平均= 32.05ms, 最大= 46.14ms, 最小= 24.04ms
[2025-08-01 00:09:09] [target_detect] 当前FPS: 31.5
[2025-08-01 00:09:09] [target_detect] ============================================================
[2025-08-01 00:09:09] [target_detect] ============================================================
[2025-08-01 00:09:09] [target_detect] 性能统计 (最近100帧, 总帧数: 6600)
[2025-08-01 00:09:09] [target_detect] ============================================================
[2025-08-01 00:09:09] [target_detect] preprocess          : 平均= 17.97ms, 最大= 25.40ms, 最小= 13.75ms
[2025-08-01 00:09:09] [target_detect] rectangle_detection : 平均=  1.43ms, 最大=  8.20ms, 最小=  0.50ms
[2025-08-01 00:09:09] [target_detect] circle_detection    : 平均=  4.04ms, 最大= 10.99ms, 最小=  1.87ms
[2025-08-01 00:09:09] [target_detect] laser_detection     : 平均=  1.31ms, 最大=  4.97ms, 最小=  1.00ms
[2025-08-01 00:09:09] [target_detect] rendering           : 平均=  0.95ms, 最大=  3.56ms, 最小=  0.67ms
[2025-08-01 00:09:09] [target_detect] total               : 平均= 29.83ms, 最大= 40.83ms, 最小= 22.34ms
[2025-08-01 00:09:09] [target_detect] 当前FPS: 31.1
[2025-08-01 00:09:09] [target_detect] ============================================================
[2025-08-01 00:09:09] [target_detect] ============================================================
[2025-08-01 00:09:09] [target_detect] 性能统计 (最近100帧, 总帧数: 6700)
[2025-08-01 00:09:09] [target_detect] ============================================================
[2025-08-01 00:09:09] [target_detect] preprocess          : 平均= 17.63ms, 最大= 27.83ms, 最小= 13.40ms
[2025-08-01 00:09:09] [target_detect] rectangle_detection : 平均=  1.36ms, 最大=  6.74ms, 最小=  0.49ms
[2025-08-01 00:09:09] [target_detect] circle_detection    : 平均=  3.41ms, 最大= 11.79ms, 最小=  1.88ms
[2025-08-01 00:09:09] [target_detect] laser_detection     : 平均=  1.29ms, 最大=  2.74ms, 最小=  1.00ms
[2025-08-01 00:09:09] [target_detect] rendering           : 平均=  0.97ms, 最大=  2.98ms, 最小=  0.67ms
[2025-08-01 00:09:09] [target_detect] total               : 平均= 28.92ms, 最大= 41.80ms, 最小= 23.28ms
[2025-08-01 00:09:09] [target_detect] 当前FPS: 30.5
[2025-08-01 00:09:09] [target_detect] ============================================================
[2025-08-01 00:09:09] [target_detect] ============================================================
[2025-08-01 00:09:09] [target_detect] 性能统计 (最近100帧, 总帧数: 6800)
[2025-08-01 00:09:09] [target_detect] ============================================================
[2025-08-01 00:09:09] [target_detect] preprocess          : 平均= 18.21ms, 最大= 30.12ms, 最小= 12.70ms
[2025-08-01 00:09:09] [target_detect] rectangle_detection : 平均=  1.36ms, 最大=  5.05ms, 最小=  0.49ms
[2025-08-01 00:09:10] [target_detect] circle_detection    : 平均=  3.89ms, 最大= 11.17ms, 最小=  1.83ms
[2025-08-01 00:09:10] [target_detect] laser_detection     : 平均=  1.45ms, 最大=  7.06ms, 最小=  0.99ms
[2025-08-01 00:09:10] [target_detect] rendering           : 平均=  0.99ms, 最大=  2.37ms, 最小=  0.68ms
[2025-08-01 00:09:10] [target_detect] total               : 平均= 30.35ms, 最大= 45.70ms, 最小= 21.19ms
[2025-08-01 00:09:10] [target_detect] 当前FPS: 30.2
[2025-08-01 00:09:10] [target_detect] ============================================================
[2025-08-01 00:09:10] [target_detect] ============================================================
[2025-08-01 00:09:10] [target_detect] 性能统计 (最近100帧, 总帧数: 6900)
[2025-08-01 00:09:10] [target_detect] ============================================================
[2025-08-01 00:09:10] [target_detect] preprocess          : 平均= 18.53ms, 最大= 25.56ms, 最小= 13.45ms
[2025-08-01 00:09:10] [target_detect] rectangle_detection : 平均=  1.77ms, 最大=  7.21ms, 最小=  0.51ms
[2025-08-01 00:09:10] [target_detect] circle_detection    : 平均=  4.16ms, 最大= 13.27ms, 最小=  1.89ms
[2025-08-01 00:09:10] [target_detect] laser_detection     : 平均=  1.45ms, 最大=  5.23ms, 最小=  0.99ms
[2025-08-01 00:09:10] [target_detect] rendering           : 平均=  0.99ms, 最大=  2.92ms, 最小=  0.68ms
[2025-08-01 00:09:10] [target_detect] total               : 平均= 30.65ms, 最大= 47.04ms, 最小= 21.87ms
[2025-08-01 00:09:10] [target_detect] 当前FPS: 31.0
[2025-08-01 00:09:10] [target_detect] ============================================================
[2025-08-01 00:09:10] [target_detect] ============================================================
[2025-08-01 00:09:10] [target_detect] 性能统计 (最近100帧, 总帧数: 7000)
[2025-08-01 00:09:10] [target_detect] ============================================================
[2025-08-01 00:09:10] [target_detect] preprocess          : 平均= 20.09ms, 最大= 27.61ms, 最小= 14.26ms
[2025-08-01 00:09:10] [target_detect] rectangle_detection : 平均=  1.44ms, 最大=  4.56ms, 最小=  0.51ms
[2025-08-01 00:09:10] [target_detect] circle_detection    : 平均=  4.21ms, 最大= 11.16ms, 最小=  1.84ms
[2025-08-01 00:09:10] [target_detect] laser_detection     : 平均=  1.40ms, 最大=  5.05ms, 最小=  1.00ms
[2025-08-01 00:09:10] [target_detect] rendering           : 平均=  1.04ms, 最大=  3.02ms, 最小=  0.67ms
[2025-08-01 00:09:10] [target_detect] total               : 平均= 32.94ms, 最大= 49.94ms, 最小= 24.04ms
[2025-08-01 00:09:10] [target_detect] 当前FPS: 30.1
[2025-08-01 00:09:10] [target_detect] ============================================================
[2025-08-01 00:09:10] [target_detect] ============================================================
[2025-08-01 00:09:10] [target_detect] 性能统计 (最近100帧, 总帧数: 7100)
[2025-08-01 00:09:10] [target_detect] ============================================================
[2025-08-01 00:09:10] [target_detect] preprocess          : 平均= 20.88ms, 最大= 34.19ms, 最小= 13.21ms
[2025-08-01 00:09:10] [target_detect] rectangle_detection : 平均=  1.20ms, 最大=  4.30ms, 最小=  0.52ms
[2025-08-01 00:09:10] [target_detect] circle_detection    : 平均=  3.98ms, 最大= 15.26ms, 最小=  1.89ms
[2025-08-01 00:09:10] [target_detect] laser_detection     : 平均=  1.27ms, 最大=  4.60ms, 最小=  1.04ms
[2025-08-01 00:09:10] [target_detect] rendering           : 平均=  0.99ms, 最大=  4.11ms, 最小=  0.69ms
[2025-08-01 00:09:10] [target_detect] total               : 平均= 32.83ms, 最大= 48.38ms, 最小= 24.48ms
[2025-08-01 00:09:10] [target_detect] 当前FPS: 30.3
[2025-08-01 00:09:10] [target_detect] ============================================================
[2025-08-01 00:09:10] [target_detect] ============================================================
[2025-08-01 00:09:10] [target_detect] 性能统计 (最近100帧, 总帧数: 7200)
[2025-08-01 00:09:10] [target_detect] ============================================================
[2025-08-01 00:09:10] [target_detect] preprocess          : 平均= 20.01ms, 最大= 29.95ms, 最小= 13.51ms
[2025-08-01 00:09:10] [target_detect] rectangle_detection : 平均=  1.56ms, 最大= 11.89ms, 最小=  0.52ms
[2025-08-01 00:09:10] [target_detect] circle_detection    : 平均=  4.02ms, 最大= 13.22ms, 最小=  1.88ms
[2025-08-01 00:09:10] [target_detect] laser_detection     : 平均=  1.28ms, 最大=  5.52ms, 最小=  1.03ms
[2025-08-01 00:09:10] [target_detect] rendering           : 平均=  0.94ms, 最大=  2.00ms, 最小=  0.68ms
[2025-08-01 00:09:10] [target_detect] total               : 平均= 32.22ms, 最大= 43.14ms, 最小= 25.80ms
[2025-08-01 00:09:10] [target_detect] 当前FPS: 31.2
[2025-08-01 00:09:10] [target_detect] ============================================================
[2025-08-01 00:09:10] [target_detect] ============================================================
[2025-08-01 00:09:10] [target_detect] 性能统计 (最近100帧, 总帧数: 7300)
[2025-08-01 00:09:10] [target_detect] ============================================================
[2025-08-01 00:09:10] [target_detect] preprocess          : 平均= 19.49ms, 最大= 25.76ms, 最小= 11.64ms
[2025-08-01 00:09:10] [target_detect] rectangle_detection : 平均=  1.43ms, 最大=  4.58ms, 最小=  0.50ms
[2025-08-01 00:09:10] [target_detect] circle_detection    : 平均=  4.07ms, 最大= 15.50ms, 最小=  2.13ms
[2025-08-01 00:09:50] [target_detect] laser_detection     : 平均=  1.43ms, 最大=  5.25ms, 最小=  1.03ms
[2025-08-01 00:09:50] [target_detect] rendering           : 平均=  1.02ms, 最大=  3.20ms, 最小=  0.69ms
[2025-08-01 00:09:50] [target_detect] total               : 平均= 31.84ms, 最大= 47.02ms, 最小= 23.24ms
[2025-08-01 00:09:50] [target_detect] 当前FPS: 30.8
[2025-08-01 00:09:50] [target_detect] ============================================================
[2025-08-01 00:09:50] [target_detect] ============================================================
[2025-08-01 00:09:50] [target_detect] 性能统计 (最近100帧, 总帧数: 7400)
[2025-08-01 00:09:50] [target_detect] ============================================================
[2025-08-01 00:09:50] [target_detect] preprocess          : 平均= 20.53ms, 最大= 36.09ms, 最小= 13.94ms
[2025-08-01 00:09:50] [target_detect] rectangle_detection : 平均=  1.63ms, 最大=  6.98ms, 最小=  0.52ms
[2025-08-01 00:09:50] [target_detect] circle_detection    : 平均=  4.25ms, 最大= 17.10ms, 最小=  1.93ms
[2025-08-01 00:09:50] [target_detect] laser_detection     : 平均=  1.43ms, 最大=  4.67ms, 最小=  1.03ms
[2025-08-01 00:09:50] [target_detect] rendering           : 平均=  1.00ms, 最大=  4.00ms, 最小=  0.69ms
[2025-08-01 00:09:50] [target_detect] total               : 平均= 33.30ms, 最大= 56.10ms, 最小= 24.45ms
[2025-08-01 00:09:50] [target_detect] 当前FPS: 30.8
[2025-08-01 00:09:50] [target_detect] ============================================================
[2025-08-01 00:09:50] [target_detect] ============================================================
[2025-08-01 00:09:50] [target_detect] 性能统计 (最近100帧, 总帧数: 7500)
[2025-08-01 00:09:50] [target_detect] ============================================================
[2025-08-01 00:09:50] [target_detect] preprocess          : 平均= 19.55ms, 最大= 27.57ms, 最小= 12.52ms
[2025-08-01 00:09:50] [target_detect] rectangle_detection : 平均=  1.72ms, 最大=  9.39ms, 最小=  0.51ms
[2025-08-01 00:09:50] [target_detect] circle_detection    : 平均=  4.22ms, 最大= 12.12ms, 最小=  1.87ms
[2025-08-01 00:09:50] [target_detect] laser_detection     : 平均=  1.40ms, 最大=  4.24ms, 最小=  1.02ms
[2025-08-01 00:09:50] [target_detect] rendering           : 平均=  0.90ms, 最大=  1.88ms, 最小=  0.68ms
[2025-08-01 00:09:50] [target_detect] total               : 平均= 32.00ms, 最大= 42.44ms, 最小= 23.38ms
[2025-08-01 00:09:50] [target_detect] 当前FPS: 29.6
[2025-08-01 00:09:50] [target_detect] ============================================================
[2025-08-01 00:09:50] [target_detect] ============================================================
[2025-08-01 00:09:50] [target_detect] 性能统计 (最近100帧, 总帧数: 7600)
[2025-08-01 00:09:50] [target_detect] ============================================================
[2025-08-01 00:09:50] [target_detect] preprocess          : 平均= 20.21ms, 最大= 27.87ms, 最小= 14.49ms
[2025-08-01 00:09:50] [target_detect] rectangle_detection : 平均=  1.52ms, 最大=  9.58ms, 最小=  0.51ms
[2025-08-01 00:09:50] [target_detect] circle_detection    : 平均=  3.82ms, 最大= 13.32ms, 最小=  2.16ms
[2025-08-01 00:09:50] [target_detect] laser_detection     : 平均=  1.35ms, 最大=  4.27ms, 最小=  1.03ms
[2025-08-01 00:09:50] [target_detect] rendering           : 平均=  0.91ms, 最大=  2.59ms, 最小=  0.67ms
[2025-08-01 00:09:50] [target_detect] total               : 平均= 32.19ms, 最大= 47.02ms, 最小= 23.90ms
[2025-08-01 00:09:50] [target_detect] 当前FPS: 29.3
[2025-08-01 00:09:50] [target_detect] ============================================================
[2025-08-01 00:09:50] [target_detect] ============================================================
[2025-08-01 00:09:50] [target_detect] 性能统计 (最近100帧, 总帧数: 7700)
[2025-08-01 00:09:50] [target_detect] ============================================================
[2025-08-01 00:09:50] [target_detect] preprocess          : 平均= 20.16ms, 最大= 29.45ms, 最小= 14.09ms
[2025-08-01 00:09:50] [target_detect] rectangle_detection : 平均=  1.61ms, 最大=  5.94ms, 最小=  0.53ms
[2025-08-01 00:09:50] [target_detect] circle_detection    : 平均=  3.67ms, 最大= 14.57ms, 最小=  2.16ms
[2025-08-01 00:09:50] [target_detect] laser_detection     : 平均=  1.40ms, 最大=  4.83ms, 最小=  1.05ms
[2025-08-01 00:09:50] [target_detect] rendering           : 平均=  1.05ms, 最大=  3.49ms, 最小=  0.69ms
[2025-08-01 00:09:50] [target_detect] total               : 平均= 32.30ms, 最大= 47.49ms, 最小= 25.45ms
[2025-08-01 00:09:50] [target_detect] 当前FPS: 31.2
[2025-08-01 00:09:50] [target_detect] ============================================================
[2025-08-01 00:09:50] [target_detect] ============================================================
[2025-08-01 00:09:50] [target_detect] 性能统计 (最近100帧, 总帧数: 7800)
[2025-08-01 00:09:50] [target_detect] ============================================================
[2025-08-01 00:09:50] [target_detect] preprocess          : 平均= 20.43ms, 最大= 33.70ms, 最小= 11.64ms
[2025-08-01 00:09:50] [target_detect] rectangle_detection : 平均=  1.55ms, 最大=  4.67ms, 最小=  0.52ms
[2025-08-01 00:09:50] [target_detect] circle_detection    : 平均=  4.26ms, 最大= 14.02ms, 最小=  1.95ms
[2025-08-01 00:09:50] [target_detect] laser_detection     : 平均=  1.35ms, 最大=  4.41ms, 最小=  1.03ms
[2025-08-01 00:09:50] [target_detect] rendering           : 平均=  1.01ms, 最大=  3.07ms, 最小=  0.67ms
[2025-08-01 00:09:50] [target_detect] total               : 平均= 32.82ms, 最大= 44.99ms, 最小= 23.68ms
[2025-08-01 00:09:50] [target_detect] 当前FPS: 29.5
[2025-08-01 00:09:50] [target_detect] ============================================================
[2025-08-01 00:09:50] [target_detect] ============================================================
[2025-08-01 00:09:50] [target_detect] 性能统计 (最近100帧, 总帧数: 7900)
[2025-08-01 00:09:50] [target_detect] ============================================================
[2025-08-01 00:09:50] [target_detect] preprocess          : 平均= 20.45ms, 最大= 28.29ms, 最小= 13.09ms
[2025-08-01 00:09:50] [target_detect] rectangle_detection : 平均=  1.64ms, 最大=  7.56ms, 最小=  0.52ms
[2025-08-01 00:09:50] [target_detect] circle_detection    : 平均=  5.06ms, 最大= 13.85ms, 最小=  2.05ms
[2025-08-01 00:09:50] [target_detect] laser_detection     : 平均=  1.44ms, 最大=  4.98ms, 最小=  1.04ms
[2025-08-01 00:09:50] [target_detect] rendering           : 平均=  1.05ms, 最大=  3.44ms, 最小=  0.70ms
[2025-08-01 00:09:50] [target_detect] total               : 平均= 34.01ms, 最大= 54.83ms, 最小= 25.12ms
[2025-08-01 00:09:50] [target_detect] 当前FPS: 31.0
[2025-08-01 00:09:50] [target_detect] ============================================================
[2025-08-01 00:09:50] [target_detect] ============================================================
[2025-08-01 00:09:50] [target_detect] 性能统计 (最近100帧, 总帧数: 8000)
[2025-08-01 00:09:50] [target_detect] ============================================================
[2025-08-01 00:09:50] [target_detect] preprocess          : 平均= 20.42ms, 最大= 27.09ms, 最小= 13.08ms
[2025-08-01 00:09:50] [target_detect] rectangle_detection : 平均=  1.72ms, 最大=  6.46ms, 最小=  0.52ms
[2025-08-01 00:09:50] [target_detect] circle_detection    : 平均=  4.55ms, 最大= 15.10ms, 最小=  1.87ms
[2025-08-01 00:09:50] [target_detect] laser_detection     : 平均=  1.44ms, 最大=  6.08ms, 最小=  1.05ms
[2025-08-01 00:09:50] [target_detect] rendering           : 平均=  1.06ms, 最大=  2.81ms, 最小=  0.70ms
[2025-08-01 00:09:50] [target_detect] total               : 平均= 33.86ms, 最大= 46.64ms, 最小= 24.95ms
[2025-08-01 00:09:50] [target_detect] 当前FPS: 29.2
[2025-08-01 00:09:50] [target_detect] ============================================================
[2025-08-01 00:09:50] [target_detect] ============================================================
[2025-08-01 00:09:50] [target_detect] 性能统计 (最近100帧, 总帧数: 8100)
[2025-08-01 00:09:50] [target_detect] ============================================================
[2025-08-01 00:09:50] [target_detect] preprocess          : 平均= 20.53ms, 最大= 28.16ms, 最小= 12.83ms
[2025-08-01 00:09:50] [target_detect] rectangle_detection : 平均=  1.78ms, 最大=  7.95ms, 最小=  0.53ms
[2025-08-01 00:09:50] [target_detect] circle_detection    : 平均=  4.26ms, 最大= 13.00ms, 最小=  1.82ms
[2025-08-01 00:09:50] [target_detect] laser_detection     : 平均=  1.45ms, 最大=  4.43ms, 最小=  1.07ms
[2025-08-01 00:09:50] [target_detect] rendering           : 平均=  1.11ms, 最大=  4.16ms, 最小=  0.71ms
[2025-08-01 00:09:50] [target_detect] total               : 平均= 33.39ms, 最大= 49.98ms, 最小= 24.39ms
[2025-08-01 00:09:50] [target_detect] 当前FPS: 29.8
[2025-08-01 00:09:50] [target_detect] ============================================================
[2025-08-01 00:09:50] [target_detect] ============================================================
[2025-08-01 00:09:50] [target_detect] 性能统计 (最近100帧, 总帧数: 8200)
[2025-08-01 00:09:50] [target_detect] ============================================================
[2025-08-01 00:09:50] [target_detect] preprocess          : 平均= 20.02ms, 最大= 30.53ms, 最小= 14.24ms
[2025-08-01 00:09:50] [target_detect] rectangle_detection : 平均=  1.47ms, 最大=  8.95ms, 最小=  0.37ms
[2025-08-01 00:09:50] [target_detect] circle_detection    : 平均=  3.69ms, 最大= 12.10ms, 最小=  1.58ms
[2025-08-01 00:09:50] [target_detect] laser_detection     : 平均=  1.48ms, 最大=  4.93ms, 最小=  1.02ms
[2025-08-01 00:09:50] [target_detect] rendering           : 平均=  0.85ms, 最大=  2.75ms, 最小=  0.40ms
[2025-08-01 00:09:50] [target_detect] total               : 平均= 32.24ms, 最大= 49.45ms, 最小= 23.80ms
[2025-08-01 00:09:50] [target_detect] 当前FPS: 30.2
[2025-08-01 00:09:50] [target_detect] ============================================================
[2025-08-01 00:09:50] [target_detect] ============================================================
[2025-08-01 00:09:50] [target_detect] 性能统计 (最近100帧, 总帧数: 8300)
[2025-08-01 00:09:50] [target_detect] ============================================================
[2025-08-01 00:09:50] [target_detect] preprocess          : 平均= 19.70ms, 最大= 29.56ms, 最小= 12.47ms
[2025-08-01 00:09:50] [target_detect] rectangle_detection : 平均=  1.20ms, 最大= 10.84ms, 最小=  0.36ms
[2025-08-01 00:09:50] [target_detect] circle_detection    : 平均=  4.76ms, 最大= 30.15ms, 最小=  1.62ms
[2025-08-01 00:09:50] [target_detect] laser_detection     : 平均=  1.37ms, 最大=  4.97ms, 最小=  1.02ms
[2025-08-01 00:09:50] [target_detect] rendering           : 平均=  0.61ms, 最大=  3.19ms, 最小=  0.39ms
[2025-08-01 00:09:50] [target_detect] total               : 平均= 32.44ms, 最大= 54.11ms, 最小= 21.92ms
[2025-08-01 00:09:50] [target_detect] 当前FPS: 28.7
[2025-08-01 00:09:50] [target_detect] ============================================================
[2025-08-01 00:09:50] [target_detect] ============================================================
[2025-08-01 00:09:50] [target_detect] 性能统计 (最近100帧, 总帧数: 8400)
[2025-08-01 00:09:50] [target_detect] ============================================================
[2025-08-01 00:09:50] [target_detect] preprocess          : 平均= 20.82ms, 最大= 33.99ms, 最小= 12.62ms
[2025-08-01 00:09:50] [target_detect] rectangle_detection : 平均=  1.74ms, 最大= 13.18ms, 最小=  0.54ms
[2025-08-01 00:09:50] [target_detect] circle_detection    : 平均=  4.09ms, 最大= 12.00ms, 最小=  1.93ms
[2025-08-01 00:09:50] [target_detect] laser_detection     : 平均=  1.35ms, 最大=  3.49ms, 最小=  1.08ms
[2025-08-01 00:09:50] [target_detect] rendering           : 平均=  1.05ms, 最大=  2.35ms, 最小=  0.59ms
[2025-08-01 00:09:50] [target_detect] total               : 平均= 34.19ms, 最大= 49.36ms, 最小= 22.27ms
[2025-08-01 00:09:50] [target_detect] 当前FPS: 29.5
[2025-08-01 00:09:50] [target_detect] ============================================================
[2025-08-01 00:09:50] [target_detect] ============================================================
[2025-08-01 00:09:50] [target_detect] 性能统计 (最近100帧, 总帧数: 8500)
[2025-08-01 00:09:50] [target_detect] ============================================================
[2025-08-01 00:09:50] [target_detect] preprocess          : 平均= 19.62ms, 最大= 30.03ms, 最小= 11.61ms
[2025-08-01 00:09:50] [target_detect] rectangle_detection : 平均=  1.76ms, 最大= 13.27ms, 最小=  0.36ms
[2025-08-01 00:09:50] [target_detect] circle_detection    : 平均=  3.75ms, 最大= 15.38ms, 最小=  1.56ms
[2025-08-01 00:09:50] [target_detect] laser_detection     : 平均=  1.39ms, 最大=  5.59ms, 最小=  1.02ms
