[2025-08-01 05:30:46] [target_detect] [INFO] [1753997446.376629184] [target_detection_node]: Camera resolution set to: 1920x1080
[2025-08-01 05:30:46] [target_detect] [INFO] [1753997446.380016551] [target_detection_node]: Target detection node started
[2025-08-01 05:30:46] [target_detect] [INFO] [1753997446.380439170] [target_detection_node]: Laser detection status: Disabled
[2025-08-01 05:30:47] [target_detect] [INFO] [1753997447.424875246] [target_detection_node]: ============================================================
[2025-08-01 05:30:47] [target_detect] [INFO] [1753997447.425558319] [target_detection_node]: Performance Stats (Recent 100 frames, Total frames: 0)
[2025-08-01 05:30:47] [target_detect] [INFO] [1753997447.426134936] [target_detection_node]: ============================================================
[2025-08-01 05:30:47] [target_detect] [INFO] [1753997447.426922716] [target_detection_node]: preprocess          : Avg= 28.63ms, Max= 48.30ms, Min= 16.52ms
[2025-08-01 05:30:47] [target_detect] [INFO] [1753997447.427612789] [target_detection_node]: rectangle_detection : Avg=  2.77ms, Max=  7.98ms, Min=  0.65ms
[2025-08-01 05:30:47] [target_detect] [INFO] [1753997447.428875687] [target_detection_node]: circle_detection    : Avg=  4.89ms, Max= 13.03ms, Min=  2.81ms
[2025-08-01 05:30:47] [target_detect] [INFO] [1753997447.430120210] [target_detection_node]: rendering           : Avg=  1.41ms, Max=  3.08ms, Min=  0.70ms
[2025-08-01 05:30:47] [target_detect] [INFO] [1753997447.431158237] [target_detection_node]: total               : Avg= 83.99ms, Max=304.66ms, Min= 39.02ms
[2025-08-01 05:30:47] [target_detect] [INFO] [1753997447.431950975] [target_detection_node]: Current FPS: 8.0
[2025-08-01 05:30:47] [target_detect] [INFO] [1753997447.432729422] [target_detection_node]: ============================================================
[2025-08-01 05:30:48] [target_detect] [INFO] [1753997448.433017063] [target_detection_node]: ============================================================
[2025-08-01 05:30:48] [target_detect] [INFO] [1753997448.433514056] [target_detection_node]: Performance Stats (Recent 100 frames, Total frames: 0)
[2025-08-01 05:30:48] [target_detect] [INFO] [1753997448.433923258] [target_detection_node]: ============================================================
[2025-08-01 05:30:48] [target_detect] [INFO] [1753997448.434509500] [target_detection_node]: preprocess          : Avg= 27.21ms, Max= 51.46ms, Min= 15.71ms
[2025-08-01 05:30:48] [target_detect] [INFO] [1753997448.435007659] [target_detection_node]: rectangle_detection : Avg=  2.48ms, Max= 14.31ms, Min=  0.62ms
[2025-08-01 05:30:48] [target_detect] [INFO] [1753997448.435486277] [target_detection_node]: circle_detection    : Avg=  5.82ms, Max= 17.31ms, Min=  2.70ms
[2025-08-01 05:30:48] [target_detect] [INFO] [1753997448.436000478] [target_detection_node]: rendering           : Avg=  1.11ms, Max=  3.08ms, Min=  0.68ms
[2025-08-01 05:30:48] [target_detect] [INFO] [1753997448.436491929] [target_detection_node]: total               : Avg= 51.51ms, Max=304.66ms, Min= 25.16ms
[2025-08-01 05:30:48] [target_detect] [INFO] [1753997448.436902589] [target_detection_node]: Current FPS: 23.5
[2025-08-01 05:30:48] [target_detect] [INFO] [1753997448.437339208] [target_detection_node]: ============================================================
[2025-08-01 05:30:49] [target_detect] [INFO] [1753997449.470888902] [target_detection_node]: ============================================================
[2025-08-01 05:30:49] [target_detect] [INFO] [1753997449.471459394] [target_detection_node]: Performance Stats (Recent 100 frames, Total frames: 0)
[2025-08-01 05:30:49] [target_detect] [INFO] [1753997449.471917304] [target_detection_node]: ============================================================
[2025-08-01 05:30:49] [target_detect] [INFO] [1753997449.473318742] [target_detection_node]: preprocess          : Avg= 24.12ms, Max= 51.46ms, Min= 15.53ms
[2025-08-01 05:30:49] [target_detect] [INFO] [1753997449.474001815] [target_detection_node]: rectangle_detection : Avg=  2.44ms, Max= 14.31ms, Min=  0.62ms
[2025-08-01 05:30:49] [target_detect] [INFO] [1753997449.474574931] [target_detection_node]: circle_detection    : Avg=  5.63ms, Max= 21.30ms, Min=  2.68ms
[2025-08-01 05:30:49] [target_detect] [INFO] [1753997449.475114799] [target_detection_node]: rendering           : Avg=  1.05ms, Max=  3.08ms, Min=  0.68ms
[2025-08-01 05:30:49] [target_detect] [INFO] [1753997449.475641249] [target_detection_node]: total               : Avg= 42.62ms, Max=304.66ms, Min= 25.16ms
[2025-08-01 05:30:49] [target_detect] [INFO] [1753997449.476102076] [target_detection_node]: Current FPS: 29.2
[2025-08-01 05:30:49] [target_detect] [INFO] [1753997449.476533736] [target_detection_node]: ============================================================
[2025-08-01 05:30:50] [target_detect] [INFO] [1753997450.489511607] [target_detection_node]: ============================================================
[2025-08-01 05:30:50] [target_detect] [INFO] [1753997450.490017642] [target_detection_node]: Performance Stats (Recent 100 frames, Total frames: 0)
[2025-08-01 05:30:50] [target_detect] [INFO] [1753997450.490441135] [target_detection_node]: ============================================================
[2025-08-01 05:30:50] [target_detect] [INFO] [1753997450.491033793] [target_detection_node]: preprocess          : Avg= 23.29ms, Max= 51.46ms, Min= 15.53ms
[2025-08-01 05:30:50] [target_detect] [INFO] [1753997450.491575410] [target_detection_node]: rectangle_detection : Avg=  2.36ms, Max= 14.31ms, Min=  0.60ms
[2025-08-01 05:30:50] [target_detect] [INFO] [1753997450.492149694] [target_detection_node]: circle_detection    : Avg=  5.37ms, Max= 21.30ms, Min=  2.68ms
[2025-08-01 05:30:50] [target_detect] [INFO] [1753997450.492801851] [target_detection_node]: rendering           : Avg=  0.97ms, Max=  3.08ms, Min=  0.68ms
[2025-08-01 05:30:50] [target_detect] [INFO] [1753997450.493561048] [target_detection_node]: total               : Avg= 39.79ms, Max=304.66ms, Min= 24.40ms
[2025-08-01 05:30:50] [target_detect] [INFO] [1753997450.494226913] [target_detection_node]: Current FPS: 28.4
[2025-08-01 05:30:50] [target_detect] [INFO] [1753997450.494715448] [target_detection_node]: ============================================================
[2025-08-01 05:30:51] [target_detect] [INFO] [1753997451.510625693] [target_detection_node]: ============================================================
[2025-08-01 05:30:51] [target_detect] [INFO] [1753997451.511292433] [target_detection_node]: Performance Stats (Recent 100 frames, Total frames: 0)
[2025-08-01 05:30:51] [target_detect] [INFO] [1753997451.511815092] [target_detection_node]: ============================================================
[2025-08-01 05:30:51] [target_detect] [INFO] [1753997451.512554164] [target_detection_node]: preprocess          : Avg= 21.19ms, Max= 40.45ms, Min= 15.53ms
[2025-08-01 05:30:51] [target_detect] [INFO] [1753997451.513245404] [target_detection_node]: rectangle_detection : Avg=  2.33ms, Max= 14.31ms, Min=  0.60ms
[2025-08-01 05:30:51] [target_detect] [INFO] [1753997451.514049809] [target_detection_node]: circle_detection    : Avg=  5.21ms, Max= 21.30ms, Min=  2.68ms
[2025-08-01 05:30:51] [target_detect] [INFO] [1753997451.514776632] [target_detection_node]: rendering           : Avg=  0.93ms, Max=  2.55ms, Min=  0.68ms
[2025-08-01 05:30:51] [target_detect] [INFO] [1753997451.515470205] [target_detection_node]: total               : Avg= 33.37ms, Max= 70.70ms, Min= 24.40ms
[2025-08-01 05:30:51] [target_detect] [INFO] [1753997451.516212486] [target_detection_node]: Current FPS: 31.1
[2025-08-01 05:30:51] [target_detect] [INFO] [1753997451.517069681] [target_detection_node]: ============================================================
[2025-08-01 05:30:52] [target_detect] [INFO] [1753997452.530370715] [target_detection_node]: ============================================================
[2025-08-01 05:30:52] [target_detect] [INFO] [1753997452.531629821] [target_detection_node]: Performance Stats (Recent 100 frames, Total frames: 0)
[2025-08-01 05:30:52] [target_detect] [INFO] [1753997452.532141689] [target_detection_node]: ============================================================
[2025-08-01 05:30:52] [target_detect] [INFO] [1753997452.532866178] [target_detection_node]: preprocess          : Avg= 21.12ms, Max= 32.20ms, Min= 15.53ms
[2025-08-01 05:30:52] [target_detect] [INFO] [1753997452.533551876] [target_detection_node]: rectangle_detection : Avg=  2.13ms, Max= 10.12ms, Min=  0.60ms
[2025-08-01 05:30:52] [target_detect] [INFO] [1753997452.534210742] [target_detection_node]: circle_detection    : Avg=  4.38ms, Max= 12.65ms, Min=  2.68ms
[2025-08-01 05:30:52] [target_detect] [INFO] [1753997452.534830816] [target_detection_node]: rendering           : Avg=  0.87ms, Max=  2.55ms, Min=  0.69ms
[2025-08-01 05:30:52] [target_detect] [INFO] [1753997452.535481515] [target_detection_node]: total               : Avg= 32.47ms, Max= 46.01ms, Min= 24.40ms
[2025-08-01 05:30:52] [target_detect] [INFO] [1753997452.536015549] [target_detection_node]: Current FPS: 28.5
[2025-08-01 05:30:52] [target_detect] [INFO] [1753997452.536570290] [target_detection_node]: ============================================================
[2025-08-01 05:30:53] [target_detect] [INFO] [1753997453.550141695] [target_detection_node]: ============================================================
[2025-08-01 05:30:53] [target_detect] [INFO] [1753997453.550755352] [target_detection_node]: Performance Stats (Recent 100 frames, Total frames: 0)
[2025-08-01 05:30:53] [target_detect] [INFO] [1753997453.551214137] [target_detection_node]: ============================================================
[2025-08-01 05:30:53] [target_detect] [INFO] [1753997453.551818462] [target_detection_node]: preprocess          : Avg= 21.31ms, Max= 32.20ms, Min= 15.70ms
[2025-08-01 05:30:53] [target_detect] [INFO] [1753997453.552359204] [target_detection_node]: rectangle_detection : Avg=  2.08ms, Max=  9.66ms, Min=  0.59ms
[2025-08-01 05:30:53] [target_detect] [INFO] [1753997453.552893238] [target_detection_node]: circle_detection    : Avg=  4.37ms, Max= 13.46ms, Min=  2.71ms
[2025-08-01 05:30:53] [target_detect] [INFO] [1753997453.553402772] [target_detection_node]: rendering           : Avg=  0.86ms, Max=  2.55ms, Min=  0.69ms
[2025-08-01 05:30:53] [target_detect] [INFO] [1753997453.553900348] [target_detection_node]: total               : Avg= 33.16ms, Max= 47.69ms, Min= 24.63ms
[2025-08-01 05:30:53] [target_detect] [INFO] [1753997453.554310425] [target_detection_node]: Current FPS: 28.5
[2025-08-01 05:30:53] [target_detect] [INFO] [1753997453.554707669] [target_detection_node]: ============================================================
[2025-08-01 05:30:54] [target_detect] [INFO] [1753997454.553913826] [target_detection_node]: ============================================================
[2025-08-01 05:30:54] [target_detect] [INFO] [1753997454.554820021] [target_detection_node]: Performance Stats (Recent 100 frames, Total frames: 0)
[2025-08-01 05:30:54] [target_detect] [INFO] [1753997454.555371555] [target_detection_node]: ============================================================
[2025-08-01 05:30:54] [target_detect] [INFO] [1753997454.556474622] [target_detection_node]: preprocess          : Avg= 21.73ms, Max= 35.26ms, Min= 15.70ms
[2025-08-01 05:30:54] [target_detect] [INFO] [1753997454.557334443] [target_detection_node]: rectangle_detection : Avg=  2.18ms, Max= 16.23ms, Min=  0.59ms
[2025-08-01 05:30:54] [target_detect] [INFO] [1753997454.558197180] [target_detection_node]: circle_detection    : Avg=  4.33ms, Max= 13.46ms, Min=  2.65ms
[2025-08-01 05:30:54] [target_detect] [INFO] [1753997454.559027543] [target_detection_node]: rendering           : Avg=  0.88ms, Max=  2.15ms, Min=  0.68ms
[2025-08-01 05:30:54] [target_detect] [INFO] [1753997454.559834281] [target_detection_node]: total               : Avg= 34.38ms, Max= 59.80ms, Min= 24.49ms
[2025-08-01 05:30:54] [target_detect] [INFO] [1753997454.560473605] [target_detection_node]: Current FPS: 25.7
[2025-08-01 05:30:54] [target_detect] [INFO] [1753997454.561092804] [target_detection_node]: ============================================================
[2025-08-01 05:30:55] [target_detect] [INFO] [1753997455.598728105] [target_detection_node]: ============================================================
[2025-08-01 05:30:55] [target_detect] [INFO] [1753997455.599524344] [target_detection_node]: Performance Stats (Recent 100 frames, Total frames: 0)
[2025-08-01 05:30:55] [target_detect] [INFO] [1753997455.600368706] [target_detection_node]: ============================================================
[2025-08-01 05:30:55] [target_detect] [INFO] [1753997455.601389816] [target_detection_node]: preprocess          : Avg= 21.25ms, Max= 36.43ms, Min= 15.72ms
[2025-08-01 05:30:55] [target_detect] [INFO] [1753997455.602366010] [target_detection_node]: rectangle_detection : Avg=  2.03ms, Max= 16.23ms, Min=  0.59ms
[2025-08-01 05:30:55] [target_detect] [INFO] [1753997455.603313330] [target_detection_node]: circle_detection    : Avg=  4.48ms, Max= 13.46ms, Min=  2.65ms
[2025-08-01 05:30:55] [target_detect] [INFO] [1753997455.604245774] [target_detection_node]: rendering           : Avg=  0.86ms, Max=  2.16ms, Min=  0.68ms
[2025-08-01 05:30:55] [target_detect] [INFO] [1753997455.605131553] [target_detection_node]: total               : Avg= 34.48ms, Max= 59.80ms, Min= 24.47ms
[2025-08-01 05:30:55] [target_detect] [INFO] [1753997455.605846709] [target_detection_node]: Current FPS: 30.1
[2025-08-01 05:30:55] [target_detect] [INFO] [1753997455.606560407] [target_detection_node]: ============================================================
[2025-08-01 05:30:56] [target_detect] [INFO] [1753997456.626493551] [target_detection_node]: ============================================================
[2025-08-01 05:30:56] [target_detect] [INFO] [1753997456.627258873] [target_detection_node]: Performance Stats (Recent 100 frames, Total frames: 0)
[2025-08-01 05:30:56] [target_detect] [INFO] [1753997456.627912197] [target_detection_node]: ============================================================
[2025-08-01 05:30:56] [target_detect] [INFO] [1753997456.628820142] [target_detection_node]: preprocess          : Avg= 20.99ms, Max= 36.43ms, Min= 15.72ms
[2025-08-01 05:30:56] [target_detect] [INFO] [1753997456.629696879] [target_detection_node]: rectangle_detection : Avg=  2.22ms, Max= 16.23ms, Min=  0.63ms
[2025-08-01 05:30:56] [target_detect] [INFO] [1753997456.630550867] [target_detection_node]: circle_detection    : Avg=  4.72ms, Max= 13.46ms, Min=  2.65ms
[2025-08-01 05:30:56] [target_detect] [INFO] [1753997456.631382979] [target_detection_node]: rendering           : Avg=  0.90ms, Max=  2.16ms, Min=  0.68ms
[2025-08-01 05:30:56] [target_detect] [INFO] [1753997456.632191759] [target_detection_node]: total               : Avg= 34.38ms, Max= 59.80ms, Min= 24.47ms
[2025-08-01 05:30:56] [target_detect] [INFO] [1753997456.632861124] [target_detection_node]: Current FPS: 29.3
[2025-08-01 05:30:56] [target_detect] [INFO] [1753997456.633487907] [target_detection_node]: ============================================================
[2025-08-01 05:30:57] [target_detect] [INFO] [1753997457.638631435] [target_detection_node]: ============================================================
[2025-08-01 05:30:57] [target_detect] [INFO] [1753997457.639815876] [target_detection_node]: Performance Stats (Recent 100 frames, Total frames: 0)
[2025-08-01 05:30:57] [target_detect] [INFO] [1753997457.640433033] [target_detection_node]: ============================================================
[2025-08-01 05:30:57] [target_detect] [INFO] [1753997457.642674751] [target_detection_node]: preprocess          : Avg= 20.91ms, Max= 36.43ms, Min= 15.72ms
[2025-08-01 05:30:57] [target_detect] [INFO] [1753997457.643630236] [target_detection_node]: rectangle_detection : Avg=  2.20ms, Max= 16.23ms, Min=  0.62ms
[2025-08-01 05:30:57] [target_detect] [INFO] [1753997457.644702387] [target_detection_node]: circle_detection    : Avg=  5.36ms, Max= 19.85ms, Min=  2.75ms
[2025-08-01 05:30:57] [target_detect] [INFO] [1753997457.645936119] [target_detection_node]: rendering           : Avg=  0.90ms, Max=  2.16ms, Min=  0.68ms
[2025-08-01 05:30:57] [target_detect] [INFO] [1753997457.646734399] [target_detection_node]: total               : Avg= 34.54ms, Max= 58.34ms, Min= 24.31ms
[2025-08-01 05:30:57] [target_detect] [INFO] [1753997457.647330557] [target_detection_node]: Current FPS: 25.6
[2025-08-01 05:30:57] [target_detect] [INFO] [1753997457.647848550] [target_detection_node]: ============================================================
[2025-08-01 05:30:58] [target_detect] [INFO] [1753997458.677695590] [target_detection_node]: ============================================================
[2025-08-01 05:30:58] [target_detect] [INFO] [1753997458.679241984] [target_detection_node]: Performance Stats (Recent 100 frames, Total frames: 0)
[2025-08-01 05:30:58] [target_detect] [INFO] [1753997458.679718852] [target_detection_node]: ============================================================
[2025-08-01 05:30:58] [target_detect] [INFO] [1753997458.680361967] [target_detection_node]: preprocess          : Avg= 20.90ms, Max= 36.43ms, Min= 15.81ms
[2025-08-01 05:30:58] [target_detect] [INFO] [1753997458.681288870] [target_detection_node]: rectangle_detection : Avg=  1.99ms, Max=  9.52ms, Min=  0.48ms
[2025-08-01 05:30:58] [target_detect] [INFO] [1753997458.681965819] [target_detection_node]: circle_detection    : Avg=  5.54ms, Max= 19.97ms, Min=  2.40ms
[2025-08-01 05:30:58] [target_detect] [INFO] [1753997458.682608059] [target_detection_node]: rendering           : Avg=  0.92ms, Max=  2.05ms, Min=  0.69ms
[2025-08-01 05:30:58] [target_detect] [INFO] [1753997458.683259341] [target_detection_node]: total               : Avg= 34.63ms, Max= 56.99ms, Min= 24.25ms
[2025-08-01 05:30:58] [target_detect] [INFO] [1753997458.683711418] [target_detection_node]: Current FPS: 27.9
[2025-08-01 05:30:58] [target_detect] [INFO] [1753997458.684297660] [target_detection_node]: ============================================================
[2025-08-01 05:30:59] [target_detect] [INFO] [1753997459.687705505] [target_detection_node]: ============================================================
[2025-08-01 05:30:59] [target_detect] [INFO] [1753997459.688329662] [target_detection_node]: Performance Stats (Recent 100 frames, Total frames: 0)
[2025-08-01 05:30:59] [target_detect] [INFO] [1753997459.688736240] [target_detection_node]: ============================================================
[2025-08-01 05:30:59] [target_detect] [INFO] [1753997459.689386064] [target_detection_node]: preprocess          : Avg= 20.71ms, Max= 31.93ms, Min= 15.61ms
[2025-08-01 05:30:59] [target_detect] [INFO] [1753997459.689974638] [target_detection_node]: rectangle_detection : Avg=  1.93ms, Max=  9.52ms, Min=  0.48ms
[2025-08-01 05:30:59] [target_detect] [INFO] [1753997459.690522963] [target_detection_node]: circle_detection    : Avg=  5.19ms, Max= 19.97ms, Min=  2.40ms
[2025-08-01 05:30:59] [target_detect] [INFO] [1753997459.691064872] [target_detection_node]: rendering           : Avg=  0.92ms, Max=  2.11ms, Min=  0.69ms
[2025-08-01 05:30:59] [target_detect] [INFO] [1753997459.691603864] [target_detection_node]: total               : Avg= 34.66ms, Max= 56.99ms, Min= 24.25ms
[2025-08-01 05:30:59] [target_detect] [INFO] [1753997459.692053024] [target_detection_node]: Current FPS: 30.2
[2025-08-01 05:30:59] [target_detect] [INFO] [1753997459.692489643] [target_detection_node]: ============================================================
[2025-08-01 05:31:00] [target_detect] [INFO] [1753997460.721290490] [target_detection_node]: ============================================================
[2025-08-01 05:31:00] [target_detect] [INFO] [1753997460.721860690] [target_detection_node]: Performance Stats (Recent 100 frames, Total frames: 0)
[2025-08-01 05:31:00] [target_detect] [INFO] [1753997460.722353016] [target_detection_node]: ============================================================
[2025-08-01 05:31:00] [target_detect] [INFO] [1753997460.723013048] [target_detection_node]: preprocess          : Avg= 20.83ms, Max= 37.38ms, Min= 15.61ms
[2025-08-01 05:31:00] [target_detect] [INFO] [1753997460.723586457] [target_detection_node]: rectangle_detection : Avg=  1.89ms, Max=  5.55ms, Min=  0.48ms
[2025-08-01 05:31:00] [target_detect] [INFO] [1753997460.724117574] [target_detection_node]: circle_detection    : Avg=  4.73ms, Max= 19.97ms, Min=  2.40ms
[2025-08-01 05:31:00] [target_detect] [INFO] [1753997460.724637899] [target_detection_node]: rendering           : Avg=  0.99ms, Max=  2.81ms, Min=  0.69ms
[2025-08-01 05:31:00] [target_detect] [INFO] [1753997460.725148600] [target_detection_node]: total               : Avg= 34.51ms, Max= 67.42ms, Min= 24.25ms
[2025-08-01 05:31:00] [target_detect] [INFO] [1753997460.725571219] [target_detection_node]: Current FPS: 27.5
[2025-08-01 05:31:00] [target_detect] [INFO] [1753997460.726025046] [target_detection_node]: ============================================================
[2025-08-01 05:31:01] [target_detect] [INFO] [1753997461.730068132] [target_detection_node]: ============================================================
[2025-08-01 05:31:01] [target_detect] [INFO] [1753997461.730718247] [target_detection_node]: Performance Stats (Recent 100 frames, Total frames: 0)
[2025-08-01 05:31:01] [target_detect] [INFO] [1753997461.731270656] [target_detection_node]: ============================================================
[2025-08-01 05:31:01] [target_detect] [INFO] [1753997461.732050561] [target_detection_node]: preprocess          : Avg= 21.23ms, Max= 39.83ms, Min= 15.61ms
[2025-08-01 05:31:01] [target_detect] [INFO] [1753997461.732878882] [target_detection_node]: rectangle_detection : Avg=  2.03ms, Max= 12.69ms, Min=  0.54ms
[2025-08-01 05:31:01] [target_detect] [INFO] [1753997461.733581205] [target_detection_node]: circle_detection    : Avg=  4.59ms, Max= 14.91ms, Min=  2.40ms
[2025-08-01 05:31:01] [target_detect] [INFO] [1753997461.734302195] [target_detection_node]: rendering           : Avg=  0.97ms, Max=  2.81ms, Min=  0.67ms
[2025-08-01 05:31:01] [target_detect] [INFO] [1753997461.735080350] [target_detection_node]: total               : Avg= 34.64ms, Max= 67.42ms, Min= 24.80ms
[2025-08-01 05:31:01] [target_detect] [INFO] [1753997461.735635383] [target_detection_node]: Current FPS: 27.4
[2025-08-01 05:31:01] [target_detect] [INFO] [1753997461.736225708] [target_detection_node]: ============================================================
[2025-08-01 05:31:02] [target_detect] [INFO] [1753997462.785416089] [target_detection_node]: ============================================================
[2025-08-01 05:31:02] [target_detect] [INFO] [1753997462.786088079] [target_detection_node]: Performance Stats (Recent 100 frames, Total frames: 0)
[2025-08-01 05:31:02] [target_detect] [INFO] [1753997462.786532573] [target_detection_node]: ============================================================
[2025-08-01 05:31:02] [target_detect] [INFO] [1753997462.787169855] [target_detection_node]: preprocess          : Avg= 22.48ms, Max= 40.98ms, Min= 15.61ms
[2025-08-01 05:31:02] [target_detect] [INFO] [1753997462.787721680] [target_detection_node]: rectangle_detection : Avg=  2.27ms, Max= 12.69ms, Min=  0.54ms
[2025-08-01 05:31:02] [target_detect] [INFO] [1753997462.788238214] [target_detection_node]: circle_detection    : Avg=  5.05ms, Max= 17.73ms, Min=  2.66ms
[2025-08-01 05:31:02] [target_detect] [INFO] [1753997462.788743082] [target_detection_node]: rendering           : Avg=  1.10ms, Max=  3.16ms, Min=  0.67ms
[2025-08-01 05:31:02] [target_detect] [INFO] [1753997462.789247658] [target_detection_node]: total               : Avg= 36.84ms, Max= 67.42ms, Min= 24.80ms
[2025-08-01 05:31:02] [target_detect] [INFO] [1753997462.789678152] [target_detection_node]: Current FPS: 22.0
[2025-08-01 05:31:02] [target_detect] [INFO] [1753997462.790084146] [target_detection_node]: ============================================================
[2025-08-01 05:31:03] [target_detect] [INFO] [1753997463.806485842] [target_detection_node]: ============================================================
[2025-08-01 05:31:03] [target_detect] [INFO] [1753997463.807358787] [target_detection_node]: Performance Stats (Recent 100 frames, Total frames: 0)
[2025-08-01 05:31:03] [target_detect] [INFO] [1753997463.808126734] [target_detection_node]: ============================================================
[2025-08-01 05:31:03] [target_detect] [INFO] [1753997463.809137344] [target_detection_node]: preprocess          : Avg= 24.41ms, Max= 44.67ms, Min= 15.67ms
[2025-08-01 05:31:03] [target_detect] [INFO] [1753997463.810332869] [target_detection_node]: rectangle_detection : Avg=  2.52ms, Max= 12.69ms, Min=  0.54ms
[2025-08-01 05:31:03] [target_detect] [INFO] [1753997463.811393936] [target_detection_node]: circle_detection    : Avg=  5.63ms, Max= 20.14ms, Min=  2.66ms
[2025-08-01 05:31:03] [target_detect] [INFO] [1753997463.812582752] [target_detection_node]: rendering           : Avg=  1.25ms, Max=  3.42ms, Min=  0.67ms
[2025-08-01 05:31:03] [target_detect] [INFO] [1753997463.813671820] [target_detection_node]: total               : Avg= 39.82ms, Max= 70.78ms, Min= 25.05ms
[2025-08-01 05:31:03] [target_detect] [INFO] [1753997463.814273519] [target_detection_node]: Current FPS: 21.5
[2025-08-01 05:31:03] [target_detect] [INFO] [1753997463.814818344] [target_detection_node]: ============================================================
[2025-08-01 05:31:04] [target_detect] [INFO] [1753997464.803021246] [target_detection_node]: ============================================================
[2025-08-01 05:31:04] [target_detect] [INFO] [1753997464.803538072] [target_detection_node]: Performance Stats (Recent 100 frames, Total frames: 0)
[2025-08-01 05:31:04] [target_detect] [INFO] [1753997464.803961274] [target_detection_node]: ============================================================
[2025-08-01 05:31:04] [target_detect] [INFO] [1753997464.804566765] [target_detection_node]: preprocess          : Avg= 25.00ms, Max= 44.67ms, Min= 16.10ms
[2025-08-01 05:31:04] [target_detect] [INFO] [1753997464.805108674] [target_detection_node]: rectangle_detection : Avg=  2.45ms, Max= 12.69ms, Min=  0.53ms
[2025-08-01 05:31:04] [target_detect] [INFO] [1753997464.805625500] [target_detection_node]: circle_detection    : Avg=  5.44ms, Max= 20.14ms, Min=  2.66ms
[2025-08-01 05:31:04] [target_detect] [INFO] [1753997464.806146700] [target_detection_node]: rendering           : Avg=  1.23ms, Max=  3.42ms, Min=  0.67ms
[2025-08-01 05:31:04] [target_detect] [INFO] [1753997464.806659443] [target_detection_node]: total               : Avg= 39.64ms, Max= 70.78ms, Min= 24.47ms
[2025-08-01 05:31:04] [target_detect] [INFO] [1753997464.807075354] [target_detection_node]: Current FPS: 26.7
[2025-08-01 05:31:04] [target_detect] [INFO] [1753997464.807475806] [target_detection_node]: ============================================================
[2025-08-01 05:31:05] [target_detect] [INFO] [1753997465.853152239] [target_detection_node]: ============================================================
[2025-08-01 05:31:05] [target_detect] [INFO] [1753997465.853798271] [target_detection_node]: Performance Stats (Recent 100 frames, Total frames: 0)
[2025-08-01 05:31:05] [target_detect] [INFO] [1753997465.854327930] [target_detection_node]: ============================================================
[2025-08-01 05:31:05] [target_detect] [INFO] [1753997465.855035794] [target_detection_node]: preprocess          : Avg= 25.47ms, Max= 44.67ms, Min= 16.10ms
[2025-08-01 05:31:05] [target_detect] [INFO] [1753997465.855645660] [target_detection_node]: rectangle_detection : Avg=  2.74ms, Max= 16.55ms, Min=  0.53ms
[2025-08-01 05:31:05] [target_detect] [INFO] [1753997465.856275943] [target_detection_node]: circle_detection    : Avg=  6.03ms, Max= 20.14ms, Min=  2.68ms
[2025-08-01 05:31:05] [target_detect] [INFO] [1753997465.856850809] [target_detection_node]: rendering           : Avg=  1.33ms, Max=  4.29ms, Min=  0.67ms
[2025-08-01 05:31:05] [target_detect] [INFO] [1753997465.857411385] [target_detection_node]: total               : Avg= 41.49ms, Max= 70.78ms, Min= 24.47ms
[2025-08-01 05:31:05] [target_detect] [INFO] [1753997465.857867836] [target_detection_node]: Current FPS: 22.4
[2025-08-01 05:31:05] [target_detect] [INFO] [1753997465.858309121] [target_detection_node]: ============================================================
[2025-08-01 05:31:06] [target_detect] [INFO] [1753997466.847153681] [target_detection_node]: ============================================================
[2025-08-01 05:31:06] [target_detect] [INFO] [1753997466.847683631] [target_detection_node]: Performance Stats (Recent 100 frames, Total frames: 0)
[2025-08-01 05:31:06] [target_detect] [INFO] [1753997466.848106542] [target_detection_node]: ============================================================
[2025-08-01 05:31:06] [target_detect] [INFO] [1753997466.848707658] [target_detection_node]: preprocess          : Avg= 25.86ms, Max= 48.72ms, Min= 16.10ms
[2025-08-01 05:31:06] [target_detect] [INFO] [1753997466.849241108] [target_detection_node]: rectangle_detection : Avg=  3.00ms, Max= 16.55ms, Min=  0.53ms
[2025-08-01 05:31:06] [target_detect] [INFO] [1753997466.849771350] [target_detection_node]: circle_detection    : Avg=  6.02ms, Max= 20.14ms, Min=  2.68ms
[2025-08-01 05:31:06] [target_detect] [INFO] [1753997466.850506340] [target_detection_node]: rendering           : Avg=  1.39ms, Max=  6.07ms, Min=  0.69ms
[2025-08-01 05:31:06] [target_detect] [INFO] [1753997466.851144789] [target_detection_node]: total               : Avg= 42.58ms, Max= 77.30ms, Min= 24.47ms
[2025-08-01 05:31:06] [target_detect] [INFO] [1753997466.851582866] [target_detection_node]: Current FPS: 20.9
[2025-08-01 05:31:06] [target_detect] [INFO] [1753997466.851988276] [target_detection_node]: ============================================================
[2025-08-01 05:31:07] [target_detect] [INFO] [1753997467.871632966] [target_detection_node]: ============================================================
[2025-08-01 05:31:07] [target_detect] [INFO] [1753997467.872307873] [target_detection_node]: Performance Stats (Recent 100 frames, Total frames: 0)
[2025-08-01 05:31:07] [target_detect] [INFO] [1753997467.872838699] [target_detection_node]: ============================================================
[2025-08-01 05:31:07] [target_detect] [INFO] [1753997467.873573105] [target_detection_node]: preprocess          : Avg= 25.92ms, Max= 48.72ms, Min= 16.10ms
[2025-08-01 05:31:07] [target_detect] [INFO] [1753997467.874256761] [target_detection_node]: rectangle_detection : Avg=  2.88ms, Max= 16.55ms, Min=  0.53ms
[2025-08-01 05:31:07] [target_detect] [INFO] [1753997467.874907752] [target_detection_node]: circle_detection    : Avg=  6.29ms, Max= 19.75ms, Min=  2.68ms
[2025-08-01 05:31:07] [target_detect] [INFO] [1753997467.875553492] [target_detection_node]: rendering           : Avg=  1.38ms, Max=  6.07ms, Min=  0.69ms
[2025-08-01 05:31:07] [target_detect] [INFO] [1753997467.876201274] [target_detection_node]: total               : Avg= 42.22ms, Max= 77.30ms, Min= 24.47ms
[2025-08-01 05:31:07] [target_detect] [INFO] [1753997467.876692142] [target_detection_node]: Current FPS: 22.6
[2025-08-01 05:31:07] [target_detect] [INFO] [1753997467.877126427] [target_detection_node]: ============================================================
[2025-08-01 05:31:08] [target_detect] [INFO] [1753997468.887711501] [target_detection_node]: ============================================================
[2025-08-01 05:31:08] [target_detect] [INFO] [1753997468.888194494] [target_detection_node]: Performance Stats (Recent 100 frames, Total frames: 0)
[2025-08-01 05:31:08] [target_detect] [INFO] [1753997468.888612154] [target_detection_node]: ============================================================
[2025-08-01 05:31:08] [target_detect] [INFO] [1753997468.889243020] [target_detection_node]: preprocess          : Avg= 25.70ms, Max= 48.72ms, Min= 16.10ms
[2025-08-01 05:31:08] [target_detect] [INFO] [1753997468.889973342] [target_detection_node]: rectangle_detection : Avg=  3.24ms, Max= 16.55ms, Min=  0.68ms
[2025-08-01 05:31:08] [target_detect] [INFO] [1753997468.890502710] [target_detection_node]: circle_detection    : Avg=  6.88ms, Max= 19.75ms, Min=  2.88ms
[2025-08-01 05:31:08] [target_detect] [INFO] [1753997468.891016910] [target_detection_node]: rendering           : Avg=  1.36ms, Max=  6.07ms, Min=  0.73ms
[2025-08-01 05:31:08] [target_detect] [INFO] [1753997468.891569319] [target_detection_node]: total               : Avg= 42.97ms, Max= 77.30ms, Min= 24.47ms
[2025-08-01 05:31:08] [target_detect] [INFO] [1753997468.891982313] [target_detection_node]: Current FPS: 22.6
[2025-08-01 05:31:08] [target_detect] [INFO] [1753997468.892380432] [target_detection_node]: ============================================================
[2025-08-01 05:31:09] [target_detect] [INFO] [1753997469.909517701] [target_detection_node]: ============================================================
[2025-08-01 05:31:09] [target_detect] [INFO] [1753997469.910516353] [target_detection_node]: Performance Stats (Recent 100 frames, Total frames: 0)
[2025-08-01 05:31:09] [target_detect] [INFO] [1753997469.911415840] [target_detection_node]: ============================================================
[2025-08-01 05:31:09] [target_detect] [INFO] [1753997469.912590656] [target_detection_node]: preprocess          : Avg= 27.05ms, Max= 67.27ms, Min= 17.00ms
[2025-08-01 05:31:09] [target_detect] [INFO] [1753997469.913928511] [target_detection_node]: rectangle_detection : Avg=  3.46ms, Max= 16.55ms, Min=  0.71ms
[2025-08-01 05:31:09] [target_detect] [INFO] [1753997469.915156118] [target_detection_node]: circle_detection    : Avg=  6.80ms, Max= 19.75ms, Min=  2.71ms
[2025-08-01 05:31:09] [target_detect] [INFO] [1753997469.916352225] [target_detection_node]: rendering           : Avg=  1.35ms, Max=  6.07ms, Min=  0.72ms
[2025-08-01 05:31:09] [target_detect] [INFO] [1753997469.917434293] [target_detection_node]: total               : Avg= 44.77ms, Max= 83.27ms, Min= 29.95ms
[2025-08-01 05:31:09] [target_detect] [INFO] [1753997469.918134574] [target_detection_node]: Current FPS: 21.5
[2025-08-01 05:31:09] [target_detect] [INFO] [1753997469.918843314] [target_detection_node]: ============================================================
[2025-08-01 05:31:10] [target_detect] [INFO] [1753997470.944329418] [target_detection_node]: ============================================================
[2025-08-01 05:31:10] [target_detect] [INFO] [1753997470.944835161] [target_detection_node]: Performance Stats (Recent 100 frames, Total frames: 0)
[2025-08-01 05:31:10] [target_detect] [INFO] [1753997470.945255155] [target_detection_node]: ============================================================
[2025-08-01 05:31:10] [target_detect] [INFO] [1753997470.945892145] [target_detection_node]: preprocess          : Avg= 25.82ms, Max= 67.27ms, Min= 15.08ms
[2025-08-01 05:31:10] [target_detect] [INFO] [1753997470.946455929] [target_detection_node]: rectangle_detection : Avg=  3.17ms, Max= 13.58ms, Min=  0.71ms
[2025-08-01 05:31:10] [target_detect] [INFO] [1753997470.946970713] [target_detection_node]: circle_detection    : Avg=  6.16ms, Max= 19.75ms, Min=  2.71ms
[2025-08-01 05:31:10] [target_detect] [INFO] [1753997470.947472372] [target_detection_node]: rendering           : Avg=  1.18ms, Max=  4.13ms, Min=  0.68ms
[2025-08-01 05:31:10] [target_detect] [INFO] [1753997470.947967031] [target_detection_node]: total               : Avg= 41.96ms, Max= 83.27ms, Min= 25.74ms
[2025-08-01 05:31:10] [target_detect] [INFO] [1753997470.948370984] [target_detection_node]: Current FPS: 26.2
[2025-08-01 05:31:10] [target_detect] [INFO] [1753997470.948762978] [target_detection_node]: ============================================================
[2025-08-01 05:31:11] [target_detect] [INFO] [1753997471.937182294] [target_detection_node]: ============================================================
[2025-08-01 05:31:11] [target_detect] [INFO] [1753997471.943222621] [target_detection_node]: Performance Stats (Recent 100 frames, Total frames: 0)
[2025-08-01 05:31:11] [target_detect] [INFO] [1753997471.943719614] [target_detection_node]: ============================================================
[2025-08-01 05:31:11] [target_detect] [INFO] [1753997471.944337063] [target_detection_node]: preprocess          : Avg= 24.05ms, Max= 67.27ms, Min= 14.57ms
[2025-08-01 05:31:11] [target_detect] [INFO] [1753997471.944874889] [target_detection_node]: rectangle_detection : Avg=  3.09ms, Max= 13.58ms, Min=  0.63ms
[2025-08-01 05:31:11] [target_detect] [INFO] [1753997471.945381798] [target_detection_node]: circle_detection    : Avg=  5.79ms, Max= 19.49ms, Min=  2.71ms
[2025-08-01 05:31:11] [target_detect] [INFO] [1753997471.945877332] [target_detection_node]: rendering           : Avg=  1.13ms, Max=  4.13ms, Min=  0.68ms
[2025-08-01 05:31:11] [target_detect] [INFO] [1753997471.946448116] [target_detection_node]: total               : Avg= 39.15ms, Max= 83.27ms, Min= 22.07ms
[2025-08-01 05:31:11] [target_detect] [INFO] [1753997471.946859651] [target_detection_node]: Current FPS: 29.0
[2025-08-01 05:31:11] [target_detect] [INFO] [1753997471.947253979] [target_detection_node]: ============================================================
[2025-08-01 05:31:12] [target_detect] [INFO] [1753997472.971753389] [target_detection_node]: ============================================================
[2025-08-01 05:31:12] [target_detect] [INFO] [1753997472.972243674] [target_detection_node]: Performance Stats (Recent 100 frames, Total frames: 0)
[2025-08-01 05:31:12] [target_detect] [INFO] [1753997472.972679126] [target_detection_node]: ============================================================
[2025-08-01 05:31:12] [target_detect] [INFO] [1753997472.973299492] [target_detection_node]: preprocess          : Avg= 23.99ms, Max= 67.27ms, Min= 14.57ms
[2025-08-01 05:31:12] [target_detect] [INFO] [1753997472.973884567] [target_detection_node]: rectangle_detection : Avg=  2.65ms, Max= 13.58ms, Min=  0.49ms
[2025-08-01 05:31:12] [target_detect] [INFO] [1753997472.974394684] [target_detection_node]: circle_detection    : Avg=  5.55ms, Max= 19.49ms, Min=  2.71ms
[2025-08-01 05:31:12] [target_detect] [INFO] [1753997472.974891677] [target_detection_node]: rendering           : Avg=  1.08ms, Max=  4.13ms, Min=  0.68ms
[2025-08-01 05:31:12] [target_detect] [INFO] [1753997472.975387794] [target_detection_node]: total               : Avg= 38.31ms, Max= 83.27ms, Min= 22.07ms
[2025-08-01 05:31:12] [target_detect] [INFO] [1753997472.975793205] [target_detection_node]: Current FPS: 24.1
[2025-08-01 05:31:12] [target_detect] [INFO] [1753997472.976209699] [target_detection_node]: ============================================================
[2025-08-01 05:31:13] [target_detect] [INFO] [1753997473.985767246] [target_detection_node]: ============================================================
[2025-08-01 05:31:13] [target_detect] [INFO] [1753997473.988963865] [target_detection_node]: Performance Stats (Recent 100 frames, Total frames: 0)
[2025-08-01 05:31:13] [target_detect] [INFO] [1753997473.989669688] [target_detection_node]: ============================================================
[2025-08-01 05:31:14] [target_detect] [INFO] [1753997473.990353928] [target_detection_node]: preprocess          : Avg= 22.76ms, Max= 43.72ms, Min= 14.57ms
[2025-08-01 05:31:14] [target_detect] [INFO] [1753997473.990920628] [target_detection_node]: rectangle_detection : Avg=  2.28ms, Max= 13.58ms, Min=  0.49ms
[2025-08-01 05:31:14] [target_detect] [INFO] [1753997473.991471579] [target_detection_node]: circle_detection    : Avg=  5.69ms, Max= 19.49ms, Min=  2.74ms
[2025-08-01 05:31:14] [target_detect] [INFO] [1753997473.992060445] [target_detection_node]: rendering           : Avg=  1.08ms, Max=  4.13ms, Min=  0.66ms
[2025-08-01 05:31:14] [target_detect] [INFO] [1753997473.992691602] [target_detection_node]: total               : Avg= 36.36ms, Max= 69.48ms, Min= 22.07ms
[2025-08-01 05:31:14] [target_detect] [INFO] [1753997473.993150387] [target_detection_node]: Current FPS: 25.6
[2025-08-01 05:31:14] [target_detect] [INFO] [1753997473.993557548] [target_detection_node]: ============================================================
[2025-08-01 05:31:15] [target_detect] [INFO] [1753997475.041191327] [target_detection_node]: ============================================================
[2025-08-01 05:31:15] [target_detect] [INFO] [1753997475.042063106] [target_detection_node]: Performance Stats (Recent 100 frames, Total frames: 0)
[2025-08-01 05:31:15] [target_detect] [INFO] [1753997475.042854678] [target_detection_node]: ============================================================
[2025-08-01 05:31:15] [target_detect] [INFO] [1753997475.043944037] [target_detection_node]: preprocess          : Avg= 24.16ms, Max= 43.72ms, Min= 14.57ms
[2025-08-01 05:31:15] [target_detect] [INFO] [1753997475.044906814] [target_detection_node]: rectangle_detection : Avg=  2.38ms, Max= 17.11ms, Min=  0.49ms
[2025-08-01 05:31:15] [target_detect] [INFO] [1753997475.045838384] [target_detection_node]: circle_detection    : Avg=  5.75ms, Max= 21.51ms, Min=  2.74ms
[2025-08-01 05:31:15] [target_detect] [INFO] [1753997475.046859202] [target_detection_node]: rendering           : Avg=  1.13ms, Max=  3.69ms, Min=  0.66ms
[2025-08-01 05:31:15] [target_detect] [INFO] [1753997475.047794272] [target_detection_node]: total               : Avg= 37.82ms, Max= 69.48ms, Min= 22.07ms
[2025-08-01 05:31:15] [target_detect] [INFO] [1753997475.048552594] [target_detection_node]: Current FPS: 23.3
[2025-08-01 05:31:15] [target_detect] [INFO] [1753997475.049187543] [target_detection_node]: ============================================================
[2025-08-01 05:31:16] [target_detect] [INFO] [1753997476.023958226] [target_detection_node]: ============================================================
[2025-08-01 05:31:16] [target_detect] [INFO] [1753997476.024438302] [target_detection_node]: Performance Stats (Recent 100 frames, Total frames: 0)
[2025-08-01 05:31:16] [target_detect] [INFO] [1753997476.024843713] [target_detection_node]: ============================================================
[2025-08-01 05:31:16] [target_detect] [INFO] [1753997476.025480120] [target_detection_node]: preprocess          : Avg= 25.62ms, Max= 43.72ms, Min= 16.36ms
[2025-08-01 05:31:16] [target_detect] [INFO] [1753997476.026073361] [target_detection_node]: rectangle_detection : Avg=  2.46ms, Max= 17.11ms, Min=  0.49ms
[2025-08-01 05:31:16] [target_detect] [INFO] [1753997476.026587854] [target_detection_node]: circle_detection    : Avg=  5.97ms, Max= 21.51ms, Min=  2.74ms
[2025-08-01 05:31:16] [target_detect] [INFO] [1753997476.027088346] [target_detection_node]: rendering           : Avg=  1.21ms, Max=  4.06ms, Min=  0.66ms
[2025-08-01 05:31:16] [target_detect] [INFO] [1753997476.027569297] [target_detection_node]: total               : Avg= 39.96ms, Max= 69.48ms, Min= 23.95ms
[2025-08-01 05:31:16] [target_detect] [INFO] [1753997476.027962750] [target_detection_node]: Current FPS: 24.0
[2025-08-01 05:31:16] [target_detect] [INFO] [1753997476.028343661] [target_detection_node]: ============================================================
[2025-08-01 05:31:17] [target_detect] [INFO] [1753997477.044618192] [target_detection_node]: ============================================================
[2025-08-01 05:31:17] [target_detect] [INFO] [1753997477.045507471] [target_detection_node]: Performance Stats (Recent 100 frames, Total frames: 0)
[2025-08-01 05:31:17] [target_detect] [INFO] [1753997477.046407541] [target_detection_node]: ============================================================
[2025-08-01 05:31:17] [target_detect] [INFO] [1753997477.047593440] [target_detection_node]: preprocess          : Avg= 23.95ms, Max= 38.12ms, Min= 16.36ms
[2025-08-01 05:31:17] [target_detect] [INFO] [1753997477.048690383] [target_detection_node]: rectangle_detection : Avg=  2.53ms, Max= 17.11ms, Min=  0.58ms
[2025-08-01 05:31:17] [target_detect] [INFO] [1753997477.049700118] [target_detection_node]: circle_detection    : Avg=  6.04ms, Max= 21.51ms, Min=  2.69ms
[2025-08-01 05:31:17] [target_detect] [INFO] [1753997477.050678645] [target_detection_node]: rendering           : Avg=  1.20ms, Max=  4.06ms, Min=  0.69ms
[2025-08-01 05:31:17] [target_detect] [INFO] [1753997477.051644631] [target_detection_node]: total               : Avg= 37.77ms, Max= 69.48ms, Min= 23.90ms
[2025-08-01 05:31:17] [target_detect] [INFO] [1753997477.052496577] [target_detection_node]: Current FPS: 29.4
[2025-08-01 05:31:17] [target_detect] [INFO] [1753997477.053374772] [target_detection_node]: ============================================================
[2025-08-01 05:31:18] [target_detect] [INFO] [1753997478.040921725] [target_detection_node]: ============================================================
[2025-08-01 05:31:18] [target_detect] [INFO] [1753997478.041504759] [target_detection_node]: Performance Stats (Recent 100 frames, Total frames: 0)
[2025-08-01 05:31:18] [target_detect] [INFO] [1753997478.041981918] [target_detection_node]: ============================================================
[2025-08-01 05:31:18] [target_detect] [INFO] [1753997478.042683950] [target_detection_node]: preprocess          : Avg= 22.85ms, Max= 38.12ms, Min= 15.59ms
[2025-08-01 05:31:18] [target_detect] [INFO] [1753997478.043311899] [target_detection_node]: rectangle_detection : Avg=  2.55ms, Max= 17.11ms, Min=  0.53ms
[2025-08-01 05:31:18] [target_detect] [INFO] [1753997478.043903390] [target_detection_node]: circle_detection    : Avg=  5.68ms, Max= 21.51ms, Min=  2.69ms
[2025-08-01 05:31:18] [target_detect] [INFO] [1753997478.044477965] [target_detection_node]: rendering           : Avg=  1.11ms, Max=  4.06ms, Min=  0.69ms
[2025-08-01 05:31:18] [target_detect] [INFO] [1753997478.045063915] [target_detection_node]: total               : Avg= 36.20ms, Max= 58.33ms, Min= 22.92ms
[2025-08-01 05:31:18] [target_detect] [INFO] [1753997478.045591240] [target_detection_node]: Current FPS: 28.9
[2025-08-01 05:31:18] [target_detect] [INFO] [1753997478.046082400] [target_detection_node]: ============================================================
[2025-08-01 05:31:19] [target_detect] [INFO] [1753997479.058146201] [target_detection_node]: ============================================================
[2025-08-01 05:31:19] [target_detect] [INFO] [1753997479.058637069] [target_detection_node]: Performance Stats (Recent 100 frames, Total frames: 0)
[2025-08-01 05:31:19] [target_detect] [INFO] [1753997479.059049188] [target_detection_node]: ============================================================
[2025-08-01 05:31:19] [target_detect] [INFO] [1753997479.059669554] [target_detection_node]: preprocess          : Avg= 23.03ms, Max= 38.12ms, Min= 15.59ms
[2025-08-01 05:31:19] [target_detect] [INFO] [1753997479.060209713] [target_detection_node]: rectangle_detection : Avg=  2.22ms, Max=  8.68ms, Min=  0.53ms
[2025-08-01 05:31:19] [target_detect] [INFO] [1753997479.060710205] [target_detection_node]: circle_detection    : Avg=  5.46ms, Max= 18.65ms, Min=  2.69ms
[2025-08-01 05:31:19] [target_detect] [INFO] [1753997479.061202240] [target_detection_node]: rendering           : Avg=  1.11ms, Max=  4.06ms, Min=  0.69ms
[2025-08-01 05:31:19] [target_detect] [INFO] [1753997479.061692232] [target_detection_node]: total               : Avg= 36.42ms, Max= 60.04ms, Min= 22.92ms
[2025-08-01 05:31:19] [target_detect] [INFO] [1753997479.062097935] [target_detection_node]: Current FPS: 23.7
[2025-08-01 05:31:19] [target_detect] [INFO] [1753997479.062491096] [target_detection_node]: ============================================================
[2025-08-01 05:31:20] [target_detect] [INFO] [1753997480.069636303] [target_detection_node]: ============================================================
[2025-08-01 05:31:20] [target_detect] [INFO] [1753997480.070390250] [target_detection_node]: Performance Stats (Recent 100 frames, Total frames: 0)
[2025-08-01 05:31:20] [target_detect] [INFO] [1753997480.070932450] [target_detection_node]: ============================================================
[2025-08-01 05:31:20] [target_detect] [INFO] [1753997480.071646732] [target_detection_node]: preprocess          : Avg= 22.82ms, Max= 37.38ms, Min= 15.59ms
[2025-08-01 05:31:20] [target_detect] [INFO] [1753997480.072284306] [target_detection_node]: rectangle_detection : Avg=  2.28ms, Max=  8.68ms, Min=  0.53ms
[2025-08-01 05:31:20] [target_detect] [INFO] [1753997480.072936463] [target_detection_node]: circle_detection    : Avg=  5.71ms, Max= 19.02ms, Min=  2.69ms
[2025-08-01 05:31:20] [target_detect] [INFO] [1753997480.073527371] [target_detection_node]: rendering           : Avg=  1.08ms, Max=  3.24ms, Min=  0.67ms
[2025-08-01 05:31:20] [target_detect] [INFO] [1753997480.074147445] [target_detection_node]: total               : Avg= 36.90ms, Max= 60.04ms, Min= 22.92ms
[2025-08-01 05:31:20] [target_detect] [INFO] [1753997480.074604480] [target_detection_node]: Current FPS: 23.7
[2025-08-01 05:31:20] [target_detect] [INFO] [1753997480.075040807] [target_detection_node]: ============================================================
[2025-08-01 05:31:21] [target_detect] [INFO] [1753997481.069699614] [target_detection_node]: ============================================================
[2025-08-01 05:31:21] [target_detect] [INFO] [1753997481.070387937] [target_detection_node]: Performance Stats (Recent 100 frames, Total frames: 0)
[2025-08-01 05:31:21] [target_detect] [INFO] [1753997481.070846722] [target_detection_node]: ============================================================
[2025-08-01 05:31:21] [target_detect] [INFO] [1753997481.071517254] [target_detection_node]: preprocess          : Avg= 22.52ms, Max= 37.38ms, Min= 15.59ms
[2025-08-01 05:31:21] [target_detect] [INFO] [1753997481.072097954] [target_detection_node]: rectangle_detection : Avg=  2.10ms, Max=  6.58ms, Min=  0.53ms
[2025-08-01 05:31:21] [target_detect] [INFO] [1753997481.072667862] [target_detection_node]: circle_detection    : Avg=  5.18ms, Max= 19.02ms, Min=  2.69ms
[2025-08-01 05:31:21] [target_detect] [INFO] [1753997481.073269562] [target_detection_node]: rendering           : Avg=  1.10ms, Max=  3.24ms, Min=  0.67ms
[2025-08-01 05:31:21] [target_detect] [INFO] [1753997481.073914135] [target_detection_node]: total               : Avg= 36.38ms, Max= 60.04ms, Min= 22.92ms
[2025-08-01 05:31:21] [target_detect] [INFO] [1753997481.074373212] [target_detection_node]: Current FPS: 30.9
[2025-08-01 05:31:21] [target_detect] [INFO] [1753997481.074844538] [target_detection_node]: ============================================================
[2025-08-01 05:31:22] [target_detect] [INFO] [1753997482.103158893] [target_detection_node]: ============================================================
[2025-08-01 05:31:22] [target_detect] [INFO] [1753997482.104250002] [target_detection_node]: Performance Stats (Recent 100 frames, Total frames: 0)
[2025-08-01 05:31:22] [target_detect] [INFO] [1753997482.105061698] [target_detection_node]: ============================================================
[2025-08-01 05:31:22] [target_detect] [INFO] [1753997482.106051017] [target_detection_node]: preprocess          : Avg= 23.10ms, Max= 43.58ms, Min= 15.64ms
[2025-08-01 05:31:22] [target_detect] [INFO] [1753997482.106848130] [target_detection_node]: rectangle_detection : Avg=  2.09ms, Max=  6.58ms, Min=  0.68ms
[2025-08-01 05:31:22] [target_detect] [INFO] [1753997482.107753742] [target_detection_node]: circle_detection    : Avg=  5.42ms, Max= 19.02ms, Min=  2.80ms
[2025-08-01 05:31:22] [target_detect] [INFO] [1753997482.108415816] [target_detection_node]: rendering           : Avg=  1.09ms, Max=  3.24ms, Min=  0.67ms
[2025-08-01 05:31:22] [target_detect] [INFO] [1753997482.109031515] [target_detection_node]: total               : Avg= 37.09ms, Max= 66.95ms, Min= 23.74ms
[2025-08-01 05:31:22] [target_detect] [INFO] [1753997482.109540174] [target_detection_node]: Current FPS: 25.7
[2025-08-01 05:31:22] [target_detect] [INFO] [1753997482.110019959] [target_detection_node]: ============================================================
[2025-08-01 05:31:23] [target_detect] [INFO] [1753997483.103721613] [target_detection_node]: ============================================================
[2025-08-01 05:31:23] [target_detect] [INFO] [1753997483.104305521] [target_detection_node]: Performance Stats (Recent 100 frames, Total frames: 0)
[2025-08-01 05:31:23] [target_detect] [INFO] [1753997483.104856472] [target_detection_node]: ============================================================
[2025-08-01 05:31:23] [target_detect] [INFO] [1753997483.105672835] [target_detection_node]: preprocess          : Avg= 21.12ms, Max= 43.58ms, Min= 15.64ms
[2025-08-01 05:31:23] [target_detect] [INFO] [1753997483.106340158] [target_detection_node]: rectangle_detection : Avg=  1.95ms, Max=  6.48ms, Min=  0.68ms
[2025-08-01 05:31:23] [target_detect] [INFO] [1753997483.107012440] [target_detection_node]: circle_detection    : Avg=  5.36ms, Max= 17.47ms, Min=  2.80ms
[2025-08-01 05:31:23] [target_detect] [INFO] [1753997483.107611515] [target_detection_node]: rendering           : Avg=  0.94ms, Max=  2.40ms, Min=  0.67ms
[2025-08-01 05:31:23] [target_detect] [INFO] [1753997483.108200089] [target_detection_node]: total               : Avg= 33.81ms, Max= 66.95ms, Min= 23.74ms
[2025-08-01 05:31:23] [target_detect] [INFO] [1753997483.108686582] [target_detection_node]: Current FPS: 28.6
[2025-08-01 05:31:23] [target_detect] [INFO] [1753997483.109158200] [target_detection_node]: ============================================================
[2025-08-01 05:31:24] [target_detect] [INFO] [1753997484.104482623] [target_detection_node]: ============================================================
[2025-08-01 05:31:24] [target_detect] [INFO] [1753997484.105026573] [target_detection_node]: Performance Stats (Recent 100 frames, Total frames: 0)
[2025-08-01 05:31:24] [target_detect] [INFO] [1753997484.105432275] [target_detection_node]: ============================================================
[2025-08-01 05:31:24] [target_detect] [INFO] [1753997484.106100765] [target_detection_node]: preprocess          : Avg= 20.55ms, Max= 43.58ms, Min= 15.28ms
[2025-08-01 05:31:24] [target_detect] [INFO] [1753997484.106635966] [target_detection_node]: rectangle_detection : Avg=  2.00ms, Max=  4.34ms, Min=  0.69ms
[2025-08-01 05:31:24] [target_detect] [INFO] [1753997484.107141125] [target_detection_node]: circle_detection    : Avg=  5.14ms, Max= 17.47ms, Min=  2.89ms
[2025-08-01 05:31:24] [target_detect] [INFO] [1753997484.107635201] [target_detection_node]: rendering           : Avg=  0.95ms, Max=  2.40ms, Min=  0.68ms
[2025-08-01 05:31:24] [target_detect] [INFO] [1753997484.108123152] [target_detection_node]: total               : Avg= 33.38ms, Max= 66.95ms, Min= 22.98ms
[2025-08-01 05:31:24] [target_detect] [INFO] [1753997484.108524188] [target_detection_node]: Current FPS: 29.8
[2025-08-01 05:31:24] [target_detect] [INFO] [1753997484.108914724] [target_detection_node]: ============================================================
[2025-08-01 05:31:25] [target_detect] [INFO] [1753997485.124613806] [target_detection_node]: ============================================================
[2025-08-01 05:31:25] [target_detect] [INFO] [1753997485.125170006] [target_detection_node]: Performance Stats (Recent 100 frames, Total frames: 0)
[2025-08-01 05:31:25] [target_detect] [INFO] [1753997485.125658832] [target_detection_node]: ============================================================
[2025-08-01 05:31:25] [target_detect] [INFO] [1753997485.126343364] [target_detection_node]: preprocess          : Avg= 22.17ms, Max= 43.58ms, Min= 15.28ms
[2025-08-01 05:31:25] [target_detect] [INFO] [1753997485.126903939] [target_detection_node]: rectangle_detection : Avg=  2.14ms, Max= 13.73ms, Min=  0.69ms
[2025-08-01 05:31:25] [target_detect] [INFO] [1753997485.127426889] [target_detection_node]: circle_detection    : Avg=  5.94ms, Max= 26.55ms, Min=  2.89ms
[2025-08-01 05:31:25] [target_detect] [INFO] [1753997485.127934382] [target_detection_node]: rendering           : Avg=  0.97ms, Max=  1.99ms, Min=  0.68ms
[2025-08-01 05:31:25] [target_detect] [INFO] [1753997485.128431375] [target_detection_node]: total               : Avg= 35.69ms, Max= 67.64ms, Min= 22.98ms
[2025-08-01 05:31:25] [target_detect] [INFO] [1753997485.128833577] [target_detection_node]: Current FPS: 24.8
[2025-08-01 05:31:25] [target_detect] [INFO] [1753997485.129224113] [target_detection_node]: ============================================================
