[2025-08-01 05:30:52] [uart1_sender] [INFO] [1753997452.119260045] [uart1_sender]: 创建uart1_sender_topic订阅方成功！
[2025-08-01 05:30:52] [uart1_sender] [INFO] [1753997452.119829953] [uart1_sender]: uart1_sender @ /dev/ttyS1 Buad: 115200 init success
[2025-08-01 05:30:59] [uart1_sender] [INFO] [1753997459.914562256] [uart1_sender]: request to send: @0,-177,86
[2025-08-01 05:30:59] [uart1_sender] [INFO] [1753997459.943535706] [uart1_sender]: request to send: @0,-177,84
[2025-08-01 05:30:59] [uart1_sender] [INFO] [1753997459.978876145] [uart1_sender]: request to send: @0,-179,82
[2025-08-01 05:31:00] [uart1_sender] [INFO] [1753997460.012790355] [uart1_sender]: request to send: @0,-181,80
[2025-08-01 05:31:00] [uart1_sender] [INFO] [1753997460.055303064] [uart1_sender]: request to send: @0,-184,79
[2025-08-01 05:31:00] [uart1_sender] [INFO] [1753997460.091722071] [uart1_sender]: request to send: @0,-187,80
[2025-08-01 05:31:01] [uart1_sender] [INFO] [1753997461.932329869] [uart1_sender]: request to send: @0,-25,78
[2025-08-01 05:31:01] [uart1_sender] [INFO] [1753997461.990453224] [uart1_sender]: request to send: @0,-10,77
[2025-08-01 05:31:02] [uart1_sender] [INFO] [1753997462.037635156] [uart1_sender]: request to send: @0,-3,76
[2025-08-01 05:31:02] [uart1_sender] [INFO] [1753997462.095129103] [uart1_sender]: request to send: @0,9,75
[2025-08-01 05:31:02] [uart1_sender] [INFO] [1753997462.133733244] [uart1_sender]: request to send: @0,14,75
[2025-08-01 05:31:02] [uart1_sender] [INFO] [1753997462.183236517] [uart1_sender]: request to send: @0,24,73
[2025-08-01 05:31:02] [uart1_sender] [INFO] [1753997462.232702749] [uart1_sender]: request to send: @0,30,73
[2025-08-01 05:31:02] [uart1_sender] [INFO] [1753997462.269587249] [uart1_sender]: request to send: @0,39,73
[2025-08-01 05:31:02] [uart1_sender] [INFO] [1753997462.300884664] [uart1_sender]: request to send: @0,44,72
[2025-08-01 05:31:02] [uart1_sender] [INFO] [1753997462.353138897] [uart1_sender]: request to send: @0,49,72
[2025-08-01 05:31:02] [uart1_sender] [INFO] [1753997462.402971165] [uart1_sender]: request to send: @0,58,70
[2025-08-01 05:31:02] [uart1_sender] [INFO] [1753997462.467913294] [uart1_sender]: request to send: @0,64,56
[2025-08-01 05:31:02] [uart1_sender] [INFO] [1753997462.506867139] [uart1_sender]: request to send: @0,70,67
[2025-08-01 05:31:02] [uart1_sender] [INFO] [1753997462.541671503] [uart1_sender]: request to send: @0,75,54
[2025-08-01 05:31:02] [uart1_sender] [INFO] [1753997462.587733159] [uart1_sender]: request to send: @0,78,54
[2025-08-01 05:31:02] [uart1_sender] [INFO] [1753997462.634946299] [uart1_sender]: request to send: @0,85,64
[2025-08-01 05:31:02] [uart1_sender] [INFO] [1753997462.694158721] [uart1_sender]: request to send: @0,88,52
[2025-08-01 05:31:02] [uart1_sender] [INFO] [1753997462.733303313] [uart1_sender]: request to send: @0,95,61
[2025-08-01 05:31:02] [uart1_sender] [INFO] [1753997462.779258221] [uart1_sender]: request to send: @0,99,59
[2025-08-01 05:31:02] [uart1_sender] [INFO] [1753997462.844000562] [uart1_sender]: request to send: @0,102,49
[2025-08-01 05:31:02] [uart1_sender] [INFO] [1753997462.887937750] [uart1_sender]: request to send: @0,107,48
[2025-08-01 05:31:02] [uart1_sender] [INFO] [1753997462.928095577] [uart1_sender]: request to send: @0,107,49
[2025-08-01 05:31:03] [uart1_sender] [INFO] [1753997462.979353782] [uart1_sender]: request to send: @0,106,49
[2025-08-01 05:31:03] [uart1_sender] [INFO] [1753997463.019387361] [uart1_sender]: request to send: @0,100,62
[2025-08-01 05:31:03] [uart1_sender] [INFO] [1753997463.061497576] [uart1_sender]: request to send: @0,95,63
[2025-08-01 05:31:03] [uart1_sender] [INFO] [1753997463.111935918] [uart1_sender]: request to send: @0,82,64
[2025-08-01 05:31:03] [uart1_sender] [INFO] [1753997463.151409214] [uart1_sender]: request to send: @0,74,65
[2025-08-01 05:31:03] [uart1_sender] [INFO] [1753997463.195173154] [uart1_sender]: request to send: @0,66,67
[2025-08-01 05:31:03] [uart1_sender] [INFO] [1753997463.246870895] [uart1_sender]: request to send: @0,47,68
[2025-08-01 05:31:03] [uart1_sender] [INFO] [1753997463.306496311] [uart1_sender]: request to send: @0,38,69
[2025-08-01 05:31:03] [uart1_sender] [INFO] [1753997463.344432837] [uart1_sender]: request to send: @0,17,68
[2025-08-01 05:31:03] [uart1_sender] [INFO] [1753997463.378233007] [uart1_sender]: request to send: @0,7,68
[2025-08-01 05:31:03] [uart1_sender] [INFO] [1753997463.427057290] [uart1_sender]: request to send: @0,-3,68
[2025-08-01 05:31:03] [uart1_sender] [INFO] [1753997463.477074763] [uart1_sender]: request to send: @0,-23,66
[2025-08-01 05:31:04] [uart1_sender] [INFO] [1753997464.095348849] [uart1_sender]: request to send: @0,-148,43
[2025-08-01 05:31:04] [uart1_sender] [INFO] [1753997464.137756851] [uart1_sender]: request to send: @0,-152,42
[2025-08-01 05:31:04] [uart1_sender] [INFO] [1753997464.182526152] [uart1_sender]: request to send: @0,-155,43
[2025-08-01 05:31:04] [uart1_sender] [INFO] [1753997464.217839758] [uart1_sender]: request to send: @0,-154,45
[2025-08-01 05:31:04] [uart1_sender] [INFO] [1753997464.261467201] [uart1_sender]: request to send: @0,-152,47
[2025-08-01 05:31:04] [uart1_sender] [INFO] [1753997464.841126645] [uart1_sender]: request to send: @0,-20,76
[2025-08-01 05:31:04] [uart1_sender] [INFO] [1753997464.894212115] [uart1_sender]: request to send: @0,-14,77
[2025-08-01 05:31:04] [uart1_sender] [INFO] [1753997464.936207123] [uart1_sender]: request to send: @0,-7,77
[2025-08-01 05:31:04] [uart1_sender] [INFO] [1753997464.979492738] [uart1_sender]: request to send: @0,-1,78
[2025-08-01 05:31:05] [uart1_sender] [INFO] [1753997465.022860309] [uart1_sender]: request to send: @0,5,79
[2025-08-01 05:31:05] [uart1_sender] [INFO] [1753997465.065041690] [uart1_sender]: request to send: @0,11,79
[2025-08-01 05:31:05] [uart1_sender] [INFO] [1753997465.119700970] [uart1_sender]: request to send: @0,28,80
[2025-08-01 05:31:05] [uart1_sender] [INFO] [1753997465.157797035] [uart1_sender]: request to send: @0,32,80
[2025-08-01 05:31:05] [uart1_sender] [INFO] [1753997465.195137404] [uart1_sender]: request to send: @0,38,81
[2025-08-01 05:31:05] [uart1_sender] [INFO] [1753997465.234035832] [uart1_sender]: request to send: @0,44,81
[2025-08-01 05:31:05] [uart1_sender] [INFO] [1753997465.284711005] [uart1_sender]: request to send: @0,49,81
[2025-08-01 05:31:05] [uart1_sender] [INFO] [1753997465.320761059] [uart1_sender]: request to send: @0,55,81
[2025-08-01 05:31:05] [uart1_sender] [INFO] [1753997465.359548947] [uart1_sender]: request to send: @0,67,82
[2025-08-01 05:31:05] [uart1_sender] [INFO] [1753997465.395911955] [uart1_sender]: request to send: @0,73,82
[2025-08-01 05:31:05] [uart1_sender] [INFO] [1753997465.445064358] [uart1_sender]: request to send: @0,79,83
[2025-08-01 05:31:05] [uart1_sender] [INFO] [1753997465.483016050] [uart1_sender]: request to send: @0,84,82
[2025-08-01 05:31:05] [uart1_sender] [INFO] [1753997465.529155581] [uart1_sender]: request to send: @0,94,81
[2025-08-01 05:31:05] [uart1_sender] [INFO] [1753997465.572932355] [uart1_sender]: request to send: @0,99,81
[2025-08-01 05:31:05] [uart1_sender] [INFO] [1753997465.637684320] [uart1_sender]: request to send: @0,108,66
[2025-08-01 05:31:05] [uart1_sender] [INFO] [1753997465.698933421] [uart1_sender]: request to send: @0,111,67
[2025-08-01 05:31:05] [uart1_sender] [INFO] [1753997465.901619819] [uart1_sender]: request to send: @0,139,67
[2025-08-01 05:31:05] [uart1_sender] [INFO] [1753997465.941572023] [uart1_sender]: request to send: @0,142,67
[2025-08-01 05:31:05] [uart1_sender] [INFO] [1753997465.977186625] [uart1_sender]: request to send: @0,144,68
[2025-08-01 05:31:06] [uart1_sender] [INFO] [1753997466.017626198] [uart1_sender]: request to send: @0,150,68
[2025-08-01 05:31:06] [uart1_sender] [INFO] [1753997466.071935484] [uart1_sender]: request to send: @0,152,68
[2025-08-01 05:31:06] [uart1_sender] [INFO] [1753997466.113709120] [uart1_sender]: request to send: @0,154,66
[2025-08-01 05:31:06] [uart1_sender] [INFO] [1753997466.164707163] [uart1_sender]: request to send: @0,158,65
[2025-08-01 05:31:06] [uart1_sender] [INFO] [1753997466.219373443] [uart1_sender]: request to send: @0,159,65
[2025-08-01 05:31:06] [uart1_sender] [INFO] [1753997466.263676376] [uart1_sender]: request to send: @0,159,65
[2025-08-01 05:31:06] [uart1_sender] [INFO] [1753997466.296721724] [uart1_sender]: request to send: @0,157,66
[2025-08-01 05:31:06] [uart1_sender] [INFO] [1753997466.348426756] [uart1_sender]: request to send: @0,153,78
[2025-08-01 05:31:06] [uart1_sender] [INFO] [1753997466.400824486] [uart1_sender]: request to send: @0,149,79
[2025-08-01 05:31:06] [uart1_sender] [INFO] [1753997466.455262395] [uart1_sender]: request to send: @0,143,81
[2025-08-01 05:31:06] [uart1_sender] [INFO] [1753997466.525427323] [uart1_sender]: request to send: @0,129,83
[2025-08-01 05:31:06] [uart1_sender] [INFO] [1753997466.591464353] [uart1_sender]: request to send: @0,113,85
[2025-08-01 05:31:06] [uart1_sender] [INFO] [1753997466.639318567] [uart1_sender]: request to send: @0,96,87
[2025-08-01 05:31:06] [uart1_sender] [INFO] [1753997466.680656751] [uart1_sender]: request to send: @0,87,87
[2025-08-01 05:31:06] [uart1_sender] [INFO] [1753997466.720695871] [uart1_sender]: request to send: @0,69,88
[2025-08-01 05:31:06] [uart1_sender] [INFO] [1753997466.756003936] [uart1_sender]: request to send: @0,60,89
[2025-08-01 05:31:06] [uart1_sender] [INFO] [1753997466.800435783] [uart1_sender]: request to send: @0,51,89
[2025-08-01 05:31:06] [uart1_sender] [INFO] [1753997466.843872770] [uart1_sender]: request to send: @0,43,89
[2025-08-01 05:31:06] [uart1_sender] [INFO] [1753997466.889969135] [uart1_sender]: request to send: @0,26,89
[2025-08-01 05:31:06] [uart1_sender] [INFO] [1753997466.940666474] [uart1_sender]: request to send: @0,19,90
[2025-08-01 05:31:06] [uart1_sender] [INFO] [1753997466.985443066] [uart1_sender]: request to send: @0,3,89
[2025-08-01 05:31:07] [uart1_sender] [INFO] [1753997467.028710597] [uart1_sender]: request to send: @0,-5,89
[2025-08-01 05:31:07] [uart1_sender] [INFO] [1753997467.074379968] [uart1_sender]: request to send: @0,-13,89
[2025-08-01 05:31:07] [uart1_sender] [INFO] [1753997467.119872592] [uart1_sender]: request to send: @0,-21,89
[2025-08-01 05:31:07] [uart1_sender] [INFO] [1753997467.251690572] [uart1_sender]: request to send: @0,-45,84
[2025-08-01 05:31:07] [uart1_sender] [INFO] [1753997467.294053950] [uart1_sender]: request to send: @0,-47,83
[2025-08-01 05:31:07] [uart1_sender] [INFO] [1753997467.344262754] [uart1_sender]: request to send: @0,-49,83
[2025-08-01 05:31:07] [uart1_sender] [INFO] [1753997467.446295005] [uart1_sender]: request to send: @0,-42,81
[2025-08-01 05:31:07] [uart1_sender] [INFO] [1753997467.562571464] [uart1_sender]: request to send: @0,-17,89
[2025-08-01 05:31:07] [uart1_sender] [INFO] [1753997467.611271207] [uart1_sender]: request to send: @0,-8,89
[2025-08-01 05:31:07] [uart1_sender] [INFO] [1753997467.651366910] [uart1_sender]: request to send: @0,12,90
[2025-08-01 05:31:07] [uart1_sender] [INFO] [1753997467.692685553] [uart1_sender]: request to send: @0,23,91
[2025-08-01 05:31:07] [uart1_sender] [INFO] [1753997467.731898977] [uart1_sender]: request to send: @0,33,91
[2025-08-01 05:31:07] [uart1_sender] [INFO] [1753997467.779789357] [uart1_sender]: request to send: @0,44,91
[2025-08-01 05:31:07] [uart1_sender] [INFO] [1753997467.821164291] [uart1_sender]: request to send: @0,64,92
[2025-08-01 05:31:07] [uart1_sender] [INFO] [1753997467.868247058] [uart1_sender]: request to send: @0,73,91
[2025-08-01 05:31:07] [uart1_sender] [INFO] [1753997467.906606786] [uart1_sender]: request to send: @0,83,89
[2025-08-01 05:31:07] [uart1_sender] [INFO] [1753997467.942340095] [uart1_sender]: request to send: @0,92,88
[2025-08-01 05:31:07] [uart1_sender] [INFO] [1753997467.980796946] [uart1_sender]: request to send: @0,100,88
[2025-08-01 05:31:08] [uart1_sender] [INFO] [1753997468.019300173] [uart1_sender]: request to send: @0,109,86
[2025-08-01 05:31:08] [uart1_sender] [INFO] [1753997468.055087439] [uart1_sender]: request to send: @0,116,85
[2025-08-01 05:31:08] [uart1_sender] [INFO] [1753997468.099115917] [uart1_sender]: request to send: @0,123,83
[2025-08-01 05:31:08] [uart1_sender] [INFO] [1753997468.146968964] [uart1_sender]: request to send: @0,144,80
[2025-08-01 05:31:08] [uart1_sender] [INFO] [1753997468.183128683] [uart1_sender]: request to send: @0,150,78
[2025-08-01 05:31:08] [uart1_sender] [INFO] [1753997468.227378241] [uart1_sender]: request to send: @0,154,77
[2025-08-01 05:31:08] [uart1_sender] [INFO] [1753997468.269430999] [uart1_sender]: request to send: @0,159,76
[2025-08-01 05:31:08] [uart1_sender] [INFO] [1753997468.300780913] [uart1_sender]: request to send: @0,163,65
[2025-08-01 05:31:08] [uart1_sender] [INFO] [1753997468.353341974] [uart1_sender]: request to send: @0,164,66
[2025-08-01 05:31:08] [uart1_sender] [INFO] [1753997468.392138613] [uart1_sender]: request to send: @0,166,65
[2025-08-01 05:31:08] [uart1_sender] [INFO] [1753997468.433304425] [uart1_sender]: request to send: @0,165,66
[2025-08-01 05:31:08] [uart1_sender] [INFO] [1753997468.494270905] [uart1_sender]: request to send: @0,162,80
[2025-08-01 05:31:08] [uart1_sender] [INFO] [1753997468.542485613] [uart1_sender]: request to send: @0,156,83
[2025-08-01 05:31:08] [uart1_sender] [INFO] [1753997468.590525032] [uart1_sender]: request to send: @0,141,85
[2025-08-01 05:31:08] [uart1_sender] [INFO] [1753997468.649409917] [uart1_sender]: request to send: @0,121,90
[2025-08-01 05:31:08] [uart1_sender] [INFO] [1753997468.696227272] [uart1_sender]: request to send: @0,109,91
[2025-08-01 05:31:08] [uart1_sender] [INFO] [1753997468.738120781] [uart1_sender]: request to send: @0,85,98
[2025-08-01 05:31:08] [uart1_sender] [INFO] [1753997468.788332502] [uart1_sender]: request to send: @0,70,96
[2025-08-01 05:31:08] [uart1_sender] [INFO] [1753997468.841531137] [uart1_sender]: request to send: @0,57,99
[2025-08-01 05:31:08] [uart1_sender] [INFO] [1753997468.882042167] [uart1_sender]: request to send: @0,30,102
[2025-08-01 05:31:08] [uart1_sender] [INFO] [1753997468.942743817] [uart1_sender]: request to send: @0,16,102
[2025-08-01 05:31:08] [uart1_sender] [INFO] [1753997468.976818442] [uart1_sender]: request to send: @0,-10,104
[2025-08-01 05:31:09] [uart1_sender] [INFO] [1753997469.016464110] [uart1_sender]: request to send: @0,-22,104
[2025-08-01 05:31:09] [uart1_sender] [INFO] [1753997469.170351016] [uart1_sender]: request to send: @0,-56,99
[2025-08-01 05:31:09] [uart1_sender] [INFO] [1753997469.203234200] [uart1_sender]: request to send: @0,-58,98
[2025-08-01 05:31:09] [uart1_sender] [INFO] [1753997469.249860515] [uart1_sender]: request to send: @0,-58,96
[2025-08-01 05:31:09] [uart1_sender] [INFO] [1753997469.311462235] [uart1_sender]: request to send: @0,-56,91
[2025-08-01 05:31:09] [uart1_sender] [INFO] [1753997469.597125123] [uart1_sender]: request to send: @0,-8,68
[2025-08-01 05:31:09] [uart1_sender] [INFO] [1753997469.656805371] [uart1_sender]: request to send: @0,18,49
[2025-08-01 05:31:09] [uart1_sender] [INFO] [1753997469.697152778] [uart1_sender]: request to send: @0,29,49
[2025-08-01 05:31:09] [uart1_sender] [INFO] [1753997469.748747854] [uart1_sender]: request to send: @0,38,23
[2025-08-01 05:31:10] [uart1_sender] [INFO] [1753997470.187365495] [uart1_sender]: request to send: @0,-75,208
[2025-08-01 05:31:10] [uart1_sender] [INFO] [1753997470.891371696] [uart1_sender]: request to send: @0,-54,59
[2025-08-01 05:31:11] [uart1_sender] [INFO] [1753997471.283429521] [uart1_sender]: request to send: @0,-36,60
[2025-08-01 05:31:11] [uart1_sender] [INFO] [1753997471.816112072] [uart1_sender]: request to send: @0,-85,-8
[2025-08-01 05:31:11] [uart1_sender] [INFO] [1753997471.853654562] [uart1_sender]: request to send: @0,-88,-7
[2025-08-01 05:31:11] [uart1_sender] [INFO] [1753997471.895796568] [uart1_sender]: request to send: @0,-92,-7
[2025-08-01 05:31:11] [uart1_sender] [INFO] [1753997471.986174866] [uart1_sender]: request to send: @0,-99,-2
[2025-08-01 05:31:12] [uart1_sender] [INFO] [1753997472.032919012] [uart1_sender]: request to send: @0,-100,3
[2025-08-01 05:31:12] [uart1_sender] [INFO] [1753997472.665918840] [uart1_sender]: request to send: @0,-174,93
[2025-08-01 05:31:12] [uart1_sender] [INFO] [1753997472.693364562] [uart1_sender]: request to send: @0,-179,91
[2025-08-01 05:31:12] [uart1_sender] [INFO] [1753997472.727799389] [uart1_sender]: request to send: @0,-182,88
[2025-08-01 05:31:12] [uart1_sender] [INFO] [1753997472.764235021] [uart1_sender]: request to send: @0,-183,86
[2025-08-01 05:31:12] [uart1_sender] [INFO] [1753997472.803224156] [uart1_sender]: request to send: @0,-182,84
[2025-08-01 05:31:12] [uart1_sender] [INFO] [1753997472.841989879] [uart1_sender]: request to send: @0,-183,80
[2025-08-01 05:31:12] [uart1_sender] [INFO] [1753997472.884336048] [uart1_sender]: request to send: @0,-181,78
[2025-08-01 05:31:13] [uart1_sender] [INFO] [1753997473.591950113] [uart1_sender]: request to send: @0,-19,83
[2025-08-01 05:31:13] [uart1_sender] [INFO] [1753997473.623965310] [uart1_sender]: request to send: @0,-13,84
[2025-08-01 05:31:13] [uart1_sender] [INFO] [1753997473.652944593] [uart1_sender]: request to send: @0,-7,85
[2025-08-01 05:31:13] [uart1_sender] [INFO] [1753997473.695563758] [uart1_sender]: request to send: @0,-1,86
[2025-08-01 05:31:13] [uart1_sender] [INFO] [1753997473.734181024] [uart1_sender]: request to send: @0,5,86
[2025-08-01 05:31:13] [uart1_sender] [INFO] [1753997473.765490106] [uart1_sender]: request to send: @0,11,87
[2025-08-01 05:31:13] [uart1_sender] [INFO] [1753997473.799800394] [uart1_sender]: request to send: @0,17,87
[2025-08-01 05:31:13] [uart1_sender] [INFO] [1753997473.853532480] [uart1_sender]: request to send: @0,23,89
[2025-08-01 05:31:13] [uart1_sender] [INFO] [1753997473.910831305] [uart1_sender]: request to send: @0,35,89
[2025-08-01 05:31:13] [uart1_sender] [INFO] [1753997473.952720439] [uart1_sender]: request to send: @0,41,89
[2025-08-01 05:31:14] [uart1_sender] [INFO] [1753997473.986653316] [uart1_sender]: request to send: @0,52,91
[2025-08-01 05:31:14] [uart1_sender] [INFO] [1753997474.032430310] [uart1_sender]: request to send: @0,57,90
[2025-08-01 05:31:14] [uart1_sender] [INFO] [1753997474.086810470] [uart1_sender]: request to send: @0,62,91
[2025-08-01 05:31:14] [uart1_sender] [INFO] [1753997474.128395692] [uart1_sender]: request to send: @0,70,83
[2025-08-01 05:31:14] [uart1_sender] [INFO] [1753997474.176900313] [uart1_sender]: request to send: @0,73,83
[2025-08-01 05:31:14] [uart1_sender] [INFO] [1753997474.254197553] [uart1_sender]: request to send: @0,79,83
[2025-08-01 05:31:14] [uart1_sender] [INFO] [1753997474.313098480] [uart1_sender]: request to send: @0,78,83
[2025-08-01 05:31:14] [uart1_sender] [INFO] [1753997474.347583181] [uart1_sender]: request to send: @0,76,84
[2025-08-01 05:31:14] [uart1_sender] [INFO] [1753997474.378031567] [uart1_sender]: request to send: @0,69,92
[2025-08-01 05:31:14] [uart1_sender] [INFO] [1753997474.424573009] [uart1_sender]: request to send: @0,64,93
[2025-08-01 05:31:14] [uart1_sender] [INFO] [1753997474.471731316] [uart1_sender]: request to send: @0,58,93
[2025-08-01 05:31:14] [uart1_sender] [INFO] [1753997474.524286253] [uart1_sender]: request to send: @0,43,95
[2025-08-01 05:31:14] [uart1_sender] [INFO] [1753997474.557139978] [uart1_sender]: request to send: @0,34,96
[2025-08-01 05:31:14] [uart1_sender] [INFO] [1753997474.623306507] [uart1_sender]: request to send: @0,17,97
[2025-08-01 05:31:14] [uart1_sender] [INFO] [1753997474.663868869] [uart1_sender]: request to send: @0,8,98
[2025-08-01 05:31:14] [uart1_sender] [INFO] [1753997474.709276619] [uart1_sender]: request to send: @0,-1,98
[2025-08-01 05:31:14] [uart1_sender] [INFO] [1753997474.750692386] [uart1_sender]: request to send: @0,-18,100
[2025-08-01 05:31:14] [uart1_sender] [INFO] [1753997474.792721518] [uart1_sender]: request to send: @0,-26,101
[2025-08-01 05:31:14] [uart1_sender] [INFO] [1753997474.942128490] [uart1_sender]: request to send: @0,-53,105
[2025-08-01 05:31:14] [uart1_sender] [INFO] [1753997474.983266011] [uart1_sender]: request to send: @0,-54,107
[2025-08-01 05:31:15] [uart1_sender] [INFO] [1753997475.233980162] [uart1_sender]: request to send: @0,-20,113
[2025-08-01 05:31:15] [uart1_sender] [INFO] [1753997475.276359581] [uart1_sender]: request to send: @0,-10,112
[2025-08-01 05:31:15] [uart1_sender] [INFO] [1753997475.319461156] [uart1_sender]: request to send: @0,0,113
[2025-08-01 05:31:15] [uart1_sender] [INFO] [1753997475.355515002] [uart1_sender]: request to send: @0,10,112
[2025-08-01 05:31:15] [uart1_sender] [INFO] [1753997475.411898299] [uart1_sender]: request to send: @0,21,112
[2025-08-01 05:31:15] [uart1_sender] [INFO] [1753997475.467360817] [uart1_sender]: request to send: @0,44,112
[2025-08-01 05:31:15] [uart1_sender] [INFO] [1753997475.513455724] [uart1_sender]: request to send: @0,65,112
[2025-08-01 05:31:15] [uart1_sender] [INFO] [1753997475.565185256] [uart1_sender]: request to send: @0,75,113
[2025-08-01 05:31:15] [uart1_sender] [INFO] [1753997475.615380935] [uart1_sender]: request to send: @0,84,113
[2025-08-01 05:31:15] [uart1_sender] [INFO] [1753997475.669798427] [uart1_sender]: request to send: @0,92,116
[2025-08-01 05:31:15] [uart1_sender] [INFO] [1753997475.701816540] [uart1_sender]: request to send: @0,109,120
[2025-08-01 05:31:15] [uart1_sender] [INFO] [1753997475.741783037] [uart1_sender]: request to send: @0,109,111
[2025-08-01 05:31:15] [uart1_sender] [INFO] [1753997475.786432464] [uart1_sender]: request to send: @0,111,112
[2025-08-01 05:31:15] [uart1_sender] [INFO] [1753997475.831916046] [uart1_sender]: request to send: @0,110,114
[2025-08-01 05:31:15] [uart1_sender] [INFO] [1753997475.867917976] [uart1_sender]: request to send: @0,109,117
[2025-08-01 05:31:16] [uart1_sender] [INFO] [1753997476.147403454] [uart1_sender]: request to send: @0,38,136
[2025-08-01 05:31:18] [uart1_sender] [INFO] [1753997478.147025292] [uart1_sender]: request to send: @0,-26,46
[2025-08-01 05:31:18] [uart1_sender] [INFO] [1753997478.177349138] [uart1_sender]: request to send: @0,-17,45
[2025-08-01 05:31:18] [uart1_sender] [INFO] [1753997478.228561844] [uart1_sender]: request to send: @0,-8,45
[2025-08-01 05:31:18] [uart1_sender] [INFO] [1753997478.269956903] [uart1_sender]: request to send: @0,8,45
[2025-08-01 05:31:18] [uart1_sender] [INFO] [1753997478.308258882] [uart1_sender]: request to send: @0,15,46
[2025-08-01 05:31:18] [uart1_sender] [INFO] [1753997478.360228744] [uart1_sender]: request to send: @0,21,46
[2025-08-01 05:31:18] [uart1_sender] [INFO] [1753997478.402298126] [uart1_sender]: request to send: @0,33,47
[2025-08-01 05:31:18] [uart1_sender] [INFO] [1753997478.453188545] [uart1_sender]: request to send: @0,38,47
[2025-08-01 05:31:18] [uart1_sender] [INFO] [1753997478.496657323] [uart1_sender]: request to send: @0,49,49
[2025-08-01 05:31:18] [uart1_sender] [INFO] [1753997478.536928023] [uart1_sender]: request to send: @0,54,49
[2025-08-01 05:31:18] [uart1_sender] [INFO] [1753997478.580814171] [uart1_sender]: request to send: @0,58,50
[2025-08-01 05:31:18] [uart1_sender] [INFO] [1753997478.644476777] [uart1_sender]: request to send: @0,69,50
[2025-08-01 05:31:18] [uart1_sender] [INFO] [1753997478.702812462] [uart1_sender]: request to send: @0,75,50
[2025-08-01 05:31:18] [uart1_sender] [INFO] [1753997478.742967956] [uart1_sender]: request to send: @0,89,50
[2025-08-01 05:31:18] [uart1_sender] [INFO] [1753997478.779847206] [uart1_sender]: request to send: @0,97,52
[2025-08-01 05:31:18] [uart1_sender] [INFO] [1753997478.816255129] [uart1_sender]: request to send: @0,105,53
[2025-08-01 05:31:18] [uart1_sender] [INFO] [1753997478.856727076] [uart1_sender]: request to send: @0,113,52
[2025-08-01 05:31:18] [uart1_sender] [INFO] [1753997478.899204786] [uart1_sender]: request to send: @0,128,54
[2025-08-01 05:31:18] [uart1_sender] [INFO] [1753997478.933683363] [uart1_sender]: request to send: @0,135,55
[2025-08-01 05:31:18] [uart1_sender] [INFO] [1753997478.975457874] [uart1_sender]: request to send: @0,142,56
[2025-08-01 05:31:19] [uart1_sender] [INFO] [1753997479.020312049] [uart1_sender]: request to send: @0,148,57
[2025-08-01 05:31:19] [uart1_sender] [INFO] [1753997479.055730070] [uart1_sender]: request to send: @0,156,59
[2025-08-01 05:31:19] [uart1_sender] [INFO] [1753997479.099407095] [uart1_sender]: request to send: @0,155,48
[2025-08-01 05:31:19] [uart1_sender] [INFO] [1753997479.153140056] [uart1_sender]: request to send: @0,157,49
[2025-08-01 05:31:19] [uart1_sender] [INFO] [1753997479.200058033] [uart1_sender]: request to send: @0,158,66
[2025-08-01 05:31:19] [uart1_sender] [INFO] [1753997479.246430311] [uart1_sender]: request to send: @0,153,67
[2025-08-01 05:31:19] [uart1_sender] [INFO] [1753997479.307438498] [uart1_sender]: request to send: @0,136,69
[2025-08-01 05:31:19] [uart1_sender] [INFO] [1753997479.365227607] [uart1_sender]: request to send: @0,124,71
[2025-08-01 05:31:19] [uart1_sender] [INFO] [1753997479.411048643] [uart1_sender]: request to send: @0,89,75
[2025-08-01 05:31:19] [uart1_sender] [INFO] [1753997479.502865419] [uart1_sender]: request to send: @0,37,92
[2025-08-01 05:31:19] [uart1_sender] [INFO] [1753997479.550511969] [uart1_sender]: request to send: @0,17,99
[2025-08-01 05:31:19] [uart1_sender] [INFO] [1753997479.596761457] [uart1_sender]: request to send: @0,-19,115
[2025-08-01 05:31:19] [uart1_sender] [INFO] [1753997479.650480709] [uart1_sender]: request to send: @0,-38,122
