[0.155s] [34mcolcon[0m [1;30mDEBUG[0m [32mCommand line arguments: ['/usr/bin/colcon', 'build', '--symlink-install'][0m
[0.156s] [34mcolcon[0m [1;30mDEBUG[0m [32mParsed command line arguments: Namespace(log_base=None, log_level=None, verb_name='build', build_base='build', install_base='install', merge_install=False, symlink_install=True, test_result_base=None, continue_on_error=False, executor='parallel', parallel_workers=8, event_handlers=None, ignore_user_meta=False, metas=['./colcon.meta'], base_paths=['.'], packages_ignore=None, packages_ignore_regex=None, paths=None, packages_up_to=None, packages_up_to_regex=None, packages_above=None, packages_above_and_dependencies=None, packages_above_depth=None, packages_select_by_dep=None, packages_skip_by_dep=None, packages_skip_up_to=None, packages_select_build_failed=False, packages_skip_build_finished=False, packages_select_test_failures=False, packages_skip_test_passed=False, packages_select=None, packages_skip=None, packages_select_regex=None, packages_skip_regex=None, packages_start=None, packages_end=None, cmake_args=None, cmake_target=None, cmake_target_skip_unavailable=False, cmake_clean_cache=False, cmake_clean_first=False, cmake_force_configure=False, ament_cmake_args=None, catkin_cmake_args=None, catkin_skip_building_tests=False, verb_parser=<colcon_defaults.argument_parser.defaults.DefaultArgumentsDecorator object at 0x7f99e2e1d0>, verb_extension=<colcon_core.verb.build.BuildVerb object at 0x7f9a203f70>, main=<bound method BuildVerb.main of <colcon_core.verb.build.BuildVerb object at 0x7f9a203f70>>)[0m
[3.238s] [34mcolcon.colcon_core.package_discovery[0m [1;30mLevel 1[0m discover_packages(colcon_meta) check parameters
[3.238s] [34mcolcon.colcon_core.package_discovery[0m [1;30mLevel 1[0m discover_packages(recursive) check parameters
[3.238s] [34mcolcon.colcon_core.package_discovery[0m [1;30mLevel 1[0m discover_packages(ignore) check parameters
[3.239s] [34mcolcon.colcon_core.package_discovery[0m [1;30mLevel 1[0m discover_packages(path) check parameters
[3.239s] [34mcolcon.colcon_core.package_discovery[0m [1;30mLevel 1[0m discover_packages(colcon_meta) discover
[3.239s] [34mcolcon.colcon_core.package_discovery[0m [1;30mLevel 1[0m discover_packages(recursive) discover
[3.239s] [34mcolcon.colcon_core.package_discovery[0m [1;30mINFO[0m Crawling recursively for packages in '/home/orangepi/ros2_workspace/NUEDC_H/automatic_aiming'
[3.240s] [34mcolcon.colcon_core.package_identification[0m [1;30mLevel 1[0m _identify(.) by extensions ['ignore', 'ignore_ament_install']
[3.240s] [34mcolcon.colcon_core.package_identification[0m [1;30mLevel 1[0m _identify(.) by extension 'ignore'
[3.241s] [34mcolcon.colcon_core.package_identification[0m [1;30mLevel 1[0m _identify(.) by extension 'ignore_ament_install'
[3.241s] [34mcolcon.colcon_core.package_identification[0m [1;30mLevel 1[0m _identify(.) by extensions ['colcon_pkg']
[3.241s] [34mcolcon.colcon_core.package_identification[0m [1;30mLevel 1[0m _identify(.) by extension 'colcon_pkg'
[3.241s] [34mcolcon.colcon_core.package_identification[0m [1;30mLevel 1[0m _identify(.) by extensions ['colcon_meta']
[3.241s] [34mcolcon.colcon_core.package_identification[0m [1;30mLevel 1[0m _identify(.) by extension 'colcon_meta'
[3.242s] [34mcolcon.colcon_core.package_identification[0m [1;30mLevel 1[0m _identify(.) by extensions ['ros']
[3.242s] [34mcolcon.colcon_core.package_identification[0m [1;30mLevel 1[0m _identify(.) by extension 'ros'
[3.506s] [34mcolcon.colcon_core.package_identification[0m [1;30mDEBUG[0m [32mPackage '.' with type 'ros.ament_python' and name 'automatic_aiming'[0m
[3.507s] [34mcolcon.colcon_core.package_discovery[0m [1;30mLevel 1[0m discover_packages(recursive) using defaults
[3.507s] [34mcolcon.colcon_core.package_discovery[0m [1;30mLevel 1[0m discover_packages(ignore) discover
[3.507s] [34mcolcon.colcon_core.package_discovery[0m [1;30mLevel 1[0m discover_packages(ignore) using defaults
[3.507s] [34mcolcon.colcon_core.package_discovery[0m [1;30mLevel 1[0m discover_packages(path) discover
[3.507s] [34mcolcon.colcon_core.package_discovery[0m [1;30mLevel 1[0m discover_packages(path) using defaults
[3.714s] [34mcolcon.colcon_core.verb[0m [1;30mLevel 5[0m set package 'automatic_aiming' build argument 'cmake_args' from command line to 'None'
[3.714s] [34mcolcon.colcon_core.verb[0m [1;30mLevel 5[0m set package 'automatic_aiming' build argument 'cmake_target' from command line to 'None'
[3.715s] [34mcolcon.colcon_core.verb[0m [1;30mLevel 5[0m set package 'automatic_aiming' build argument 'cmake_target_skip_unavailable' from command line to 'False'
[3.715s] [34mcolcon.colcon_core.verb[0m [1;30mLevel 5[0m set package 'automatic_aiming' build argument 'cmake_clean_cache' from command line to 'False'
[3.715s] [34mcolcon.colcon_core.verb[0m [1;30mLevel 5[0m set package 'automatic_aiming' build argument 'cmake_clean_first' from command line to 'False'
[3.715s] [34mcolcon.colcon_core.verb[0m [1;30mLevel 5[0m set package 'automatic_aiming' build argument 'cmake_force_configure' from command line to 'False'
[3.715s] [34mcolcon.colcon_core.verb[0m [1;30mLevel 5[0m set package 'automatic_aiming' build argument 'ament_cmake_args' from command line to 'None'
[3.715s] [34mcolcon.colcon_core.verb[0m [1;30mLevel 5[0m set package 'automatic_aiming' build argument 'catkin_cmake_args' from command line to 'None'
[3.715s] [34mcolcon.colcon_core.verb[0m [1;30mLevel 5[0m set package 'automatic_aiming' build argument 'catkin_skip_building_tests' from command line to 'False'
[3.715s] [34mcolcon.colcon_core.verb[0m [1;30mDEBUG[0m [32mBuilding package 'automatic_aiming' with the following arguments: {'ament_cmake_args': None, 'build_base': '/home/orangepi/ros2_workspace/NUEDC_H/automatic_aiming/build/automatic_aiming', 'catkin_cmake_args': None, 'catkin_skip_building_tests': False, 'cmake_args': None, 'cmake_clean_cache': False, 'cmake_clean_first': False, 'cmake_force_configure': False, 'cmake_target': None, 'cmake_target_skip_unavailable': False, 'install_base': '/home/orangepi/ros2_workspace/NUEDC_H/automatic_aiming/install/automatic_aiming', 'merge_install': False, 'path': '/home/orangepi/ros2_workspace/NUEDC_H/automatic_aiming', 'symlink_install': True, 'test_result_base': None}[0m
[3.715s] [34mcolcon.colcon_core.executor[0m [1;30mINFO[0m Executing jobs using 'parallel' executor
[3.717s] [34mcolcon.colcon_parallel_executor.executor.parallel[0m [1;30mDEBUG[0m [32mrun_until_complete[0m
[3.717s] [34mcolcon.colcon_ros.task.ament_python.build[0m [1;30mINFO[0m Building ROS package in '/home/orangepi/ros2_workspace/NUEDC_H/automatic_aiming' with build type 'ament_python'
[3.717s] [34mcolcon.colcon_core.shell[0m [1;30mLevel 1[0m create_environment_hook('automatic_aiming', 'ament_prefix_path')
[3.769s] [34mcolcon.colcon_core.plugin_system[0m [1;30mINFO[0m Skipping extension 'colcon_core.shell.bat': Not used on non-Windows systems
[3.770s] [34mcolcon.colcon_core.shell[0m [1;30mINFO[0m Creating environment hook '/home/orangepi/ros2_workspace/NUEDC_H/automatic_aiming/install/automatic_aiming/share/automatic_aiming/hook/ament_prefix_path.ps1'
[3.776s] [34mcolcon.colcon_core.shell[0m [1;30mINFO[0m Creating environment descriptor '/home/orangepi/ros2_workspace/NUEDC_H/automatic_aiming/install/automatic_aiming/share/automatic_aiming/hook/ament_prefix_path.dsv'
[3.780s] [34mcolcon.colcon_core.shell[0m [1;30mINFO[0m Creating environment hook '/home/orangepi/ros2_workspace/NUEDC_H/automatic_aiming/install/automatic_aiming/share/automatic_aiming/hook/ament_prefix_path.sh'
[3.785s] [34mcolcon.colcon_core.shell[0m [1;30mINFO[0m Skip shell extension 'powershell' for command environment: Not usable outside of PowerShell
[3.785s] [34mcolcon.colcon_core.shell[0m [1;30mDEBUG[0m [32mSkip shell extension 'dsv' for command environment[0m
[8.536s] [34mcolcon.colcon_core.task.python.build[0m [1;30mINFO[0m Building Python package in '/home/orangepi/ros2_workspace/NUEDC_H/automatic_aiming'
[8.536s] [34mcolcon.colcon_core.shell[0m [1;30mINFO[0m Skip shell extension 'powershell' for command environment: Not usable outside of PowerShell
[8.536s] [34mcolcon.colcon_core.shell[0m [1;30mDEBUG[0m [32mSkip shell extension 'dsv' for command environment[0m
[13.304s] [34mcolcon.colcon_core.event_handler.log_command[0m [1;30mDEBUG[0m [32mInvoking command in '/home/orangepi/ros2_workspace/NUEDC_H/automatic_aiming/build/automatic_aiming': PYTHONPATH=/home/orangepi/ros2_workspace/NUEDC_H/automatic_aiming/build/automatic_aiming/prefix_override:/usr/lib/python3/dist-packages/colcon_core/task/python/colcon_distutils_commands:/home/orangepi/ros2_workspace/NUEDC_H/automatic_aiming/install/automatic_aiming/lib/python3.10/site-packages:${PYTHONPATH} /usr/bin/python3 -W ignore:setup.py install is deprecated -W ignore:easy_install command is deprecated setup.py develop --editable --build-directory /home/orangepi/ros2_workspace/NUEDC_H/automatic_aiming/build/automatic_aiming/build --no-deps symlink_data[0m
[14.130s] [34mcolcon.colcon_core.shell[0m [1;30mLevel 1[0m create_environment_hook('automatic_aiming', 'pythonpath_develop')
[14.130s] [34mcolcon.colcon_core.shell[0m [1;30mINFO[0m Creating environment hook '/home/orangepi/ros2_workspace/NUEDC_H/automatic_aiming/build/automatic_aiming/share/automatic_aiming/hook/pythonpath_develop.ps1'
[14.132s] [34mcolcon.colcon_core.event_handler.log_command[0m [1;30mDEBUG[0m [32mInvoked command in '/home/orangepi/ros2_workspace/NUEDC_H/automatic_aiming/build/automatic_aiming' returned '0': PYTHONPATH=/home/orangepi/ros2_workspace/NUEDC_H/automatic_aiming/build/automatic_aiming/prefix_override:/usr/lib/python3/dist-packages/colcon_core/task/python/colcon_distutils_commands:/home/orangepi/ros2_workspace/NUEDC_H/automatic_aiming/install/automatic_aiming/lib/python3.10/site-packages:${PYTHONPATH} /usr/bin/python3 -W ignore:setup.py install is deprecated -W ignore:easy_install command is deprecated setup.py develop --editable --build-directory /home/orangepi/ros2_workspace/NUEDC_H/automatic_aiming/build/automatic_aiming/build --no-deps symlink_data[0m
[14.133s] [34mcolcon.colcon_core.shell[0m [1;30mINFO[0m Creating environment descriptor '/home/orangepi/ros2_workspace/NUEDC_H/automatic_aiming/build/automatic_aiming/share/automatic_aiming/hook/pythonpath_develop.dsv'
[14.134s] [34mcolcon.colcon_core.shell[0m [1;30mINFO[0m Creating environment hook '/home/orangepi/ros2_workspace/NUEDC_H/automatic_aiming/build/automatic_aiming/share/automatic_aiming/hook/pythonpath_develop.sh'
[14.501s] [34mcolcon.colcon_core.environment[0m [1;30mLevel 1[0m checking '/home/orangepi/ros2_workspace/NUEDC_H/automatic_aiming/install/automatic_aiming' for CMake module files
[14.504s] [34mcolcon.colcon_core.environment[0m [1;30mLevel 1[0m checking '/home/orangepi/ros2_workspace/NUEDC_H/automatic_aiming/install/automatic_aiming' for CMake config files
[14.507s] [34mcolcon.colcon_core.environment[0m [1;30mLevel 1[0m checking '/home/orangepi/ros2_workspace/NUEDC_H/automatic_aiming/install/automatic_aiming/lib'
[14.507s] [34mcolcon.colcon_core.environment[0m [1;30mLevel 1[0m checking '/home/orangepi/ros2_workspace/NUEDC_H/automatic_aiming/install/automatic_aiming/bin'
[14.508s] [34mcolcon.colcon_core.environment[0m [1;30mLevel 1[0m checking '/home/orangepi/ros2_workspace/NUEDC_H/automatic_aiming/install/automatic_aiming/lib/pkgconfig/automatic_aiming.pc'
[14.509s] [34mcolcon.colcon_core.environment[0m [1;30mLevel 1[0m checking '/home/orangepi/ros2_workspace/NUEDC_H/automatic_aiming/install/automatic_aiming/lib/python3.10/site-packages'
[14.509s] [34mcolcon.colcon_core.shell[0m [1;30mLevel 1[0m create_environment_hook('automatic_aiming', 'pythonpath')
[14.510s] [34mcolcon.colcon_core.shell[0m [1;30mINFO[0m Creating environment hook '/home/orangepi/ros2_workspace/NUEDC_H/automatic_aiming/install/automatic_aiming/share/automatic_aiming/hook/pythonpath.ps1'
[14.512s] [34mcolcon.colcon_core.shell[0m [1;30mINFO[0m Creating environment descriptor '/home/orangepi/ros2_workspace/NUEDC_H/automatic_aiming/install/automatic_aiming/share/automatic_aiming/hook/pythonpath.dsv'
[14.513s] [34mcolcon.colcon_core.shell[0m [1;30mINFO[0m Creating environment hook '/home/orangepi/ros2_workspace/NUEDC_H/automatic_aiming/install/automatic_aiming/share/automatic_aiming/hook/pythonpath.sh'
[14.516s] [34mcolcon.colcon_core.environment[0m [1;30mLevel 1[0m checking '/home/orangepi/ros2_workspace/NUEDC_H/automatic_aiming/install/automatic_aiming/bin'
[14.516s] [34mcolcon.colcon_core.environment[0m [1;30mLevel 1[0m create_environment_scripts_only(automatic_aiming)
[14.518s] [34mcolcon.colcon_core.shell[0m [1;30mINFO[0m Creating package script '/home/orangepi/ros2_workspace/NUEDC_H/automatic_aiming/install/automatic_aiming/share/automatic_aiming/package.ps1'
[14.560s] [34mcolcon.colcon_core.shell[0m [1;30mINFO[0m Creating package descriptor '/home/orangepi/ros2_workspace/NUEDC_H/automatic_aiming/install/automatic_aiming/share/automatic_aiming/package.dsv'
[14.566s] [34mcolcon.colcon_core.shell[0m [1;30mINFO[0m Creating package script '/home/orangepi/ros2_workspace/NUEDC_H/automatic_aiming/install/automatic_aiming/share/automatic_aiming/package.sh'
[14.585s] [34mcolcon.colcon_core.shell[0m [1;30mINFO[0m Creating package script '/home/orangepi/ros2_workspace/NUEDC_H/automatic_aiming/install/automatic_aiming/share/automatic_aiming/package.bash'
[14.628s] [34mcolcon.colcon_core.shell[0m [1;30mINFO[0m Creating package script '/home/orangepi/ros2_workspace/NUEDC_H/automatic_aiming/install/automatic_aiming/share/automatic_aiming/package.zsh'
[14.636s] [34mcolcon.colcon_core.environment[0m [1;30mLevel 1[0m create_file_with_runtime_dependencies(/home/orangepi/ros2_workspace/NUEDC_H/automatic_aiming/install/automatic_aiming/share/colcon-core/packages/automatic_aiming)
[14.638s] [34mcolcon.colcon_parallel_executor.executor.parallel[0m [1;30mDEBUG[0m [32mclosing loop[0m
[14.639s] [34mcolcon.colcon_parallel_executor.executor.parallel[0m [1;30mDEBUG[0m [32mloop closed[0m
[14.639s] [34mcolcon.colcon_parallel_executor.executor.parallel[0m [1;30mDEBUG[0m [32mrun_until_complete finished with '0'[0m
[14.639s] [34mcolcon.colcon_core.event_reactor[0m [1;30mDEBUG[0m [32mjoining thread[0m
[14.670s] [34mcolcon.colcon_core.plugin_system[0m [1;30mINFO[0m Skipping extension 'colcon_notification.desktop_notification.terminal_notifier': Not used on non-Darwin systems
[14.670s] [34mcolcon.colcon_core.plugin_system[0m [1;30mINFO[0m Skipping extension 'colcon_notification.desktop_notification.win32': Not used on non-Windows systems
[14.670s] [34mcolcon.colcon_notification.desktop_notification[0m [1;30mINFO[0m Sending desktop notification using 'notify2'
[15.024s] [34mcolcon.colcon_core.event_reactor[0m [1;30mDEBUG[0m [32mjoined thread[0m
[15.025s] [34mcolcon.colcon_core.shell[0m [1;30mINFO[0m Creating prefix script '/home/orangepi/ros2_workspace/NUEDC_H/automatic_aiming/install/local_setup.ps1'
[15.032s] [34mcolcon.colcon_core.shell[0m [1;30mINFO[0m Creating prefix util module '/home/orangepi/ros2_workspace/NUEDC_H/automatic_aiming/install/_local_setup_util_ps1.py'
[15.212s] [34mcolcon.colcon_core.shell[0m [1;30mINFO[0m Creating prefix chain script '/home/orangepi/ros2_workspace/NUEDC_H/automatic_aiming/install/setup.ps1'
[15.221s] [34mcolcon.colcon_core.shell[0m [1;30mINFO[0m Creating prefix script '/home/orangepi/ros2_workspace/NUEDC_H/automatic_aiming/install/local_setup.sh'
[15.227s] [34mcolcon.colcon_core.shell[0m [1;30mINFO[0m Creating prefix util module '/home/orangepi/ros2_workspace/NUEDC_H/automatic_aiming/install/_local_setup_util_sh.py'
[15.228s] [34mcolcon.colcon_core.shell[0m [1;30mINFO[0m Creating prefix chain script '/home/orangepi/ros2_workspace/NUEDC_H/automatic_aiming/install/setup.sh'
[18.619s] [34mcolcon.colcon_core.shell[0m [1;30mINFO[0m Creating prefix script '/home/orangepi/ros2_workspace/NUEDC_H/automatic_aiming/install/local_setup.bash'
[18.626s] [34mcolcon.colcon_core.shell[0m [1;30mINFO[0m Creating prefix chain script '/home/orangepi/ros2_workspace/NUEDC_H/automatic_aiming/install/setup.bash'
[18.635s] [34mcolcon.colcon_core.shell[0m [1;30mINFO[0m Creating prefix script '/home/orangepi/ros2_workspace/NUEDC_H/automatic_aiming/install/local_setup.zsh'
[18.642s] [34mcolcon.colcon_core.shell[0m [1;30mINFO[0m Creating prefix chain script '/home/orangepi/ros2_workspace/NUEDC_H/automatic_aiming/install/setup.zsh'
