[0.950s] Invoking command in '/home/orangepi/ros2_workspace/NUEDC_H/build/automatic_aiming': PYTHONPATH=/home/orangepi/ros2_workspace/NUEDC_H/build/automatic_aiming/prefix_override:/usr/lib/python3/dist-packages/colcon_core/task/python/colcon_distutils_commands:/home/orangepi/ros2_workspace/NUEDC_H/install/automatic_aiming/lib/python3.10/site-packages:${PYTHONPATH} /usr/bin/python3 -W ignore:setup.py install is deprecated -W ignore:easy_install command is deprecated setup.py develop --editable --build-directory /home/orangepi/ros2_workspace/NUEDC_H/build/automatic_aiming/build --no-deps symlink_data
[1.314s] running develop
[1.509s] running egg_info
[1.510s] writing automatic_aiming.egg-info/PKG-INFO
[1.510s] writing dependency_links to automatic_aiming.egg-info/dependency_links.txt
[1.516s] writing entry points to automatic_aiming.egg-info/entry_points.txt
[1.517s] writing requirements to automatic_aiming.egg-info/requires.txt
[1.518s] writing top-level names to automatic_aiming.egg-info/top_level.txt
[1.522s] reading manifest file 'automatic_aiming.egg-info/SOURCES.txt'
[1.523s] writing manifest file 'automatic_aiming.egg-info/SOURCES.txt'
[1.525s] running build_ext
[1.526s] Creating /home/orangepi/ros2_workspace/NUEDC_H/install/automatic_aiming/lib/python3.10/site-packages/automatic-aiming.egg-link (link to .)
[1.527s] Installing camera_publisher script to /home/orangepi/ros2_workspace/NUEDC_H/install/automatic_aiming/lib/automatic_aiming
[1.528s] Installing circle_point_calculator script to /home/orangepi/ros2_workspace/NUEDC_H/install/automatic_aiming/lib/automatic_aiming
[1.528s] Installing ekf_filter_node script to /home/orangepi/ros2_workspace/NUEDC_H/install/automatic_aiming/lib/automatic_aiming
[1.529s] Installing gimbal_controller script to /home/orangepi/ros2_workspace/NUEDC_H/install/automatic_aiming/lib/automatic_aiming
[1.529s] Installing laser_tuner script to /home/orangepi/ros2_workspace/NUEDC_H/install/automatic_aiming/lib/automatic_aiming
[1.529s] Installing main_controller script to /home/orangepi/ros2_workspace/NUEDC_H/install/automatic_aiming/lib/automatic_aiming
[1.530s] Installing target_detect script to /home/orangepi/ros2_workspace/NUEDC_H/install/automatic_aiming/lib/automatic_aiming
[1.530s] Installing test_node script to /home/orangepi/ros2_workspace/NUEDC_H/install/automatic_aiming/lib/automatic_aiming
[1.530s] Installing uart0_receiver script to /home/orangepi/ros2_workspace/NUEDC_H/install/automatic_aiming/lib/automatic_aiming
[1.531s] Installing uart0_sender script to /home/orangepi/ros2_workspace/NUEDC_H/install/automatic_aiming/lib/automatic_aiming
[1.531s] Installing uart1_receiver script to /home/orangepi/ros2_workspace/NUEDC_H/install/automatic_aiming/lib/automatic_aiming
[1.532s] Installing uart1_sender script to /home/orangepi/ros2_workspace/NUEDC_H/install/automatic_aiming/lib/automatic_aiming
[1.532s] Installing uart3_receiver script to /home/orangepi/ros2_workspace/NUEDC_H/install/automatic_aiming/lib/automatic_aiming
[1.532s] Installing uart3_sender script to /home/orangepi/ros2_workspace/NUEDC_H/install/automatic_aiming/lib/automatic_aiming
[1.533s] Installing warp_data_publisher script to /home/orangepi/ros2_workspace/NUEDC_H/install/automatic_aiming/lib/automatic_aiming
[1.533s] 
[1.534s] Installed /home/orangepi/ros2_workspace/NUEDC_H/build/automatic_aiming
[1.534s] running symlink_data
[1.590s] Invoked command in '/home/orangepi/ros2_workspace/NUEDC_H/build/automatic_aiming' returned '0': PYTHONPATH=/home/orangepi/ros2_workspace/NUEDC_H/build/automatic_aiming/prefix_override:/usr/lib/python3/dist-packages/colcon_core/task/python/colcon_distutils_commands:/home/orangepi/ros2_workspace/NUEDC_H/install/automatic_aiming/lib/python3.10/site-packages:${PYTHONPATH} /usr/bin/python3 -W ignore:setup.py install is deprecated -W ignore:easy_install command is deprecated setup.py develop --editable --build-directory /home/orangepi/ros2_workspace/NUEDC_H/build/automatic_aiming/build --no-deps symlink_data
