[1.380s] Invoking command in '/home/orangepi/ros2_workspace/code_buddy/NUEDC_H/build/automatic_aiming': PYTHONPATH=/home/orangepi/ros2_workspace/code_buddy/NUEDC_H/build/automatic_aiming/prefix_override:/usr/lib/python3/dist-packages/colcon_core/task/python/colcon_distutils_commands:/home/orangepi/ros2_workspace/code_buddy/NUEDC_H/install/automatic_aiming/lib/python3.10/site-packages:${PYTHONPATH} /usr/bin/python3 -W ignore:setup.py install is deprecated -W ignore:easy_install command is deprecated setup.py develop --editable --build-directory /home/orangepi/ros2_workspace/code_buddy/NUEDC_H/build/automatic_aiming/build --no-deps symlink_data
[1.728s] running develop
[1.916s] running egg_info
[1.917s] writing automatic_aiming.egg-info/PKG-INFO
[1.918s] writing dependency_links to automatic_aiming.egg-info/dependency_links.txt
[1.924s] writing entry points to automatic_aiming.egg-info/entry_points.txt
[1.926s] writing requirements to automatic_aiming.egg-info/requires.txt
[1.927s] writing top-level names to automatic_aiming.egg-info/top_level.txt
[1.930s] reading manifest file 'automatic_aiming.egg-info/SOURCES.txt'
[1.931s] writing manifest file 'automatic_aiming.egg-info/SOURCES.txt'
[1.933s] running build_ext
[1.934s] Creating /home/orangepi/ros2_workspace/code_buddy/NUEDC_H/install/automatic_aiming/lib/python3.10/site-packages/automatic-aiming.egg-link (link to .)
[1.934s] Installing camera_publisher script to /home/orangepi/ros2_workspace/code_buddy/NUEDC_H/install/automatic_aiming/lib/automatic_aiming
[1.935s] Installing main_controller script to /home/orangepi/ros2_workspace/code_buddy/NUEDC_H/install/automatic_aiming/lib/automatic_aiming
[1.935s] Installing speakr_node script to /home/orangepi/ros2_workspace/code_buddy/NUEDC_H/install/automatic_aiming/lib/automatic_aiming
[1.936s] Installing target_detect script to /home/orangepi/ros2_workspace/code_buddy/NUEDC_H/install/automatic_aiming/lib/automatic_aiming
[1.936s] Installing test_node script to /home/orangepi/ros2_workspace/code_buddy/NUEDC_H/install/automatic_aiming/lib/automatic_aiming
[1.937s] Installing uart0_receiver script to /home/orangepi/ros2_workspace/code_buddy/NUEDC_H/install/automatic_aiming/lib/automatic_aiming
[1.937s] Installing uart0_sender script to /home/orangepi/ros2_workspace/code_buddy/NUEDC_H/install/automatic_aiming/lib/automatic_aiming
[1.937s] Installing uart1_receiver script to /home/orangepi/ros2_workspace/code_buddy/NUEDC_H/install/automatic_aiming/lib/automatic_aiming
[1.938s] Installing uart1_sender script to /home/orangepi/ros2_workspace/code_buddy/NUEDC_H/install/automatic_aiming/lib/automatic_aiming
[1.939s] Installing uart3_receiver script to /home/orangepi/ros2_workspace/code_buddy/NUEDC_H/install/automatic_aiming/lib/automatic_aiming
[1.939s] Installing uart3_sender script to /home/orangepi/ros2_workspace/code_buddy/NUEDC_H/install/automatic_aiming/lib/automatic_aiming
[1.939s] 
[1.940s] Installed /home/orangepi/ros2_workspace/code_buddy/NUEDC_H/build/automatic_aiming
[1.940s] running symlink_data
[2.001s] Invoked command in '/home/orangepi/ros2_workspace/code_buddy/NUEDC_H/build/automatic_aiming' returned '0': PYTHONPATH=/home/orangepi/ros2_workspace/code_buddy/NUEDC_H/build/automatic_aiming/prefix_override:/usr/lib/python3/dist-packages/colcon_core/task/python/colcon_distutils_commands:/home/orangepi/ros2_workspace/code_buddy/NUEDC_H/install/automatic_aiming/lib/python3.10/site-packages:${PYTHONPATH} /usr/bin/python3 -W ignore:setup.py install is deprecated -W ignore:easy_install command is deprecated setup.py develop --editable --build-directory /home/orangepi/ros2_workspace/code_buddy/NUEDC_H/build/automatic_aiming/build --no-deps symlink_data
