[1.122s] Invoking command in '/home/orangepi/ros2_workspace/NUEDC_H/build/automatic_aiming': PYTHONPATH=/home/orangepi/ros2_workspace/NUEDC_H/build/automatic_aiming/prefix_override:/usr/lib/python3/dist-packages/colcon_core/task/python/colcon_distutils_commands:/home/orangepi/ros2_workspace/NUEDC_H/install/automatic_aiming/lib/python3.10/site-packages:${PYTHONPATH} /usr/bin/python3 -W ignore:setup.py install is deprecated -W ignore:easy_install command is deprecated setup.py develop --editable --build-directory /home/orangepi/ros2_workspace/NUEDC_H/build/automatic_aiming/build --no-deps symlink_data
[1.504s] running develop
[1.702s] running egg_info
[1.703s] writing automatic_aiming.egg-info/PKG-INFO
[1.703s] writing dependency_links to automatic_aiming.egg-info/dependency_links.txt
[1.709s] writing entry points to automatic_aiming.egg-info/entry_points.txt
[1.709s] writing requirements to automatic_aiming.egg-info/requires.txt
[1.710s] writing top-level names to automatic_aiming.egg-info/top_level.txt
[1.715s] reading manifest file 'automatic_aiming.egg-info/SOURCES.txt'
[1.718s] writing manifest file 'automatic_aiming.egg-info/SOURCES.txt'
[1.723s] running build_ext
[1.724s] Creating /home/orangepi/ros2_workspace/NUEDC_H/install/automatic_aiming/lib/python3.10/site-packages/automatic-aiming.egg-link (link to .)
[1.726s] Installing camera_publisher script to /home/orangepi/ros2_workspace/NUEDC_H/install/automatic_aiming/lib/automatic_aiming
[1.727s] Installing circle_point_calculator script to /home/orangepi/ros2_workspace/NUEDC_H/install/automatic_aiming/lib/automatic_aiming
[1.729s] Installing ekf_filter_node script to /home/orangepi/ros2_workspace/NUEDC_H/install/automatic_aiming/lib/automatic_aiming
[1.730s] Installing gimbal_controller script to /home/orangepi/ros2_workspace/NUEDC_H/install/automatic_aiming/lib/automatic_aiming
[1.730s] Installing laser_tuner script to /home/orangepi/ros2_workspace/NUEDC_H/install/automatic_aiming/lib/automatic_aiming
[1.730s] Installing main_controller script to /home/orangepi/ros2_workspace/NUEDC_H/install/automatic_aiming/lib/automatic_aiming
[1.731s] Installing target_detect script to /home/orangepi/ros2_workspace/NUEDC_H/install/automatic_aiming/lib/automatic_aiming
[1.731s] Installing test_node script to /home/orangepi/ros2_workspace/NUEDC_H/install/automatic_aiming/lib/automatic_aiming
[1.732s] Installing uart0_receiver script to /home/orangepi/ros2_workspace/NUEDC_H/install/automatic_aiming/lib/automatic_aiming
[1.732s] Installing uart0_sender script to /home/orangepi/ros2_workspace/NUEDC_H/install/automatic_aiming/lib/automatic_aiming
[1.732s] Installing uart1_receiver script to /home/orangepi/ros2_workspace/NUEDC_H/install/automatic_aiming/lib/automatic_aiming
[1.733s] Installing uart1_sender script to /home/orangepi/ros2_workspace/NUEDC_H/install/automatic_aiming/lib/automatic_aiming
[1.733s] Installing uart3_receiver script to /home/orangepi/ros2_workspace/NUEDC_H/install/automatic_aiming/lib/automatic_aiming
[1.734s] Installing uart3_sender script to /home/orangepi/ros2_workspace/NUEDC_H/install/automatic_aiming/lib/automatic_aiming
[1.734s] Installing warp_data_publisher script to /home/orangepi/ros2_workspace/NUEDC_H/install/automatic_aiming/lib/automatic_aiming
[1.734s] 
[1.735s] Installed /home/orangepi/ros2_workspace/NUEDC_H/build/automatic_aiming
[1.735s] running symlink_data
[1.789s] Invoked command in '/home/orangepi/ros2_workspace/NUEDC_H/build/automatic_aiming' returned '0': PYTHONPATH=/home/orangepi/ros2_workspace/NUEDC_H/build/automatic_aiming/prefix_override:/usr/lib/python3/dist-packages/colcon_core/task/python/colcon_distutils_commands:/home/orangepi/ros2_workspace/NUEDC_H/install/automatic_aiming/lib/python3.10/site-packages:${PYTHONPATH} /usr/bin/python3 -W ignore:setup.py install is deprecated -W ignore:easy_install command is deprecated setup.py develop --editable --build-directory /home/orangepi/ros2_workspace/NUEDC_H/build/automatic_aiming/build --no-deps symlink_data
